Log started on host: hsv-sc49 pid: 2894905 at: Tue Mar 19 15:23:35 2024

libxcrt IXCOM, V23.03.131.s001             (compiled with XCELIUM-22.09-s001, loaded with  XCELIUM-23.09-a071)

INFO: target platform:Z1, execution platform:Z1
--- xc status: @ simTime=0 FS, IN SOFTWARE MODE going to be IN TBRUN MODE, xt0, zt0.
--- xc status: @ simTime=0 FS, IN TBRUN MODE, xt0, zt0.
--- xc status: @ simTime=46924375 PS (End-Of-Simulation), IN TBRUN MODE, xt0, zt0.

=========================================================================
IXCOM Performance and Design Profile
-------------------------------------------------------------------------
--- Maximum HW operating speed (compiler fclk freq): 3069.20 KHz
--- HW executed total fclk cycles  (     6352200 ) : time = 2.07 sec, (cfclks/fclks: 4.83%)
--- Clocking Mode: Default (2X).

--- HW execution command line session time: 2.29 sec (1.81 CPU sec)

--- HW execution wall clock time          : 2.29 sec (1.81 CPU sec)
--- HW execution emulator busy time       : 0.10 sec (4.37%)

--- Simulation acceleration speed achieved: 32.80 KHz (32797.47 evals/sec)

--- HW executed
    --     306837 ECM controlled fclk cycles      @ 134.04 KHz (134038.50 cfclks/sec)
    --      75079 Eval (or sim-timestep) cycles   @ 32.80 KHz (32797.47 evals/sec)


--- Total number of HW-SW Synchronizations(tbSyncs) : 78338 (0.96 evals/tbSync)
    |-- Synchronizations due to tbcalls(tbcallSyncs): 78337 (0.96 evals/tbcallSync)


--- xc Profile: (%)
	    47.99          SW-SIM (Elapsed: 1.10 sec)
	                    |----  MARG (5.88 %, 0.06 sec)

	    47.45    HW-EMU-TBRUN (Elapsed: 1.09 sec)

	     4.56         XCRT-OH (Elapsed: 0.10 sec)


	--- SW-SIM     : TB and TBCall execution in sw simulator.
	--- HW-EMU     : HW evaluations and Synchronization Latency.
	--- XCRT-OH    : IXCOM runtime overhead.


--- Primary Inputs  (bits): INPUT(176) FORCE(0)DEPOSIT(4 :dut=2 + dpi=2 + ixcom=0).
--- Primary Outputs (bits): OUTPUT(246 :dut=176  dpi=68 + ixcom=2).
=========================================================================

=========================================================================
--- Synchronizations due to TB/DPI/SVA/SysTask calls (tbcallSyncs): 78337.

-------------------------------------------------------------------------
	TBCALL statistics: 3258 tb-calls
-------------------------------------------------------------------------
     Count Scope
-------------------------------------------------------------------------
      3258 IXC_GFIFO.OSF.OSF_flushAll
              Loc: (/lan/cva_rel/ixcom23h1/23.03.131.s001/tools.lnx86/etc/ixcom/IXCSF.sv, 268)


-------------------------------------------------------------------------
    Synchronous task and function call profile, Total #calls = 3258
-------------------------------------------------------------------------
     Count Scope
-------------------------------------------------------------------------
      1970 kme_tb.apb_xactor.write (task, tb_export:tb_mem, iArgW=96, oArgW=8)
              Total life-time = 0.97 sec,  Loc:(/home/ibarry/Project-Zipline-master/dv/agents/apb/apb_xactor.v, 48)

      1288 kme_tb.apb_xactor.read (task, tb_export:tb_mem, iArgW=64, oArgW=40)
              Total life-time = 0.68 sec,  Loc:(/home/ibarry/Project-Zipline-master/dv/agents/apb/apb_xactor.v, 81)

=========================================================================

=========================================================================
	Memory Read statistics: 3271 mem reads
-------------------------------------------------------------------------
         Count           Bytes            sec     MB/sec  Name
-------------------------------------------------------------------------
          3271           18236         0.0468      0.390  IXCOM Generated Internal Memories
-------------------------------------------------------------------------
---       3271           18236         0.0468      0.390  Total
-------------------------------------------------------------------------


	Memory Writes statistics: 3258 mem writes
-------------------------------------------------------------------------
         Count           Bytes            sec     MB/sec  Name
-------------------------------------------------------------------------
          3258           83648         0.0308      2.715  IXCOM Generated Internal Memories
-------------------------------------------------------------------------
---       3258           83648         0.0308      2.715  Total
=========================================================================

=========================================================================
	Output event statistics: 111311 output events
-------------------------------------------------------------------------
     Count Name
-------------------------------------------------------------------------
     75079 kme_tb.kme_dut.clock_1
      6516 kme_tb.apb_xactor.psel
      6516 kme_tb.apb_xactor.penable
      6516 kme_tb.apb_xactor.paddr
      6516 kme_tb.kme_dut.apb_pready
      3940 kme_tb.apb_xactor.pwrite
      3650 kme_tb.apb_xactor.pwdata
      2566 kme_tb.kme_dut.apb_prdata
         4 kme_tb.kme_dut.kme_cceip0_ob_tvalid
         3 kme_tb.kme_dut.kme_cceip0_ob_tuser
         3 kme_tb.kme_dut.kme_cceip0_ob_tdata
         1 kme_tb.kme_dut.kme_cceip0_ob_tlast
         1 kme_tb.kme_dut.kme_cceip0_ob_tstrb
=========================================================================


=========================================================================
	Input event statistics: 186258 Input events
-------------------------------------------------------------------------
     Count Name
-------------------------------------------------------------------------
     75078 kme_tb.apb_xactor.clk (SA clock)
      6517 kme_tb.kme_dut.apb_psel
      6517 kme_tb.kme_dut.apb_penable
      6516 kme_tb.apb_xactor.pready
      6237 kme_tb.kme_dut.apb_paddr(8)
      6205 kme_tb.kme_dut.apb_paddr(7)
      5795 kme_tb.kme_dut.apb_paddr(4)
      3941 kme_tb.kme_dut.apb_pwrite
      3831 kme_tb.kme_dut.apb_paddr(3)
      3331 kme_tb.kme_dut.apb_paddr(2)
      3023 kme_tb.kme_dut.apb_paddr(5)
      1936 kme_tb.apb_xactor.prdata(9)
      1922 kme_tb.apb_xactor.prdata(0)
      1920 kme_tb.apb_xactor.prdata(1)
      1918 kme_tb.apb_xactor.prdata(2)
      1912 kme_tb.apb_xactor.prdata(10)
      1902 kme_tb.apb_xactor.prdata(3)
      1890 kme_tb.apb_xactor.prdata(4)
      1856 kme_tb.apb_xactor.prdata(7)
      1851 kme_tb.kme_dut.apb_pwdata(29)
      1844 kme_tb.apb_xactor.prdata(6)
      1810 kme_tb.apb_xactor.prdata(13)
      1808 kme_tb.apb_xactor.prdata(5)
      1804 kme_tb.apb_xactor.prdata(8)
      1750 kme_tb.apb_xactor.prdata(11)
      1669 kme_tb.kme_dut.apb_pwdata(9)
      1626 kme_tb.apb_xactor.prdata(12)
      1559 kme_tb.kme_dut.apb_pwdata(3)
      1553 kme_tb.kme_dut.apb_pwdata(1)
      1449 kme_tb.kme_dut.apb_pwdata(2)
      1381 kme_tb.kme_dut.apb_pwdata(31)
      1365 kme_tb.kme_dut.apb_pwdata(10)
      1345 kme_tb.kme_dut.apb_pwdata(11)
      1305 kme_tb.kme_dut.apb_pwdata(4)
      1278 kme_tb.apb_xactor.prdata(29)
      1269 kme_tb.kme_dut.apb_pwdata(8)
      1235 kme_tb.kme_dut.apb_pwdata(7)
      1234 kme_tb.apb_xactor.prdata(24)
      1223 kme_tb.kme_dut.apb_pwdata(6)
      1127 kme_tb.kme_dut.apb_pwdata(28)
      1117 kme_tb.kme_dut.apb_pwdata(0)
      1099 kme_tb.kme_dut.apb_pwdata(5)
      1081 kme_tb.kme_dut.apb_pwdata(13)
       913 kme_tb.kme_dut.apb_pwdata(26)
       835 kme_tb.kme_dut.apb_pwdata(12)
       752 kme_tb.apb_xactor.prdata(14)
       617 kme_tb.kme_dut.apb_pwdata(27)
       565 kme_tb.kme_dut.apb_pwdata(25)
       553 kme_tb.kme_dut.apb_pwdata(17)
       549 kme_tb.kme_dut.apb_pwdata(30)
       539 kme_tb.kme_dut.apb_pwdata(19)
       507 kme_tb.kme_dut.apb_pwdata(14)
       361 kme_tb.kme_dut.apb_pwdata(15)
       357 kme_tb.kme_dut.apb_pwdata(18)
       341 kme_tb.kme_dut.apb_pwdata(16)
       341 kme_tb.kme_dut.apb_pwdata(21)
       339 kme_tb.kme_dut.apb_pwdata(24)
       303 kme_tb.kme_dut.apb_pwdata(22)
       301 kme_tb.kme_dut.apb_pwdata(23)
       297 kme_tb.kme_dut.apb_paddr(6)
       283 kme_tb.kme_dut.apb_pwdata(20)
       217 kme_tb.kme_dut.apb_paddr(10)
       131 kme_tb.kme_dut.apb_paddr(9)
         6 kme_tb.apb_xactor.prdata(28)
         5 kme_tb.kme_dut.kme_ib_tuser(0)
         4 kme_tb.kme_dut.kme_ib_tuser(1)
         3 kme_tb.kme_dut.kme_ib_tvalid
         3 kme_tb.kme_dut.kme_ib_tlast
         3 kme_tb.kme_dut.kme_ib_tdata(0)
         3 kme_tb.kme_dut.kme_ib_tdata(2)
         3 kme_tb.kme_dut.kme_ib_tdata(4)
         3 kme_tb.kme_dut.kme_ib_tdata(60)
         3 kme_tb.kme_dut.kme_ib_tdata(62)
         2 kme_tb.kme_dut.kme_ib_tstrb(0)
         2 kme_tb.kme_dut.kme_ib_tstrb(1)
         2 kme_tb.kme_dut.kme_ib_tstrb(2)
         2 kme_tb.kme_dut.kme_ib_tstrb(3)
         2 kme_tb.kme_dut.kme_ib_tstrb(4)
         2 kme_tb.kme_dut.kme_ib_tstrb(5)
         2 kme_tb.kme_dut.kme_ib_tstrb(6)
         2 kme_tb.kme_dut.kme_ib_tstrb(7)
         1 kme_tb.apb_xactor.reset_n
         1 kme_tb.kme_dut.rst_n
         1 kme_tb.kme_dut.kme_ib_tid
         1 kme_tb.kme_dut.kme_ib_tuser(2)
         1 kme_tb.kme_dut.kme_ib_tuser(3)
         1 kme_tb.kme_dut.kme_ib_tuser(4)
         1 kme_tb.kme_dut.kme_ib_tuser(5)
         1 kme_tb.kme_dut.kme_ib_tuser(6)
         1 kme_tb.kme_dut.kme_ib_tuser(7)
         1 kme_tb.kme_dut.kme_ib_tdata(1)
         1 kme_tb.kme_dut.kme_ib_tdata(3)
         1 kme_tb.kme_dut.kme_ib_tdata(5)
         1 kme_tb.kme_dut.kme_ib_tdata(6)
         1 kme_tb.kme_dut.kme_ib_tdata(7)
         1 kme_tb.kme_dut.kme_ib_tdata(8)
         1 kme_tb.kme_dut.kme_ib_tdata(9)
         1 kme_tb.kme_dut.kme_ib_tdata(10)
         1 kme_tb.kme_dut.kme_ib_tdata(11)
         1 kme_tb.kme_dut.kme_ib_tdata(12)
         1 kme_tb.kme_dut.kme_ib_tdata(13)
         1 kme_tb.kme_dut.kme_ib_tdata(14)
         1 kme_tb.kme_dut.kme_ib_tdata(15)
         1 kme_tb.kme_dut.kme_ib_tdata(16)
         1 kme_tb.kme_dut.kme_ib_tdata(17)
         1 kme_tb.kme_dut.kme_ib_tdata(18)
         1 kme_tb.kme_dut.kme_ib_tdata(19)
         1 kme_tb.kme_dut.kme_ib_tdata(20)
         1 kme_tb.kme_dut.kme_ib_tdata(21)
         1 kme_tb.kme_dut.kme_ib_tdata(22)
         1 kme_tb.kme_dut.kme_ib_tdata(23)
         1 kme_tb.kme_dut.kme_ib_tdata(24)
         1 kme_tb.kme_dut.kme_ib_tdata(25)
         1 kme_tb.kme_dut.kme_ib_tdata(26)
         1 kme_tb.kme_dut.kme_ib_tdata(27)
         1 kme_tb.kme_dut.kme_ib_tdata(28)
         1 kme_tb.kme_dut.kme_ib_tdata(29)
         1 kme_tb.kme_dut.kme_ib_tdata(30)
         1 kme_tb.kme_dut.kme_ib_tdata(31)
         1 kme_tb.kme_dut.kme_ib_tdata(32)
         1 kme_tb.kme_dut.kme_ib_tdata(33)
         1 kme_tb.kme_dut.kme_ib_tdata(34)
         1 kme_tb.kme_dut.kme_ib_tdata(35)
         1 kme_tb.kme_dut.kme_ib_tdata(36)
         1 kme_tb.kme_dut.kme_ib_tdata(37)
         1 kme_tb.kme_dut.kme_ib_tdata(38)
         1 kme_tb.kme_dut.kme_ib_tdata(39)
         1 kme_tb.kme_dut.kme_ib_tdata(40)
         1 kme_tb.kme_dut.kme_ib_tdata(41)
         1 kme_tb.kme_dut.kme_ib_tdata(42)
         1 kme_tb.kme_dut.kme_ib_tdata(43)
         1 kme_tb.kme_dut.kme_ib_tdata(44)
         1 kme_tb.kme_dut.kme_ib_tdata(45)
         1 kme_tb.kme_dut.kme_ib_tdata(46)
         1 kme_tb.kme_dut.kme_ib_tdata(47)
         1 kme_tb.kme_dut.kme_ib_tdata(48)
         1 kme_tb.kme_dut.kme_ib_tdata(49)
         1 kme_tb.kme_dut.kme_ib_tdata(50)
         1 kme_tb.kme_dut.kme_ib_tdata(51)
         1 kme_tb.kme_dut.kme_ib_tdata(52)
         1 kme_tb.kme_dut.kme_ib_tdata(53)
         1 kme_tb.kme_dut.kme_ib_tdata(54)
         1 kme_tb.kme_dut.kme_ib_tdata(55)
         1 kme_tb.kme_dut.kme_ib_tdata(56)
         1 kme_tb.kme_dut.kme_ib_tdata(57)
         1 kme_tb.kme_dut.kme_ib_tdata(58)
         1 kme_tb.kme_dut.kme_ib_tdata(59)
         1 kme_tb.kme_dut.kme_ib_tdata(61)
         1 kme_tb.kme_dut.kme_ib_tdata(63)
         1 kme_tb.kme_dut.kme_cceip0_ob_tready
         1 kme_tb.kme_dut.apb_paddr(0)
         1 kme_tb.kme_dut.apb_paddr(1)
         1 kme_tb.kme_dut.apb_paddr(11)
         1 kme_tb.kme_dut.apb_paddr(12)
         1 kme_tb.kme_dut.apb_paddr(13)
         1 kme_tb.kme_dut.apb_paddr(14)
         1 kme_tb.kme_dut.apb_paddr(15)
=========================================================================


xcProfiler report generated on: Tue Mar 19 15:24:10 2024

=========================================================================

--- pollEmu PO usec: avg:9.10, max:17339.11, min:0.96 #polls:78339 (>1ms 1), tot:0.71s
======================================================
	get resource usage report
------------------------------------------------------
user time used: 1.81 sec
system time used: 0.03 sec
maximum resident set size: 758344 (3552)
integral shared memory size: 0
integral unshared data size: 0
integral unshared stack size: 0
page reclaims: 910
page faults: 0
swaps: 0
block input operations: 0
block output operations: 1432
messages sent: 0
messages received: 0
signals received: 0
voluntary context switches: 167
involuntary context switches: 6
======================================================

================= xcib statistics ====================
                   UART     BYPASS           
      thread      count      count   cpu time
--------------------------------------------------------
        main          0          0       2.23
--------------------------------------------------------

xcmempio = 0.

Log end: Tue Mar 19 15:24:10 2024

