Operating system: Linux
                  0.0.0 Linux 4.18.0-305.el8.x86_64 #1 SMP Thu Apr 29 08:54:30 EDT 2021 x86_64
CPU: amd64
     family 6 model 63 stepping 4
     1 CPU

GPU: UNKNOWN

Crash reason:  DUMP_REQUESTED
Crash address: 0x14f2fe534406
Process uptime: not available

Thread 0 (crashed)
 0  libcbreakpad.so + 0x36406
    rax = 0x0000000000000007   rdx = 0x0000000000000000
    rcx = 0x000014f2fe532cb2   rbx = 0x000014f2f3ea11a0
    rsi = 0x0000000000000001   rdi = 0x000014f2f3ea0b28
    rbp = 0x000014f2f3ea10e0   rsp = 0x000014f2f3ea0a90
     r8 = 0x0000000000000000    r9 = 0x0000000000000000
    r10 = 0x000014f2f3ea0ca8   r11 = 0x0000000000000000
    r12 = 0x000000000e341820   r13 = 0x00000000032d7f60
    r14 = 0x000014f2f3ea1120   r15 = 0x000014f2fe5e0ef0
    rip = 0x000014f2fe534406
    Found by: given as instruction pointer in context
 1  libcbreakpad.so + 0x34672
    rbp = 0x000014f2f3ea1230   rsp = 0x000014f2f3ea10f0
    rip = 0x000014f2fe532672
    Found by: previous frame's frame pointer
 2  libc-2.28.so + 0x59008
    rbp = 0x000014f2f3ea1230   rsp = 0x000014f2f3ea1140
    rip = 0x000014f2fe5c8008
    Found by: stack scanning
 3  xmsim + 0x2467eef
    rbp = 0x000014f2f3ea1230   rsp = 0x000014f2f3ea1168
    rip = 0x0000000002867eef
    Found by: stack scanning
 4  xmsim + 0x292526e
    rbp = 0x000014f2f3ea1230   rsp = 0x000014f2f3ea1180
    rip = 0x0000000002d2526e
    Found by: stack scanning
 5  libc-2.28.so + 0x180580
    rbp = 0x000014f2f3ea1230   rsp = 0x000014f2f3ea1190
    rip = 0x000014f2fe6ef580
    Found by: stack scanning
 6  xmsim + 0x179181a
    rsp = 0x000014f2f3ea1240   rip = 0x0000000001b9181a
    Found by: stack scanning
 7  xmsim + 0xbf0000
    rsp = 0x000014f2f3ea1250   rip = 0x0000000000ff0000
    Found by: stack scanning
 8  xmsim + 0x57f60
    rsp = 0x000014f2f3ea1260   rip = 0x00000000032d7f60
    Found by: stack scanning
 9  xmsim + 0x57f60
    rsp = 0x000014f2f3ea1268   rip = 0x00000000032d7f60
    Found by: stack scanning
10  ld-2.28.so + 0xa11c
    rsp = 0x000014f2f3ea1340   rip = 0x000014f2ff0e411c
    Found by: stack scanning
11  libc-2.28.so + 0xed694
    rsp = 0x000014f2f3ea1380   rip = 0x000014f2fe65c694
    Found by: stack scanning
12  xmsim + 0x23fa312
    rsp = 0x000014f2f3ea1468   rip = 0x00000000027fa312
    Found by: stack scanning
13  xmsim + 0x1791d55
    rsp = 0x000014f2f3ea1480   rip = 0x0000000001b91d55
    Found by: stack scanning
14  xmsim + 0x23fa312
    rsp = 0x000014f2f3ea14b0   rip = 0x00000000027fa312
    Found by: stack scanning
15  libpthread-2.28.so + 0x124b6
    rsp = 0x000014f2f3ea14e0   rip = 0x000014f2feecc4b6
    Found by: stack scanning
16  ld-2.28.so + 0x21d0
    rsp = 0x000014f2f3ea1500   rip = 0x000014f2ff3081d0
    Found by: stack scanning
17  xmsim + 0xf51d26
    rsp = 0x000014f2f3ea1510   rip = 0x0000000001351d26
    Found by: stack scanning
18  xmsim + 0x23fa312
    rsp = 0x000014f2f3ea1540   rip = 0x00000000027fa312
    Found by: stack scanning
19  xmsim + 0x8be9df
    rsp = 0x000014f2f3ea1560   rip = 0x0000000000cbe9df
    Found by: stack scanning

Thread 1
 0  libpthread-2.28.so + 0xe64a
    rax = 0xfffffffffffffdfc   rdx = 0x0000000000000000
    rcx = 0x000014f2feec864a   rbx = 0x000014f2fc4f5670
    rsi = 0x0000000000000189   rdi = 0x000014f2fc4f5698
    rbp = 0x0000000000000000   rsp = 0x000014f28c6a9580
     r8 = 0x0000000000000000    r9 = 0x00000000ffffffff
    r10 = 0x000014f28c6a96f0   r11 = 0x0000000000000246
    r12 = 0x000014f2fc4f5648   r13 = 0x000014f2fc4f5698
    r14 = 0x000014f28c6a96f0   r15 = 0x0000000000000000
    rip = 0x000014f2feec864a
    Found by: given as instruction pointer in context
 1  libpthread-2.28.so + 0xe070
    rsp = 0x000014f28c6a95e8   rip = 0x000014f2feec8070
    Found by: stack scanning
 2  xmsim + 0x250060
    rsp = 0x000014f28c6a9660   rip = 0x0000000000650060
    Found by: stack scanning
 3  libsideFile_xlm.so + 0xdda97
    rsp = 0x000014f28c6a9670   rip = 0x000014f2fc4b9a97
    Found by: stack scanning
 4  libdbgutil_xlm.so + 0xc6e40
    rsp = 0x000014f28c6a96b8   rip = 0x000014f2fc1f5e40
    Found by: stack scanning
 5  libstdc++.so.6.0.28 + 0xcfb10
    rsp = 0x000014f28c6a9760   rip = 0x000014f2ff1f9b10
    Found by: stack scanning
 6  libpthread-2.28.so + 0x814a
    rsp = 0x000014f28c6a9780   rip = 0x000014f2feec214a
    Found by: stack scanning
 7  libc-2.28.so + 0xfcdc3
    rsp = 0x000014f28c6a9840   rip = 0x000014f2fe66bdc3
    Found by: stack scanning

Thread 2
 0  libpthread-2.28.so + 0xe64a
    rax = 0xfffffffffffffdfc   rdx = 0x0000000000000000
    rcx = 0x000014f2feec864a   rbx = 0x000014f2fc4f5670
    rsi = 0x0000000000000189   rdi = 0x000014f2fc4f5698
    rbp = 0x0000000000000000   rsp = 0x000014f287ffd580
     r8 = 0x0000000000000000    r9 = 0x00000000ffffffff
    r10 = 0x000014f287ffd6f0   r11 = 0x0000000000000246
    r12 = 0x000014f2fc4f5648   r13 = 0x000014f2fc4f5698
    r14 = 0x000014f287ffd6f0   r15 = 0x0000000000000000
    rip = 0x000014f2feec864a
    Found by: given as instruction pointer in context
 1  libpthread-2.28.so + 0xe070
    rsp = 0x000014f287ffd5e8   rip = 0x000014f2feec8070
    Found by: stack scanning
 2  xmsim + 0x250060
    rsp = 0x000014f287ffd660   rip = 0x0000000000650060
    Found by: stack scanning
 3  libsideFile_xlm.so + 0xdda97
    rsp = 0x000014f287ffd670   rip = 0x000014f2fc4b9a97
    Found by: stack scanning
 4  libdbgutil_xlm.so + 0xc6e40
    rsp = 0x000014f287ffd6b8   rip = 0x000014f2fc1f5e40
    Found by: stack scanning
 5  libstdc++.so.6.0.28 + 0xcfb10
    rsp = 0x000014f287ffd760   rip = 0x000014f2ff1f9b10
    Found by: stack scanning
 6  libpthread-2.28.so + 0x814a
    rsp = 0x000014f287ffd780   rip = 0x000014f2feec214a
    Found by: stack scanning
 7  libc-2.28.so + 0xfcdc3
    rsp = 0x000014f287ffd840   rip = 0x000014f2fe66bdc3
    Found by: stack scanning

Thread 3
 0  libpthread-2.28.so + 0xe64a
    rax = 0xfffffffffffffdfc   rdx = 0x0000000000000000
    rcx = 0x000014f2feec864a   rbx = 0x000014f2fc4f5670
    rsi = 0x0000000000000189   rdi = 0x000014f2fc4f5698
    rbp = 0x0000000000000000   rsp = 0x000014f28c4a8580
     r8 = 0x0000000000000000    r9 = 0x00000000ffffffff
    r10 = 0x000014f28c4a86f0   r11 = 0x0000000000000246
    r12 = 0x000014f2fc4f5648   r13 = 0x000014f2fc4f5698
    r14 = 0x000014f28c4a86f0   r15 = 0x0000000000000000
    rip = 0x000014f2feec864a
    Found by: given as instruction pointer in context
 1  libpthread-2.28.so + 0xe070
    rsp = 0x000014f28c4a85e8   rip = 0x000014f2feec8070
    Found by: stack scanning
 2  xmsim + 0x250060
    rsp = 0x000014f28c4a8660   rip = 0x0000000000650060
    Found by: stack scanning
 3  libsideFile_xlm.so + 0xdda97
    rsp = 0x000014f28c4a8670   rip = 0x000014f2fc4b9a97
    Found by: stack scanning
 4  libdbgutil_xlm.so + 0xc6e40
    rsp = 0x000014f28c4a86b8   rip = 0x000014f2fc1f5e40
    Found by: stack scanning
 5  libstdc++.so.6.0.28 + 0xcfb10
    rsp = 0x000014f28c4a8760   rip = 0x000014f2ff1f9b10
    Found by: stack scanning
 6  libpthread-2.28.so + 0x814a
    rsp = 0x000014f28c4a8780   rip = 0x000014f2feec214a
    Found by: stack scanning
 7  libc-2.28.so + 0xfcdc3
    rsp = 0x000014f28c4a8840   rip = 0x000014f2fe66bdc3
    Found by: stack scanning

Thread 4
 0  libpthread-2.28.so + 0xe64a
    rax = 0xfffffffffffffdfc   rdx = 0x0000000000000000
    rcx = 0x000014f2feec864a   rbx = 0x000014f2fc4f5670
    rsi = 0x0000000000000189   rdi = 0x000014f2fc4f5698
    rbp = 0x0000000000000000   rsp = 0x000014f28c2a7580
     r8 = 0x0000000000000000    r9 = 0x00000000ffffffff
    r10 = 0x000014f28c2a76f0   r11 = 0x0000000000000246
    r12 = 0x000014f2fc4f5648   r13 = 0x000014f2fc4f5698
    r14 = 0x000014f28c2a76f0   r15 = 0x0000000000000000
    rip = 0x000014f2feec864a
    Found by: given as instruction pointer in context
 1  libpthread-2.28.so + 0xe070
    rsp = 0x000014f28c2a75e8   rip = 0x000014f2feec8070
    Found by: stack scanning
 2  xmsim + 0x250060
    rsp = 0x000014f28c2a7660   rip = 0x0000000000650060
    Found by: stack scanning
 3  libsideFile_xlm.so + 0xdda97
    rsp = 0x000014f28c2a7670   rip = 0x000014f2fc4b9a97
    Found by: stack scanning
 4  libdbgutil_xlm.so + 0xc6e40
    rsp = 0x000014f28c2a76b8   rip = 0x000014f2fc1f5e40
    Found by: stack scanning
 5  libstdc++.so.6.0.28 + 0xcfb10
    rsp = 0x000014f28c2a7760   rip = 0x000014f2ff1f9b10
    Found by: stack scanning
 6  libpthread-2.28.so + 0x814a
    rsp = 0x000014f28c2a7780   rip = 0x000014f2feec214a
    Found by: stack scanning
 7  libc-2.28.so + 0xfcdc3
    rsp = 0x000014f28c2a7840   rip = 0x000014f2fe66bdc3
    Found by: stack scanning

Thread 5
 0  libpthread-2.28.so + 0xe64a
    rax = 0xfffffffffffffdfc   rdx = 0x0000000000000000
    rcx = 0x000014f2feec864a   rbx = 0x000014f2fc4f5670
    rsi = 0x0000000000000189   rdi = 0x000014f2fc4f5698
    rbp = 0x0000000000000000   rsp = 0x000014f287dfc580
     r8 = 0x0000000000000000    r9 = 0x00000000ffffffff
    r10 = 0x000014f287dfc6f0   r11 = 0x0000000000000246
    r12 = 0x000014f2fc4f5648   r13 = 0x000014f2fc4f5698
    r14 = 0x000014f287dfc6f0   r15 = 0x0000000000000000
    rip = 0x000014f2feec864a
    Found by: given as instruction pointer in context
 1  libpthread-2.28.so + 0xe070
    rsp = 0x000014f287dfc5e8   rip = 0x000014f2feec8070
    Found by: stack scanning
 2  xmsim + 0x250060
    rsp = 0x000014f287dfc660   rip = 0x0000000000650060
    Found by: stack scanning
 3  libsideFile_xlm.so + 0xdda97
    rsp = 0x000014f287dfc670   rip = 0x000014f2fc4b9a97
    Found by: stack scanning
 4  libdbgutil_xlm.so + 0xc6e40
    rsp = 0x000014f287dfc6b8   rip = 0x000014f2fc1f5e40
    Found by: stack scanning
 5  libstdc++.so.6.0.28 + 0xcfb10
    rsp = 0x000014f287dfc760   rip = 0x000014f2ff1f9b10
    Found by: stack scanning
 6  libpthread-2.28.so + 0x814a
    rsp = 0x000014f287dfc780   rip = 0x000014f2feec214a
    Found by: stack scanning
 7  libc-2.28.so + 0xfcdc3
    rsp = 0x000014f287dfc840   rip = 0x000014f2fe66bdc3
    Found by: stack scanning

Thread 6
 0  libpthread-2.28.so + 0xe64a
    rax = 0xfffffffffffffdfc   rdx = 0x0000000000000000
    rcx = 0x000014f2feec864a   rbx = 0x000014f2fc4f5670
    rsi = 0x0000000000000189   rdi = 0x000014f2fc4f5698
    rbp = 0x0000000000000000   rsp = 0x000014f287bfb580
     r8 = 0x0000000000000000    r9 = 0x00000000ffffffff
    r10 = 0x000014f287bfb6f0   r11 = 0x0000000000000246
    r12 = 0x000014f2fc4f5648   r13 = 0x000014f2fc4f5698
    r14 = 0x000014f287bfb6f0   r15 = 0x0000000000000000
    rip = 0x000014f2feec864a
    Found by: given as instruction pointer in context
 1  libpthread-2.28.so + 0xe070
    rsp = 0x000014f287bfb5e8   rip = 0x000014f2feec8070
    Found by: stack scanning
 2  xmsim + 0x250060
    rsp = 0x000014f287bfb660   rip = 0x0000000000650060
    Found by: stack scanning
 3  libsideFile_xlm.so + 0xdda97
    rsp = 0x000014f287bfb670   rip = 0x000014f2fc4b9a97
    Found by: stack scanning
 4  libdbgutil_xlm.so + 0xc6e40
    rsp = 0x000014f287bfb6b8   rip = 0x000014f2fc1f5e40
    Found by: stack scanning
 5  libstdc++.so.6.0.28 + 0xcfb10
    rsp = 0x000014f287bfb760   rip = 0x000014f2ff1f9b10
    Found by: stack scanning
 6  libpthread-2.28.so + 0x814a
    rsp = 0x000014f287bfb780   rip = 0x000014f2feec214a
    Found by: stack scanning
 7  libc-2.28.so + 0xfcdc3
    rsp = 0x000014f287bfb840   rip = 0x000014f2fe66bdc3
    Found by: stack scanning

Thread 7
 0  libpthread-2.28.so + 0xe64a
    rax = 0xfffffffffffffdfc   rdx = 0x0000000000000000
    rcx = 0x000014f2feec864a   rbx = 0x000014f2fc4f5670
    rsi = 0x0000000000000189   rdi = 0x000014f2fc4f5698
    rbp = 0x0000000000000000   rsp = 0x000014f2879fa580
     r8 = 0x0000000000000000    r9 = 0x00000000ffffffff
    r10 = 0x000014f2879fa6f0   r11 = 0x0000000000000246
    r12 = 0x000014f2fc4f5648   r13 = 0x000014f2fc4f5698
    r14 = 0x000014f2879fa6f0   r15 = 0x0000000000000000
    rip = 0x000014f2feec864a
    Found by: given as instruction pointer in context
 1  libpthread-2.28.so + 0xe070
    rsp = 0x000014f2879fa5e8   rip = 0x000014f2feec8070
    Found by: stack scanning
 2  xmsim + 0x250060
    rsp = 0x000014f2879fa660   rip = 0x0000000000650060
    Found by: stack scanning
 3  libsideFile_xlm.so + 0xdda97
    rsp = 0x000014f2879fa670   rip = 0x000014f2fc4b9a97
    Found by: stack scanning
 4  libdbgutil_xlm.so + 0xc6e40
    rsp = 0x000014f2879fa6b8   rip = 0x000014f2fc1f5e40
    Found by: stack scanning
 5  libstdc++.so.6.0.28 + 0xcfb10
    rsp = 0x000014f2879fa760   rip = 0x000014f2ff1f9b10
    Found by: stack scanning
 6  libpthread-2.28.so + 0x814a
    rsp = 0x000014f2879fa780   rip = 0x000014f2feec214a
    Found by: stack scanning
 7  libc-2.28.so + 0xfcdc3
    rsp = 0x000014f2879fa840   rip = 0x000014f2fe66bdc3
    Found by: stack scanning

Thread 8
 0  libpthread-2.28.so + 0xe64a
    rax = 0xfffffffffffffdfc   rdx = 0x0000000000000000
    rcx = 0x000014f2feec864a   rbx = 0x000014f2fc4f5670
    rsi = 0x0000000000000189   rdi = 0x000014f2fc4f5698
    rbp = 0x0000000000000000   rsp = 0x000014f2877f9580
     r8 = 0x0000000000000000    r9 = 0x00000000ffffffff
    r10 = 0x000014f2877f96f0   r11 = 0x0000000000000246
    r12 = 0x000014f2fc4f5648   r13 = 0x000014f2fc4f5698
    r14 = 0x000014f2877f96f0   r15 = 0x0000000000000000
    rip = 0x000014f2feec864a
    Found by: given as instruction pointer in context
 1  libpthread-2.28.so + 0xe070
    rsp = 0x000014f2877f95e8   rip = 0x000014f2feec8070
    Found by: stack scanning
 2  xmsim + 0x250060
    rsp = 0x000014f2877f9660   rip = 0x0000000000650060
    Found by: stack scanning
 3  libsideFile_xlm.so + 0xdda97
    rsp = 0x000014f2877f9670   rip = 0x000014f2fc4b9a97
    Found by: stack scanning
 4  libstdc++.so.6.0.28 + 0xcfb10
    rsp = 0x000014f2877f9760   rip = 0x000014f2ff1f9b10
    Found by: stack scanning
 5  libpthread-2.28.so + 0x814a
    rsp = 0x000014f2877f9780   rip = 0x000014f2feec214a
    Found by: stack scanning
 6  libc-2.28.so + 0xfcdc3
    rsp = 0x000014f2877f9840   rip = 0x000014f2fe66bdc3
    Found by: stack scanning

Thread 9
 0  libpthread-2.28.so + 0xe64a
    rax = 0xfffffffffffffdfc   rdx = 0x0000000000000000
    rcx = 0x000014f2feec864a   rbx = 0x000014f2fc4f5670
    rsi = 0x0000000000000189   rdi = 0x000014f2fc4f5698
    rbp = 0x0000000000000000   rsp = 0x000014f2875f8580
     r8 = 0x0000000000000000    r9 = 0x00000000ffffffff
    r10 = 0x000014f2875f86f0   r11 = 0x0000000000000246
    r12 = 0x000014f2fc4f5648   r13 = 0x000014f2fc4f5698
    r14 = 0x000014f2875f86f0   r15 = 0x0000000000000000
    rip = 0x000014f2feec864a
    Found by: given as instruction pointer in context
 1  libsideFile_xlm.so + 0x116c60
    rsp = 0x000014f2875f85d8   rip = 0x000014f2fc4f2c60
    Found by: stack scanning
 2  libpthread-2.28.so + 0xe070
    rsp = 0x000014f2875f85e8   rip = 0x000014f2feec8070
    Found by: stack scanning
 3  xmsim + 0x250060
    rsp = 0x000014f2875f8660   rip = 0x0000000000650060
    Found by: stack scanning
 4  libsideFile_xlm.so + 0xdda97
    rsp = 0x000014f2875f8670   rip = 0x000014f2fc4b9a97
    Found by: stack scanning
 5  libstdc++.so.6.0.28 + 0xcfb10
    rsp = 0x000014f2875f8760   rip = 0x000014f2ff1f9b10
    Found by: stack scanning
 6  libpthread-2.28.so + 0x814a
    rsp = 0x000014f2875f8780   rip = 0x000014f2feec214a
    Found by: stack scanning
 7  libc-2.28.so + 0xfcdc3
    rsp = 0x000014f2875f8840   rip = 0x000014f2fe66bdc3
    Found by: stack scanning

Thread 10
 0  libpthread-2.28.so + 0xe64a
    rax = 0xfffffffffffffdfc   rdx = 0x0000000000000000
    rcx = 0x000014f2feec864a   rbx = 0x000000000e383068
    rsi = 0x0000000000000189   rdi = 0x000000000e383090
    rbp = 0x0000000000000000   rsp = 0x000014f2873f75a0
     r8 = 0x0000000000000000    r9 = 0x00000000ffffffff
    r10 = 0x000014f2873f76d0   r11 = 0x0000000000000246
    r12 = 0x000000000e383040   r13 = 0x000000000e383090
    r14 = 0x000014f2873f76d0   r15 = 0x0000000000000000
    rip = 0x000014f2feec864a
    Found by: given as instruction pointer in context
 1  libpthread-2.28.so + 0xe070
    rsp = 0x000014f2873f7608   rip = 0x000014f2feec8070
    Found by: stack scanning
 2  xmsim + 0x250060
    rsp = 0x000014f2873f7688   rip = 0x0000000000650060
    Found by: stack scanning
 3  libchannel_xlm.so + 0x325e3
    rsp = 0x000014f2873f7690   rip = 0x000014f2f69d55e3
    Found by: stack scanning
 4  libstdc++.so.6.0.28 + 0xcfb10
    rsp = 0x000014f2873f7760   rip = 0x000014f2ff1f9b10
    Found by: stack scanning
 5  libpthread-2.28.so + 0x814a
    rsp = 0x000014f2873f7780   rip = 0x000014f2feec214a
    Found by: stack scanning
 6  libc-2.28.so + 0xfcdc3
    rsp = 0x000014f2873f7840   rip = 0x000014f2fe66bdc3
    Found by: stack scanning

Thread 11
 0  libc-2.28.so + 0xf1a41
    rax = 0xfffffffffffffdfc   rdx = 0x0000000000002710
    rcx = 0x000014f2fe660a41   rbx = 0x000014f264000b60
    rsi = 0x0000000000000002   rdi = 0x000014f264000b60
    rbp = 0x0000000000000002   rsp = 0x000014f2871f65d0
     r8 = 0x0000000000000000    r9 = 0x0000000000000001
    r10 = 0x000000000e2b9388   r11 = 0x0000000000000293
    r12 = 0x0000000000002710   r13 = 0x000000000e2b5e40
    r14 = 0x0000000000000002   r15 = 0x000000000e2b5e50
    rip = 0x000014f2fe660a41
    Found by: given as instruction pointer in context
 1  libchannel_xlm.so + 0x3f941
    rsp = 0x000014f2871f6600   rip = 0x000014f2f69e2941
    Found by: stack scanning
 2  libchannel_xlm.so + 0x4071b
    rsp = 0x000014f2871f66d0   rip = 0x000014f2f69e371b
    Found by: stack scanning
 3  libstdc++.so.6.0.28 + 0xc80a8
    rsp = 0x000014f2871f66e0   rip = 0x000014f2ff1f20a8
    Found by: stack scanning
 4  xmsim + 0x250060
    rsp = 0x000014f2871f66f8   rip = 0x0000000000650060
    Found by: stack scanning
 5  libchannel_xlm.so + 0x3f430
    rsp = 0x000014f2871f6700   rip = 0x000014f2f69e2430
    Found by: stack scanning
 6  libstdc++.so.6.0.28 + 0xcfb10
    rsp = 0x000014f2871f6760   rip = 0x000014f2ff1f9b10
    Found by: stack scanning
 7  libpthread-2.28.so + 0x814a
    rsp = 0x000014f2871f6780   rip = 0x000014f2feec214a
    Found by: stack scanning
 8  libc-2.28.so + 0xfcdc3
    rsp = 0x000014f2871f6840   rip = 0x000014f2fe66bdc3
    Found by: stack scanning

Thread 12
 0  libpthread-2.28.so + 0xe64a
    rax = 0xfffffffffffffdfc   rdx = 0x0000000000000000
    rcx = 0x000014f2feec864a   rbx = 0x000000000e39fb78
    rsi = 0x0000000000000189   rdi = 0x000000000e39fba0
    rbp = 0x0000000000000000   rsp = 0x000014f286ff55a0
     r8 = 0x0000000000000000    r9 = 0x00000000ffffffff
    r10 = 0x000014f286ff56d0   r11 = 0x0000000000000246
    r12 = 0x000000000e39fb50   r13 = 0x000000000e39fba0
    r14 = 0x000014f286ff56d0   r15 = 0x0000000000000000
    rip = 0x000014f2feec864a
    Found by: given as instruction pointer in context
 1  libpthread-2.28.so + 0xe070
    rsp = 0x000014f286ff5608   rip = 0x000014f2feec8070
    Found by: stack scanning
 2  xmsim + 0x250060
    rsp = 0x000014f286ff5688   rip = 0x0000000000650060
    Found by: stack scanning
 3  libchannel_xlm.so + 0x325e3
    rsp = 0x000014f286ff5690   rip = 0x000014f2f69d55e3
    Found by: stack scanning
 4  libstdc++.so.6.0.28 + 0xcfb10
    rsp = 0x000014f286ff5760   rip = 0x000014f2ff1f9b10
    Found by: stack scanning
 5  libpthread-2.28.so + 0x814a
    rsp = 0x000014f286ff5780   rip = 0x000014f2feec214a
    Found by: stack scanning
 6  libc-2.28.so + 0xfcdc3
    rsp = 0x000014f286ff5840   rip = 0x000014f2fe66bdc3
    Found by: stack scanning

Thread 13
 0  libc-2.28.so + 0xf1a41
    rax = 0xfffffffffffffdfc   rdx = 0x0000000000002710
    rcx = 0x000014f2fe660a41   rbx = 0x000014f258000c00
    rsi = 0x0000000000000003   rdi = 0x000014f258000c00
    rbp = 0x0000000000000003   rsp = 0x000014f286df4610
     r8 = 0x0000000000000000    r9 = 0x000014f286df4540
    r10 = 0x000014f286df4508   r11 = 0x0000000000000293
    r12 = 0x0000000000002710   r13 = 0x000000000ddf05a0
    r14 = 0x0000000000000003   r15 = 0x000000000ddf05b0
    rip = 0x000014f2fe660a41
    Found by: given as instruction pointer in context
 1  libchannel_xlm.so + 0x3f941
    rsp = 0x000014f286df4640   rip = 0x000014f2f69e2941
    Found by: stack scanning
 2  libchannel_xlm.so + 0x4071b
    rsp = 0x000014f286df4710   rip = 0x000014f2f69e371b
    Found by: stack scanning
 3  libchannel_xlm.so + 0x3ef64
    rsp = 0x000014f286df4740   rip = 0x000014f2f69e1f64
    Found by: stack scanning
 4  libstdc++.so.6.0.28 + 0xcfb10
    rsp = 0x000014f286df4760   rip = 0x000014f2ff1f9b10
    Found by: stack scanning
 5  libpthread-2.28.so + 0x814a
    rsp = 0x000014f286df4780   rip = 0x000014f2feec214a
    Found by: stack scanning
 6  libc-2.28.so + 0xfcdc3
    rsp = 0x000014f286df4840   rip = 0x000014f2fe66bdc3
    Found by: stack scanning

Thread 14
 0  libc-2.28.so + 0xf752d
    rax = 0xfffffffffffffe00   rdx = 0x0000000000000002
    rcx = 0x000014f2fe66652d   rbx = 0x0000000000000000
    rsi = 0x0000000000000080   rdi = 0x000014f284d91290
    rbp = 0x0000000000000000   rsp = 0x000014f284d91238
     r8 = 0x0000000000000000    r9 = 0x0000000000000000
    r10 = 0x0000000000000000   r11 = 0x0000000000000202
    r12 = 0x0000000000000000   r13 = 0x000000000e4b4b88
    r14 = 0x000014f284d91280   r15 = 0x000014f284d91290
    rip = 0x000014f2fe66652d
    Found by: given as instruction pointer in context
 1  libtbb_xlm.so + 0x20e05
    rsp = 0x000014f284d91240   rip = 0x000014f2f6d8de05
    Found by: stack scanning
 2  libtbb_xlm.so + 0x20d6a
    rsp = 0x000014f284d91250   rip = 0x000014f2f6d8dd6a
    Found by: stack scanning
 3  xmsim + 0xc00001
    rsp = 0x000014f284d912a0   rip = 0x0000000001000001
    Found by: stack scanning
 4  libtbb_xlm.so + 0x453e4
    rsp = 0x000014f284d912d8   rip = 0x000014f2f6db23e4
    Found by: stack scanning
 5  libtbbshm.so + 0x14a41
    rsp = 0x000014f284d912f0   rip = 0x000014f2854a3a41
    Found by: stack scanning
 6  libtbb_xlm.so + 0x453c8
    rsp = 0x000014f284d912f8   rip = 0x000014f2f6db23c8
    Found by: stack scanning
 7  libtbb_xlm.so + 0x2c365
    rsp = 0x000014f284d91300   rip = 0x000014f2f6d99365
    Found by: stack scanning
 8  libtbb_xlm.so + 0x453c8
    rsp = 0x000014f284d91318   rip = 0x000014f2f6db23c8
    Found by: stack scanning
 9  libtbb_xlm.so + 0x453e4
    rsp = 0x000014f284d91320   rip = 0x000014f2f6db23e4
    Found by: stack scanning
10  libtbb_xlm.so + 0x2a9a9
    rsp = 0x000014f284d91330   rip = 0x000014f2f6d979a9
    Found by: stack scanning
11  libtbb_xlm.so + 0x453c8
    rsp = 0x000014f284d91360   rip = 0x000014f2f6db23c8
    Found by: stack scanning
12  libtbb_xlm.so + 0x453e4
    rsp = 0x000014f284d91368   rip = 0x000014f2f6db23e4
    Found by: stack scanning
13  libtbb_xlm.so + 0x3cc8d
    rsp = 0x000014f284d91380   rip = 0x000014f2f6da9c8d
    Found by: stack scanning
14  libtbb_xlm.so + 0x3cf16
    rsp = 0x000014f284d913e0   rip = 0x000014f2f6da9f16
    Found by: stack scanning
15  libtbb_xlm.so + 0x2a41c
    rsp = 0x000014f284d91400   rip = 0x000014f2f6d9741c
    Found by: stack scanning
16  libtbb_xlm.so + 0x3aac0
    rsp = 0x000014f284d91460   rip = 0x000014f2f6da7ac0
    Found by: stack scanning
17  libtbbshm.so + 0x2960
    rsp = 0x000014f284d91470   rip = 0x000014f2854ad960
    Found by: stack scanning
18  libtbb_xlm.so + 0x2b7ae
    rsp = 0x000014f284d91490   rip = 0x000014f2f6d987ae
    Found by: stack scanning
19  libtbbshm.so + 0x2960
    rsp = 0x000014f284d914b8   rip = 0x000014f2854ad960
    Found by: stack scanning
20  libtbb_xlm.so + 0x2b8cc
    rsp = 0x000014f284d914d0   rip = 0x000014f2f6d988cc
    Found by: stack scanning
21  libtbbshm.so + 0x2960
    rsp = 0x000014f284d915d0   rip = 0x000014f2854ad960
    Found by: stack scanning
22  libtbbshm.so + 0x13fc1
    rsp = 0x000014f284d915f0   rip = 0x000014f2854a2fc1
    Found by: stack scanning
23  libtbb_xlm.so + 0x1ba8
    rsp = 0x000014f284d91628   rip = 0x000014f2f6dbeba8
    Found by: stack scanning
24  libtbbshm.so + 0x1618
    rsp = 0x000014f284d91668   rip = 0x000014f2854ac618
    Found by: stack scanning
25  libtbbshm.so + 0x1850
    rsp = 0x000014f284d916a8   rip = 0x000014f2854ac850
    Found by: stack scanning
26  libtbbshm.so + 0x16a8
    rsp = 0x000014f284d916e8   rip = 0x000014f2854ac6a8
    Found by: stack scanning
27  libtbbshm.so + 0x14116
    rsp = 0x000014f284d91770   rip = 0x000014f2854a3116
    Found by: stack scanning
28  libpthread-2.28.so + 0x814a
    rsp = 0x000014f284d91780   rip = 0x000014f2feec214a
    Found by: stack scanning
29  libc-2.28.so + 0xfcdc3
    rsp = 0x000014f284d91840   rip = 0x000014f2fe66bdc3
    Found by: stack scanning

Loaded modules:
0x00400000 - 0x0327efff  xmsim  ???  (main)  (WARNING: No symbols, xmsim, 55FE00425F09A8245D42EFD5BFCCAE040)
0x03280000 - 0x0348ffff  xmsim  ???  (WARNING: No symbols, xmsim, 000000000000000000000000000000000)
0x14f284fe4000 - 0x14f285011fff  libtbbmalloc.so.2  ???
0x14f285012000 - 0x14f285214fff  libtbbmalloc.so.2  ???
0x14f285238000 - 0x14f285288fff  libtbb.so.2  ???
0x14f285289000 - 0x14f28548cfff  libtbb.so.2  ???
0x14f28548f000 - 0x14f2854aafff  libtbbshm.so  ???  (WARNING: No symbols, libtbbshm.so, 6B357FCE01E53CDE9BDB3F59D559C8CD0)
0x14f2854ab000 - 0x14f2854adfff  libtbbshm.so  ???  (WARNING: No symbols, libtbbshm.so, 000000000000000000000000000000000)
0x14f28697d000 - 0x14f2869effff  libdwapi.so  ???
0x14f2869f0000 - 0x14f2869f4fff  libdwapi.so  ???
0x14f28c012000 - 0x14f28c021fff  trace.dsn  ???
0x14f28c023000 - 0x14f28c024fff  uverbs1  ???
0x14f28f76e000 - 0x14f28f7cafff  libmlx5.so.1.19.35.0  ???
0x14f28f7cb000 - 0x14f28f9ccfff  libmlx5.so.1.19.35.0  ???
0x14f28fa70000 - 0x14f28fa81fff  libckpt.so  ???
0x14f2b5e65000 - 0x14f2b5e6dfff  libxdt.so  ???
0x14f2b6174000 - 0x14f2b6178fff  libdpi.so  ???
0x14f2b6179000 - 0x14f2b617dfff  _sv_export.so  ???
0x14f2b617e000 - 0x14f2b6191fff  libncrun.so  ???
0x14f2b6192000 - 0x14f2b6194fff  libncrun.so  ???
0x14f2b6195000 - 0x14f2b68a7fff  libxcrt.so  ???
0x14f2f35f5000 - 0x14f2f3618fff  libml_uvm.so  ???
0x14f2f3ea5000 - 0x14f2f3edcfff  libgomp.so.1.0.0  ???
0x14f2f3edd000 - 0x14f2f3f2afff  libotb.so  ???
0x14f2f3f2c000 - 0x14f2f3f30fff  libixcg.so  ???
0x14f2f47b6000 - 0x14f2f4838fff  libpcre2-8.so.0.7.1  ???
0x14f2f4839000 - 0x14f2f4a39fff  libpcre2-8.so.0.7.1  ???
0x14f2f4a3a000 - 0x14f2f4a60fff  libselinux.so.1  ???
0x14f2f4a61000 - 0x14f2f4c61fff  libselinux.so.1  ???
0x14f2f4c64000 - 0x14f2f4c77fff  libresolv-2.28.so  ???
0x14f2f4c78000 - 0x14f2f4e78fff  libresolv-2.28.so  ???
0x14f2f4e7b000 - 0x14f2f512dfff  libcrypto.so.1.1.1g  ???
0x14f2f512e000 - 0x14f2f535cfff  libcrypto.so.1.1.1g  ???
0x14f2f5361000 - 0x14f2f5363fff  libkeyutils.so.1.6  ???
0x14f2f5364000 - 0x14f2f5563fff  libkeyutils.so.1.6  ???
0x14f2f5565000 - 0x14f2f5573fff  libkrb5support.so.0.1  ???
0x14f2f5574000 - 0x14f2f5775fff  libkrb5support.so.0.1  ???
0x14f2f5776000 - 0x14f2f5861fff  libzstd_xlm.so  ???
0x14f2f5862000 - 0x14f2f596ffff  libsqlite3.so.0.8.6  ???
0x14f2f5970000 - 0x14f2f5b75fff  libsqlite3.so.0.8.6  ???
0x14f2f5b76000 - 0x14f2f5b78fff  libcom_err.so.2.1  ???
0x14f2f5b79000 - 0x14f2f5d79fff  libcom_err.so.2.1  ???
0x14f2f5d7a000 - 0x14f2f5d8efff  libk5crypto.so.3.1  ???
0x14f2f5d8f000 - 0x14f2f5f90fff  libk5crypto.so.3.1  ???
0x14f2f5f91000 - 0x14f2f6069fff  libkrb5.so.3.3  ???
0x14f2f606a000 - 0x14f2f6279fff  libkrb5.so.3.3  ???
0x14f2f627a000 - 0x14f2f62cbfff  libgssapi_krb5.so.2.2  ???
0x14f2f62cc000 - 0x14f2f64cefff  libgssapi_krb5.so.2.2  ???
0x14f2f64cf000 - 0x14f2f64effff  libnl-3.so.200.26.0  ???
0x14f2f64f0000 - 0x14f2f66f1fff  libnl-3.so.200.26.0  ???
0x14f2f66f2000 - 0x14f2f676cfff  libnl-route-3.so.200.26.0  ???
0x14f2f676d000 - 0x14f2f6975fff  libnl-route-3.so.200.26.0  ???
0x14f2f6978000 - 0x14f2f69a2fff  libcfgmgr_client_xlm.so  ???
0x14f2f69a3000 - 0x14f2f6a1ffff  libchannel_xlm.so  ???  (WARNING: No symbols, libchannel_xlm.so, E2DCFE347551AABBFB880B9240B188EA0)
0x14f2f6a20000 - 0x14f2f6a23fff  libchannel_xlm.so  ???
0x14f2f6a24000 - 0x14f2f6a2afff  librt-2.28.so  ???
0x14f2f6a2b000 - 0x14f2f6c2bfff  librt-2.28.so  ???
0x14f2f6c2c000 - 0x14f2f6c64fff  libjsoncpp_xlm.so  ???
0x14f2f6c65000 - 0x14f2f6cb6fff  libjsoncpp_xlm.so  ???
0x14f2f6cb7000 - 0x14f2f6ccbfff  libcomputeFarm_xlm.so  ???
0x14f2f6ccc000 - 0x14f2f6cf3fff  libcomputeFarm_xlm.so  ???
0x14f2f6cf4000 - 0x14f2f6d24fff  liblz4_xlm.so  ???
0x14f2f6d25000 - 0x14f2f6d2ffff  libzcompress_xlm.so  ???
0x14f2f6d30000 - 0x14f2f6d6cfff  libnativeutils_xlm.so  ???
0x14f2f6d6d000 - 0x14f2f6dbcfff  libtbb_xlm.so  ???  (WARNING: No symbols, libtbb_xlm.so, 4A85AF239FD63F036E89A6F2655323800)
0x14f2f6dbd000 - 0x14f2f6dc2fff  libtbb_xlm.so  ???  (WARNING: No symbols, libtbb_xlm.so, 000000000000000000000000000000000)
0x14f2f6dc5000 - 0x14f2f6df5fff  libtirpc.so.3.0.0  ???
0x14f2f6df6000 - 0x14f2f6ff7fff  libtirpc.so.3.0.0  ???
0x14f2f6ff8000 - 0x14f2f7015fff  libibverbs.so.1.14.35.0  ???
0x14f2f7016000 - 0x14f2f7217fff  libibverbs.so.1.14.35.0  ???
0x14f2f7218000 - 0x14f2f722dfff  libz.so.1.2.11  ???
0x14f2f722e000 - 0x14f2f742dfff  libz.so.1.2.11  ???
0x14f2f742f000 - 0x14f2f744ffff  libobjqp_xlm.so  ???
0x14f2f7450000 - 0x14f2f745afff  libnuma.so.1.0.0  ???
0x14f2f745b000 - 0x14f2f765bfff  libnuma.so.1.0.0  ???
0x14f2f765c000 - 0x14f2f7667fff  libsd_xlm.so  ???
0x14f2f7669000 - 0x14f2f7686fff  libibsupport_real_xlm.so  ???
0x14f2f831f000 - 0x14f2f84a5fff  libet6_thin_api_xlm.so  ???
0x14f2f84a6000 - 0x14f2f84b8fff  libet6_thin_api_xlm.so  ???
0x14f2fbff5000 - 0x14f2fc06efff  libqtutil_xlm.so  ???
0x14f2fc06f000 - 0x14f2fc072fff  libqtutil_xlm.so  ???
0x14f2fc073000 - 0x14f2fc077fff  libqtThread_xlm.so  ???
0x14f2fc078000 - 0x14f2fc12efff  libhwConfig_xlm.so  ???
0x14f2fc12f000 - 0x14f2fc252fff  libdbgutil_xlm.so  ???  (WARNING: No symbols, libdbgutil_xlm.so, 910EC9384732FEE1E904BBF8BF91C0C20)
0x14f2fc353000 - 0x14f2fc3b1fff  libmembin_xlm.so  ???
0x14f2fc3b2000 - 0x14f2fc3b5fff  libmembin_xlm.so  ???
0x14f2fc3b7000 - 0x14f2fc3d8fff  libllmemory_xlm.so  ???
0x14f2fc3d9000 - 0x14f2fc3dbfff  libllmemory_xlm.so  ???
0x14f2fc3dc000 - 0x14f2fc4f4fff  libsideFile_xlm.so  ???  (WARNING: No symbols, libsideFile_xlm.so, D53B95EEBAB3857B3199746247749B370)
0x14f2fc4f6000 - 0x14f2fc534fff  libinfinifile_xlm.so  ???
0x14f2fc535000 - 0x14f2fc66afff  libuart.so  ???
0x14f2fc66b000 - 0x14f2fc670fff  libuart.so  ???
0x14f2fdf4a000 - 0x14f2fe106fff  libStrapNC.so  ???
0x14f2fe110000 - 0x14f2fe1c2fff  libdcapi.so  ???
0x14f2fe1c3000 - 0x14f2fe1cffff  libdcapi.so  ???
0x14f2fe1d1000 - 0x14f2fe1dbfff  libnss_files-2.28.so  ???
0x14f2fe1dc000 - 0x14f2fe3ddfff  libnss_files-2.28.so  ???
0x14f2fe465000 - 0x14f2fe4fdfff  libxmjudy.so.1.0.3  ???
0x14f2fe4fe000 - 0x14f2fe562fff  libcbreakpad.so  ???  (WARNING: No symbols, libcbreakpad.so, 1A0F7F62185D2C02CF86A6E6B7CC82920)
0x14f2fe563000 - 0x14f2fe567fff  libcbreakpad.so  ???
0x14f2fe56f000 - 0x14f2fe72afff  libc-2.28.so  ???  (WARNING: No symbols, libc-2.28.so, 517B1DA93AB2E8646B82A91511C446C10)
0x14f2fe72b000 - 0x14f2fe92ffff  libc-2.28.so  ???
0x14f2fe934000 - 0x14f2feab4fff  libm-2.28.so  ???
0x14f2feab5000 - 0x14f2fecb5fff  libm-2.28.so  ???
0x14f2fecb6000 - 0x14f2fecb8fff  libdl-2.28.so  ???
0x14f2fecb9000 - 0x14f2feeb9fff  libdl-2.28.so  ???
0x14f2feeba000 - 0x14f2feed4fff  libpthread-2.28.so  ???  (WARNING: No symbols, libpthread-2.28.so, CF866DCF5B969E12C9DFDCD756741E430)
0x14f2feed5000 - 0x14f2ff0d5fff  libpthread-2.28.so  ???
0x14f2ff0da000 - 0x14f2ff105fff  ld-2.28.so  ???  (WARNING: No symbols, ld-2.28.so, 200CD33375D17A353497081E95F0FA480)
0x14f2ff106000 - 0x14f2ff107fff  uverbs0  ???
0x14f2ff10e000 - 0x14f2ff127fff  libgcc_s.so.1  ???
0x14f2ff12a000 - 0x14f2ff300fff  libstdc++.so.6.0.28  ???  (WARNING: No symbols, libstdc++.so.6.0.28, 45962B5304507FBFFC729955451382EF0)
0x14f2ff306000 - 0x14f2ff308fff  ld-2.28.so  ???  (WARNING: No symbols, ld-2.28.so, 000000000000000000000000000000000)
0x7ffc92de4000 - 0x7ffc92de5fff  linux-gate.so  ???

******BACKTRACE*****
<unknown> (libcbreakpad.so) [0x14f2fe5321a3]
<unknown> (libcbreakpad.so) [0x14f2fe532630]
vserror (xmsim) [0x1b9181a]
serror (xmsim) [0x1b91d55]
sv_sigusrdump_info (xmsim) [0xcbe9df]
sv_seghandler_aux (xmsim) [0xcc11a7]
sv_seghandler (xmsim) [0xcc170d]
__restore_rt (libpthread.so.0) [0x14f2feeccb20]
_IO_getline_info (libc.so.6) [0x14f2fe5e0ef0]
fgets (libc.so.6) [0x14f2fe5dfedf]
get_config_data (libdpi.so) [0x14f2b61751d8]
******BACKTRACE END*****