Operating system: Linux
                  0.0.0 Linux 4.18.0-305.el8.x86_64 #1 SMP Thu Apr 29 08:54:30 EDT 2021 x86_64
CPU: amd64
     family 6 model 63 stepping 4
     1 CPU

GPU: UNKNOWN

Crash reason:  DUMP_REQUESTED
Crash address: 0x14830ed93406
Process uptime: not available

Thread 0 (crashed)
 0  libcbreakpad.so + 0x36406
    rax = 0x0000000000000007   rdx = 0x0000000000000000
    rcx = 0x000014830ed91cb2   rbx = 0x00001483047001a0
    rsi = 0x0000000000000001   rdi = 0x00001483046ffb28
    rbp = 0x00001483047000e0   rsp = 0x00001483046ffa90
     r8 = 0x0000000000000000    r9 = 0x0000000000000000
    r10 = 0x00001483046ffca8   r11 = 0x0000000000000000
    r12 = 0x000000000ed45f00   r13 = 0x00000000032d7f60
    r14 = 0x0000148304700120   r15 = 0x000014830ef2b5f5
    rip = 0x000014830ed93406
    Found by: given as instruction pointer in context
 1  libcbreakpad.so + 0x34672
    rbp = 0x0000148304700230   rsp = 0x00001483047000f0
    rip = 0x000014830ed91672
    Found by: previous frame's frame pointer
 2  libc-2.28.so + 0x59008
    rbp = 0x0000148304700230   rsp = 0x0000148304700140
    rip = 0x000014830ee27008
    Found by: stack scanning
 3  xmsim + 0x2467eef
    rbp = 0x0000148304700230   rsp = 0x0000148304700168
    rip = 0x0000000002867eef
    Found by: stack scanning
 4  xmsim + 0x292526e
    rbp = 0x0000148304700230   rsp = 0x0000148304700180
    rip = 0x0000000002d2526e
    Found by: stack scanning
 5  libc-2.28.so + 0x180580
    rbp = 0x0000148304700230   rsp = 0x0000148304700190
    rip = 0x000014830ef4e580
    Found by: stack scanning
 6  xmsim + 0x179181a
    rsp = 0x0000148304700240   rip = 0x0000000001b9181a
    Found by: stack scanning
 7  xmsim + 0xbf0000
    rsp = 0x0000148304700250   rip = 0x0000000000ff0000
    Found by: stack scanning
 8  xmsim + 0x57f60
    rsp = 0x0000148304700260   rip = 0x00000000032d7f60
    Found by: stack scanning
 9  xmsim + 0x57f60
    rsp = 0x0000148304700268   rip = 0x00000000032d7f60
    Found by: stack scanning
10  ld-2.28.so + 0xa11c
    rsp = 0x0000148304700340   rip = 0x000014830f94311c
    Found by: stack scanning
11  libc-2.28.so + 0xed694
    rsp = 0x0000148304700380   rip = 0x000014830eebb694
    Found by: stack scanning
12  xmsim + 0x23fa312
    rsp = 0x0000148304700468   rip = 0x00000000027fa312
    Found by: stack scanning
13  xmsim + 0x1791d55
    rsp = 0x0000148304700480   rip = 0x0000000001b91d55
    Found by: stack scanning
14  xmsim + 0x23fa312
    rsp = 0x00001483047004b0   rip = 0x00000000027fa312
    Found by: stack scanning
15  libpthread-2.28.so + 0x124b6
    rsp = 0x00001483047004e0   rip = 0x000014830f72b4b6
    Found by: stack scanning
16  ld-2.28.so + 0x21d0
    rsp = 0x0000148304700500   rip = 0x000014830fb671d0
    Found by: stack scanning
17  xmsim + 0xf51d26
    rsp = 0x0000148304700510   rip = 0x0000000001351d26
    Found by: stack scanning
18  xmsim + 0x23fa312
    rsp = 0x0000148304700540   rip = 0x00000000027fa312
    Found by: stack scanning
19  xmsim + 0x8be9df
    rsp = 0x0000148304700560   rip = 0x0000000000cbe9df
    Found by: stack scanning

Thread 1
 0  libpthread-2.28.so + 0xe64a
    rax = 0xfffffffffffffdfc   rdx = 0x0000000000000000
    rcx = 0x000014830f72764a   rbx = 0x000014830cd54670
    rsi = 0x0000000000000189   rdi = 0x000014830cd54698
    rbp = 0x0000000000000000   rsp = 0x000014829cf00580
     r8 = 0x0000000000000000    r9 = 0x00000000ffffffff
    r10 = 0x000014829cf006f0   r11 = 0x0000000000000246
    r12 = 0x000014830cd54648   r13 = 0x000014830cd54698
    r14 = 0x000014829cf006f0   r15 = 0x0000000000000000
    rip = 0x000014830f72764a
    Found by: given as instruction pointer in context
 1  libpthread-2.28.so + 0xe070
    rsp = 0x000014829cf005e8   rip = 0x000014830f727070
    Found by: stack scanning
 2  xmsim + 0x250060
    rsp = 0x000014829cf00660   rip = 0x0000000000650060
    Found by: stack scanning
 3  libsideFile_xlm.so + 0xdda97
    rsp = 0x000014829cf00670   rip = 0x000014830cd18a97
    Found by: stack scanning
 4  libdbgutil_xlm.so + 0xc6e40
    rsp = 0x000014829cf006b8   rip = 0x000014830ca54e40
    Found by: stack scanning
 5  libstdc++.so.6.0.28 + 0xcfb10
    rsp = 0x000014829cf00760   rip = 0x000014830fa58b10
    Found by: stack scanning
 6  libpthread-2.28.so + 0x814a
    rsp = 0x000014829cf00780   rip = 0x000014830f72114a
    Found by: stack scanning
 7  libc-2.28.so + 0xfcdc3
    rsp = 0x000014829cf00840   rip = 0x000014830eecadc3
    Found by: stack scanning

Thread 2
 0  libpthread-2.28.so + 0xe64a
    rax = 0xfffffffffffffdfc   rdx = 0x0000000000000000
    rcx = 0x000014830f72764a   rbx = 0x000014830cd54670
    rsi = 0x0000000000000189   rdi = 0x000014830cd54698
    rbp = 0x0000000000000000   rsp = 0x000014829ccff580
     r8 = 0x0000000000000000    r9 = 0x00000000ffffffff
    r10 = 0x000014829ccff6f0   r11 = 0x0000000000000246
    r12 = 0x000014830cd54648   r13 = 0x000014830cd54698
    r14 = 0x000014829ccff6f0   r15 = 0x0000000000000000
    rip = 0x000014830f72764a
    Found by: given as instruction pointer in context
 1  libpthread-2.28.so + 0xe070
    rsp = 0x000014829ccff5e8   rip = 0x000014830f727070
    Found by: stack scanning
 2  xmsim + 0x250060
    rsp = 0x000014829ccff660   rip = 0x0000000000650060
    Found by: stack scanning
 3  libsideFile_xlm.so + 0xdda97
    rsp = 0x000014829ccff670   rip = 0x000014830cd18a97
    Found by: stack scanning
 4  libdbgutil_xlm.so + 0xc6e40
    rsp = 0x000014829ccff6b8   rip = 0x000014830ca54e40
    Found by: stack scanning
 5  libstdc++.so.6.0.28 + 0xcfb10
    rsp = 0x000014829ccff760   rip = 0x000014830fa58b10
    Found by: stack scanning
 6  libpthread-2.28.so + 0x814a
    rsp = 0x000014829ccff780   rip = 0x000014830f72114a
    Found by: stack scanning
 7  libc-2.28.so + 0xfcdc3
    rsp = 0x000014829ccff840   rip = 0x000014830eecadc3
    Found by: stack scanning

Thread 3
 0  libpthread-2.28.so + 0xe64a
    rax = 0xfffffffffffffdfc   rdx = 0x0000000000000000
    rcx = 0x000014830f72764a   rbx = 0x000014830cd54670
    rsi = 0x0000000000000189   rdi = 0x000014830cd54698
    rbp = 0x0000000000000000   rsp = 0x000014829cafe580
     r8 = 0x0000000000000000    r9 = 0x00000000ffffffff
    r10 = 0x000014829cafe6f0   r11 = 0x0000000000000246
    r12 = 0x000014830cd54648   r13 = 0x000014830cd54698
    r14 = 0x000014829cafe6f0   r15 = 0x0000000000000000
    rip = 0x000014830f72764a
    Found by: given as instruction pointer in context
 1  libpthread-2.28.so + 0xe070
    rsp = 0x000014829cafe5e8   rip = 0x000014830f727070
    Found by: stack scanning
 2  xmsim + 0x250060
    rsp = 0x000014829cafe660   rip = 0x0000000000650060
    Found by: stack scanning
 3  libsideFile_xlm.so + 0xdda97
    rsp = 0x000014829cafe670   rip = 0x000014830cd18a97
    Found by: stack scanning
 4  libdbgutil_xlm.so + 0xc6e40
    rsp = 0x000014829cafe6b8   rip = 0x000014830ca54e40
    Found by: stack scanning
 5  libstdc++.so.6.0.28 + 0xcfb10
    rsp = 0x000014829cafe760   rip = 0x000014830fa58b10
    Found by: stack scanning
 6  libpthread-2.28.so + 0x814a
    rsp = 0x000014829cafe780   rip = 0x000014830f72114a
    Found by: stack scanning
 7  libc-2.28.so + 0xfcdc3
    rsp = 0x000014829cafe840   rip = 0x000014830eecadc3
    Found by: stack scanning

Thread 4
 0  libpthread-2.28.so + 0xe64a
    rax = 0xfffffffffffffdfc   rdx = 0x0000000000000000
    rcx = 0x000014830f72764a   rbx = 0x000014830cd54670
    rsi = 0x0000000000000189   rdi = 0x000014830cd54698
    rbp = 0x0000000000000000   rsp = 0x000014829c8fd580
     r8 = 0x0000000000000000    r9 = 0x00000000ffffffff
    r10 = 0x000014829c8fd6f0   r11 = 0x0000000000000246
    r12 = 0x000014830cd54648   r13 = 0x000014830cd54698
    r14 = 0x000014829c8fd6f0   r15 = 0x0000000000000000
    rip = 0x000014830f72764a
    Found by: given as instruction pointer in context
 1  libpthread-2.28.so + 0xe070
    rsp = 0x000014829c8fd5e8   rip = 0x000014830f727070
    Found by: stack scanning
 2  xmsim + 0x250060
    rsp = 0x000014829c8fd660   rip = 0x0000000000650060
    Found by: stack scanning
 3  libsideFile_xlm.so + 0xdda97
    rsp = 0x000014829c8fd670   rip = 0x000014830cd18a97
    Found by: stack scanning
 4  libdbgutil_xlm.so + 0xc6e40
    rsp = 0x000014829c8fd6b8   rip = 0x000014830ca54e40
    Found by: stack scanning
 5  libstdc++.so.6.0.28 + 0xcfb10
    rsp = 0x000014829c8fd760   rip = 0x000014830fa58b10
    Found by: stack scanning
 6  libpthread-2.28.so + 0x814a
    rsp = 0x000014829c8fd780   rip = 0x000014830f72114a
    Found by: stack scanning
 7  libc-2.28.so + 0xfcdc3
    rsp = 0x000014829c8fd840   rip = 0x000014830eecadc3
    Found by: stack scanning

Thread 5
 0  libpthread-2.28.so + 0xe64a
    rax = 0xfffffffffffffdfc   rdx = 0x0000000000000000
    rcx = 0x000014830f72764a   rbx = 0x000014830cd54670
    rsi = 0x0000000000000189   rdi = 0x000014830cd54698
    rbp = 0x0000000000000000   rsp = 0x000014829c6fc580
     r8 = 0x0000000000000000    r9 = 0x00000000ffffffff
    r10 = 0x000014829c6fc6f0   r11 = 0x0000000000000246
    r12 = 0x000014830cd54648   r13 = 0x000014830cd54698
    r14 = 0x000014829c6fc6f0   r15 = 0x0000000000000000
    rip = 0x000014830f72764a
    Found by: given as instruction pointer in context
 1  libpthread-2.28.so + 0xe070
    rsp = 0x000014829c6fc5e8   rip = 0x000014830f727070
    Found by: stack scanning
 2  xmsim + 0x250060
    rsp = 0x000014829c6fc660   rip = 0x0000000000650060
    Found by: stack scanning
 3  libsideFile_xlm.so + 0xdda97
    rsp = 0x000014829c6fc670   rip = 0x000014830cd18a97
    Found by: stack scanning
 4  libdbgutil_xlm.so + 0xc6e40
    rsp = 0x000014829c6fc6b8   rip = 0x000014830ca54e40
    Found by: stack scanning
 5  libstdc++.so.6.0.28 + 0xcfb10
    rsp = 0x000014829c6fc760   rip = 0x000014830fa58b10
    Found by: stack scanning
 6  libpthread-2.28.so + 0x814a
    rsp = 0x000014829c6fc780   rip = 0x000014830f72114a
    Found by: stack scanning
 7  libc-2.28.so + 0xfcdc3
    rsp = 0x000014829c6fc840   rip = 0x000014830eecadc3
    Found by: stack scanning

Thread 6
 0  libpthread-2.28.so + 0xe64a
    rax = 0xfffffffffffffdfc   rdx = 0x0000000000000000
    rcx = 0x000014830f72764a   rbx = 0x000014830cd54670
    rsi = 0x0000000000000189   rdi = 0x000014830cd54698
    rbp = 0x0000000000000000   rsp = 0x000014829c4fb580
     r8 = 0x0000000000000000    r9 = 0x00000000ffffffff
    r10 = 0x000014829c4fb6f0   r11 = 0x0000000000000246
    r12 = 0x000014830cd54648   r13 = 0x000014830cd54698
    r14 = 0x000014829c4fb6f0   r15 = 0x0000000000000000
    rip = 0x000014830f72764a
    Found by: given as instruction pointer in context
 1  libpthread-2.28.so + 0xe070
    rsp = 0x000014829c4fb5e8   rip = 0x000014830f727070
    Found by: stack scanning
 2  xmsim + 0x250060
    rsp = 0x000014829c4fb660   rip = 0x0000000000650060
    Found by: stack scanning
 3  libsideFile_xlm.so + 0xdda97
    rsp = 0x000014829c4fb670   rip = 0x000014830cd18a97
    Found by: stack scanning
 4  libdbgutil_xlm.so + 0xc6e40
    rsp = 0x000014829c4fb6b8   rip = 0x000014830ca54e40
    Found by: stack scanning
 5  libstdc++.so.6.0.28 + 0xcfb10
    rsp = 0x000014829c4fb760   rip = 0x000014830fa58b10
    Found by: stack scanning
 6  libpthread-2.28.so + 0x814a
    rsp = 0x000014829c4fb780   rip = 0x000014830f72114a
    Found by: stack scanning
 7  libc-2.28.so + 0xfcdc3
    rsp = 0x000014829c4fb840   rip = 0x000014830eecadc3
    Found by: stack scanning

Thread 7
 0  libpthread-2.28.so + 0xe64a
    rax = 0xfffffffffffffdfc   rdx = 0x0000000000000000
    rcx = 0x000014830f72764a   rbx = 0x000014830cd54670
    rsi = 0x0000000000000189   rdi = 0x000014830cd54698
    rbp = 0x0000000000000000   rsp = 0x000014829c2fa580
     r8 = 0x0000000000000000    r9 = 0x00000000ffffffff
    r10 = 0x000014829c2fa6f0   r11 = 0x0000000000000246
    r12 = 0x000014830cd54648   r13 = 0x000014830cd54698
    r14 = 0x000014829c2fa6f0   r15 = 0x0000000000000000
    rip = 0x000014830f72764a
    Found by: given as instruction pointer in context
 1  libsideFile_xlm.so + 0x116c60
    rsp = 0x000014829c2fa5d8   rip = 0x000014830cd51c60
    Found by: stack scanning
 2  libpthread-2.28.so + 0xe070
    rsp = 0x000014829c2fa5e8   rip = 0x000014830f727070
    Found by: stack scanning
 3  xmsim + 0x250060
    rsp = 0x000014829c2fa660   rip = 0x0000000000650060
    Found by: stack scanning
 4  libsideFile_xlm.so + 0xdda97
    rsp = 0x000014829c2fa670   rip = 0x000014830cd18a97
    Found by: stack scanning
 5  libstdc++.so.6.0.28 + 0xcfb10
    rsp = 0x000014829c2fa760   rip = 0x000014830fa58b10
    Found by: stack scanning
 6  libpthread-2.28.so + 0x814a
    rsp = 0x000014829c2fa780   rip = 0x000014830f72114a
    Found by: stack scanning
 7  libc-2.28.so + 0xfcdc3
    rsp = 0x000014829c2fa840   rip = 0x000014830eecadc3
    Found by: stack scanning

Thread 8
 0  libpthread-2.28.so + 0xe64a
    rax = 0xfffffffffffffdfc   rdx = 0x0000000000000000
    rcx = 0x000014830f72764a   rbx = 0x000014830cd54670
    rsi = 0x0000000000000189   rdi = 0x000014830cd54698
    rbp = 0x0000000000000000   rsp = 0x000014827fffd580
     r8 = 0x0000000000000000    r9 = 0x00000000ffffffff
    r10 = 0x000014827fffd6f0   r11 = 0x0000000000000246
    r12 = 0x000014830cd54648   r13 = 0x000014830cd54698
    r14 = 0x000014827fffd6f0   r15 = 0x0000000000000000
    rip = 0x000014830f72764a
    Found by: given as instruction pointer in context
 1  libpthread-2.28.so + 0xe070
    rsp = 0x000014827fffd5e8   rip = 0x000014830f727070
    Found by: stack scanning
 2  xmsim + 0x250060
    rsp = 0x000014827fffd660   rip = 0x0000000000650060
    Found by: stack scanning
 3  libsideFile_xlm.so + 0xdda97
    rsp = 0x000014827fffd670   rip = 0x000014830cd18a97
    Found by: stack scanning
 4  libdbgutil_xlm.so + 0xc6e40
    rsp = 0x000014827fffd6b8   rip = 0x000014830ca54e40
    Found by: stack scanning
 5  libstdc++.so.6.0.28 + 0xcfb10
    rsp = 0x000014827fffd760   rip = 0x000014830fa58b10
    Found by: stack scanning
 6  libpthread-2.28.so + 0x814a
    rsp = 0x000014827fffd780   rip = 0x000014830f72114a
    Found by: stack scanning
 7  libc-2.28.so + 0xfcdc3
    rsp = 0x000014827fffd840   rip = 0x000014830eecadc3
    Found by: stack scanning

Thread 9
 0  libpthread-2.28.so + 0xe64a
    rax = 0xfffffffffffffdfc   rdx = 0x0000000000000000
    rcx = 0x000014830f72764a   rbx = 0x000014830cd54670
    rsi = 0x0000000000000189   rdi = 0x000014830cd54698
    rbp = 0x0000000000000000   rsp = 0x000014827fdfc580
     r8 = 0x0000000000000000    r9 = 0x00000000ffffffff
    r10 = 0x000014827fdfc6f0   r11 = 0x0000000000000246
    r12 = 0x000014830cd54648   r13 = 0x000014830cd54698
    r14 = 0x000014827fdfc6f0   r15 = 0x0000000000000000
    rip = 0x000014830f72764a
    Found by: given as instruction pointer in context
 1  libpthread-2.28.so + 0xa979
    rsp = 0x000014827fdfc5e0   rip = 0x000014830f723979
    Found by: stack scanning
 2  libpthread-2.28.so + 0xe070
    rsp = 0x000014827fdfc5e8   rip = 0x000014830f727070
    Found by: stack scanning
 3  xmsim + 0x250060
    rsp = 0x000014827fdfc660   rip = 0x0000000000650060
    Found by: stack scanning
 4  libsideFile_xlm.so + 0xdda97
    rsp = 0x000014827fdfc670   rip = 0x000014830cd18a97
    Found by: stack scanning
 5  libstdc++.so.6.0.28 + 0xcfb10
    rsp = 0x000014827fdfc760   rip = 0x000014830fa58b10
    Found by: stack scanning
 6  libpthread-2.28.so + 0x814a
    rsp = 0x000014827fdfc780   rip = 0x000014830f72114a
    Found by: stack scanning
 7  libc-2.28.so + 0xfcdc3
    rsp = 0x000014827fdfc840   rip = 0x000014830eecadc3
    Found by: stack scanning

Thread 10
 0  libpthread-2.28.so + 0xe64a
    rax = 0xfffffffffffffdfc   rdx = 0x0000000000000000
    rcx = 0x000014830f72764a   rbx = 0x000014830cd54670
    rsi = 0x0000000000000189   rdi = 0x000014830cd54698
    rbp = 0x0000000000000000   rsp = 0x000014827fbfb580
     r8 = 0x0000000000000000    r9 = 0x00000000ffffffff
    r10 = 0x000014827fbfb6f0   r11 = 0x0000000000000246
    r12 = 0x000014830cd54648   r13 = 0x000014830cd54698
    r14 = 0x000014827fbfb6f0   r15 = 0x0000000000000000
    rip = 0x000014830f72764a
    Found by: given as instruction pointer in context
 1  libsideFile_xlm.so + 0x116c60
    rsp = 0x000014827fbfb5d8   rip = 0x000014830cd51c60
    Found by: stack scanning
 2  libpthread-2.28.so + 0xe070
    rsp = 0x000014827fbfb5e8   rip = 0x000014830f727070
    Found by: stack scanning
 3  xmsim + 0x250060
    rsp = 0x000014827fbfb660   rip = 0x0000000000650060
    Found by: stack scanning
 4  libsideFile_xlm.so + 0xdda97
    rsp = 0x000014827fbfb670   rip = 0x000014830cd18a97
    Found by: stack scanning
 5  libstdc++.so.6.0.28 + 0xcfb10
    rsp = 0x000014827fbfb760   rip = 0x000014830fa58b10
    Found by: stack scanning
 6  libpthread-2.28.so + 0x814a
    rsp = 0x000014827fbfb780   rip = 0x000014830f72114a
    Found by: stack scanning
 7  libc-2.28.so + 0xfcdc3
    rsp = 0x000014827fbfb840   rip = 0x000014830eecadc3
    Found by: stack scanning

Thread 11
 0  libpthread-2.28.so + 0xe64a
    rax = 0xfffffffffffffdfc   rdx = 0x0000000000000000
    rcx = 0x000014830f72764a   rbx = 0x000000000ed877c8
    rsi = 0x0000000000000189   rdi = 0x000000000ed877f0
    rbp = 0x0000000000000000   rsp = 0x000014827f9fa5a0
     r8 = 0x0000000000000000    r9 = 0x00000000ffffffff
    r10 = 0x000014827f9fa6d0   r11 = 0x0000000000000246
    r12 = 0x000000000ed877a0   r13 = 0x000000000ed877f0
    r14 = 0x000014827f9fa6d0   r15 = 0x0000000000000000
    rip = 0x000014830f72764a
    Found by: given as instruction pointer in context
 1  libpthread-2.28.so + 0xe070
    rsp = 0x000014827f9fa608   rip = 0x000014830f727070
    Found by: stack scanning
 2  xmsim + 0x250060
    rsp = 0x000014827f9fa688   rip = 0x0000000000650060
    Found by: stack scanning
 3  libchannel_xlm.so + 0x325e3
    rsp = 0x000014827f9fa690   rip = 0x00001483072345e3
    Found by: stack scanning
 4  libstdc++.so.6.0.28 + 0xcfb10
    rsp = 0x000014827f9fa760   rip = 0x000014830fa58b10
    Found by: stack scanning
 5  libpthread-2.28.so + 0x814a
    rsp = 0x000014827f9fa780   rip = 0x000014830f72114a
    Found by: stack scanning
 6  libc-2.28.so + 0xfcdc3
    rsp = 0x000014827f9fa840   rip = 0x000014830eecadc3
    Found by: stack scanning

Thread 12
 0  libc-2.28.so + 0xf1a41
    rax = 0xfffffffffffffdfc   rdx = 0x0000000000002710
    rcx = 0x000014830eebfa41   rbx = 0x0000148268000b60
    rsi = 0x0000000000000002   rdi = 0x0000148268000b60
    rbp = 0x0000000000000002   rsp = 0x000014827f7f95d0
     r8 = 0x0000000000000000    r9 = 0x0000000000000001
    r10 = 0x000000000ecbd378   r11 = 0x0000000000000293
    r12 = 0x0000000000002710   r13 = 0x00000000050fb5d0
    r14 = 0x0000000000000002   r15 = 0x00000000050fb5e0
    rip = 0x000014830eebfa41
    Found by: given as instruction pointer in context
 1  libchannel_xlm.so + 0x3f941
    rsp = 0x000014827f7f9600   rip = 0x0000148307241941
    Found by: stack scanning
 2  libchannel_xlm.so + 0x4071b
    rsp = 0x000014827f7f96d0   rip = 0x000014830724271b
    Found by: stack scanning
 3  libstdc++.so.6.0.28 + 0xc80a8
    rsp = 0x000014827f7f96e0   rip = 0x000014830fa510a8
    Found by: stack scanning
 4  xmsim + 0x250060
    rsp = 0x000014827f7f96f8   rip = 0x0000000000650060
    Found by: stack scanning
 5  libchannel_xlm.so + 0x3f430
    rsp = 0x000014827f7f9700   rip = 0x0000148307241430
    Found by: stack scanning
 6  libstdc++.so.6.0.28 + 0xcfb10
    rsp = 0x000014827f7f9760   rip = 0x000014830fa58b10
    Found by: stack scanning
 7  libpthread-2.28.so + 0x814a
    rsp = 0x000014827f7f9780   rip = 0x000014830f72114a
    Found by: stack scanning
 8  libc-2.28.so + 0xfcdc3
    rsp = 0x000014827f7f9840   rip = 0x000014830eecadc3
    Found by: stack scanning

Thread 13
 0  libpthread-2.28.so + 0xe64a
    rax = 0xfffffffffffffdfc   rdx = 0x0000000000000000
    rcx = 0x000014830f72764a   rbx = 0x000000000eda4218
    rsi = 0x0000000000000189   rdi = 0x000000000eda4240
    rbp = 0x0000000000000000   rsp = 0x000014827f5f85a0
     r8 = 0x0000000000000000    r9 = 0x00000000ffffffff
    r10 = 0x000014827f5f86d0   r11 = 0x0000000000000246
    r12 = 0x000000000eda41f0   r13 = 0x000000000eda4240
    r14 = 0x000014827f5f86d0   r15 = 0x0000000000000000
    rip = 0x000014830f72764a
    Found by: given as instruction pointer in context
 1  libpthread-2.28.so + 0xe070
    rsp = 0x000014827f5f8608   rip = 0x000014830f727070
    Found by: stack scanning
 2  xmsim + 0x250060
    rsp = 0x000014827f5f8688   rip = 0x0000000000650060
    Found by: stack scanning
 3  libchannel_xlm.so + 0x325e3
    rsp = 0x000014827f5f8690   rip = 0x00001483072345e3
    Found by: stack scanning
 4  libstdc++.so.6.0.28 + 0xcfb10
    rsp = 0x000014827f5f8760   rip = 0x000014830fa58b10
    Found by: stack scanning
 5  libpthread-2.28.so + 0x814a
    rsp = 0x000014827f5f8780   rip = 0x000014830f72114a
    Found by: stack scanning
 6  libc-2.28.so + 0xfcdc3
    rsp = 0x000014827f5f8840   rip = 0x000014830eecadc3
    Found by: stack scanning

Thread 14
 0  libc-2.28.so + 0xf1a41
    rax = 0xfffffffffffffdfc   rdx = 0x0000000000002710
    rcx = 0x000014830eebfa41   rbx = 0x000014826c000c00
    rsi = 0x0000000000000003   rdi = 0x000014826c000c00
    rbp = 0x0000000000000003   rsp = 0x000014827f3f7610
     r8 = 0x0000000000000000    r9 = 0x000014827f3f7540
    r10 = 0x000014827f3f7508   r11 = 0x0000000000000293
    r12 = 0x0000000000002710   r13 = 0x000000000ed87d40
    r14 = 0x0000000000000003   r15 = 0x000000000ed87d50
    rip = 0x000014830eebfa41
    Found by: given as instruction pointer in context
 1  libchannel_xlm.so + 0x3f941
    rsp = 0x000014827f3f7640   rip = 0x0000148307241941
    Found by: stack scanning
 2  libchannel_xlm.so + 0x4071b
    rsp = 0x000014827f3f7710   rip = 0x000014830724271b
    Found by: stack scanning
 3  libchannel_xlm.so + 0x3ef64
    rsp = 0x000014827f3f7740   rip = 0x0000148307240f64
    Found by: stack scanning
 4  libstdc++.so.6.0.28 + 0xcfb10
    rsp = 0x000014827f3f7760   rip = 0x000014830fa58b10
    Found by: stack scanning
 5  libpthread-2.28.so + 0x814a
    rsp = 0x000014827f3f7780   rip = 0x000014830f72114a
    Found by: stack scanning
 6  libc-2.28.so + 0xfcdc3
    rsp = 0x000014827f3f7840   rip = 0x000014830eecadc3
    Found by: stack scanning

Loaded modules:
0x00400000 - 0x0327efff  xmsim  ???  (main)  (WARNING: No symbols, xmsim, 55FE00425F09A8245D42EFD5BFCCAE040)
0x03280000 - 0x0348ffff  xmsim  ???  (WARNING: No symbols, xmsim, 000000000000000000000000000000000)
0x14827d607000 - 0x14827d634fff  libtbbmalloc.so.2  ???
0x14827d635000 - 0x14827d837fff  libtbbmalloc.so.2  ???
0x14827d85b000 - 0x14827d8abfff  libtbb.so.2  ???
0x14827d8ac000 - 0x14827daaffff  libtbb.so.2  ???
0x14827ef80000 - 0x14827eff2fff  libdwapi.so  ???
0x14827eff3000 - 0x14827eff7fff  libdwapi.so  ???
0x14829c045000 - 0x14829c060fff  libtbbshm.so  ???
0x14829c061000 - 0x14829c063fff  libtbbshm.so  ???
0x14829c065000 - 0x14829c074fff  trace.dsn  ???
0x14829c076000 - 0x14829c077fff  uverbs1  ???
0x14829ffc5000 - 0x1482a0021fff  libmlx5.so.1.19.35.0  ???
0x1482a0022000 - 0x1482a0223fff  libmlx5.so.1.19.35.0  ???
0x1482a02c7000 - 0x1482a02d8fff  libckpt.so  ???
0x1482c66bc000 - 0x1482c66c4fff  libxdt.so  ???
0x1482c69cb000 - 0x1482c69cffff  libdpi.so  ???
0x1482c69d0000 - 0x1482c69d4fff  _sv_export.so  ???
0x1482c69d5000 - 0x1482c69e8fff  libncrun.so  ???
0x1482c69e9000 - 0x1482c69ebfff  libncrun.so  ???
0x1482c69ec000 - 0x1482c70fefff  libxcrt.so  ???
0x148303e54000 - 0x148303e77fff  libml_uvm.so  ???
0x148304704000 - 0x14830473bfff  libgomp.so.1.0.0  ???
0x14830473c000 - 0x148304789fff  libotb.so  ???
0x14830478b000 - 0x14830478ffff  libixcg.so  ???
0x148305015000 - 0x148305097fff  libpcre2-8.so.0.7.1  ???
0x148305098000 - 0x148305298fff  libpcre2-8.so.0.7.1  ???
0x148305299000 - 0x1483052bffff  libselinux.so.1  ???
0x1483052c0000 - 0x1483054c0fff  libselinux.so.1  ???
0x1483054c3000 - 0x1483054d6fff  libresolv-2.28.so  ???
0x1483054d7000 - 0x1483056d7fff  libresolv-2.28.so  ???
0x1483056da000 - 0x14830598cfff  libcrypto.so.1.1.1g  ???
0x14830598d000 - 0x148305bbbfff  libcrypto.so.1.1.1g  ???
0x148305bc0000 - 0x148305bc2fff  libkeyutils.so.1.6  ???
0x148305bc3000 - 0x148305dc2fff  libkeyutils.so.1.6  ???
0x148305dc4000 - 0x148305dd2fff  libkrb5support.so.0.1  ???
0x148305dd3000 - 0x148305fd4fff  libkrb5support.so.0.1  ???
0x148305fd5000 - 0x1483060c0fff  libzstd_xlm.so  ???
0x1483060c1000 - 0x1483061cefff  libsqlite3.so.0.8.6  ???
0x1483061cf000 - 0x1483063d4fff  libsqlite3.so.0.8.6  ???
0x1483063d5000 - 0x1483063d7fff  libcom_err.so.2.1  ???
0x1483063d8000 - 0x1483065d8fff  libcom_err.so.2.1  ???
0x1483065d9000 - 0x1483065edfff  libk5crypto.so.3.1  ???
0x1483065ee000 - 0x1483067effff  libk5crypto.so.3.1  ???
0x1483067f0000 - 0x1483068c8fff  libkrb5.so.3.3  ???
0x1483068c9000 - 0x148306ad8fff  libkrb5.so.3.3  ???
0x148306ad9000 - 0x148306b2afff  libgssapi_krb5.so.2.2  ???
0x148306b2b000 - 0x148306d2dfff  libgssapi_krb5.so.2.2  ???
0x148306d2e000 - 0x148306d4efff  libnl-3.so.200.26.0  ???
0x148306d4f000 - 0x148306f50fff  libnl-3.so.200.26.0  ???
0x148306f51000 - 0x148306fcbfff  libnl-route-3.so.200.26.0  ???
0x148306fcc000 - 0x1483071d4fff  libnl-route-3.so.200.26.0  ???
0x1483071d7000 - 0x148307201fff  libcfgmgr_client_xlm.so  ???
0x148307202000 - 0x14830727efff  libchannel_xlm.so  ???  (WARNING: No symbols, libchannel_xlm.so, E2DCFE347551AABBFB880B9240B188EA0)
0x14830727f000 - 0x148307282fff  libchannel_xlm.so  ???
0x148307283000 - 0x148307289fff  librt-2.28.so  ???
0x14830728a000 - 0x14830748afff  librt-2.28.so  ???
0x14830748b000 - 0x1483074c3fff  libjsoncpp_xlm.so  ???
0x1483074c4000 - 0x148307515fff  libjsoncpp_xlm.so  ???
0x148307516000 - 0x14830752afff  libcomputeFarm_xlm.so  ???
0x14830752b000 - 0x148307552fff  libcomputeFarm_xlm.so  ???
0x148307553000 - 0x148307583fff  liblz4_xlm.so  ???
0x148307584000 - 0x14830758efff  libzcompress_xlm.so  ???
0x14830758f000 - 0x1483075cbfff  libnativeutils_xlm.so  ???
0x1483075cc000 - 0x14830761bfff  libtbb_xlm.so  ???
0x14830761c000 - 0x148307621fff  libtbb_xlm.so  ???
0x148307624000 - 0x148307654fff  libtirpc.so.3.0.0  ???
0x148307655000 - 0x148307856fff  libtirpc.so.3.0.0  ???
0x148307857000 - 0x148307874fff  libibverbs.so.1.14.35.0  ???
0x148307875000 - 0x148307a76fff  libibverbs.so.1.14.35.0  ???
0x148307a77000 - 0x148307a8cfff  libz.so.1.2.11  ???
0x148307a8d000 - 0x148307c8cfff  libz.so.1.2.11  ???
0x148307c8e000 - 0x148307caefff  libobjqp_xlm.so  ???
0x148307caf000 - 0x148307cb9fff  libnuma.so.1.0.0  ???
0x148307cba000 - 0x148307ebafff  libnuma.so.1.0.0  ???
0x148307ebb000 - 0x148307ec6fff  libsd_xlm.so  ???
0x148307ec8000 - 0x148307ee5fff  libibsupport_real_xlm.so  ???
0x148308b7e000 - 0x148308d04fff  libet6_thin_api_xlm.so  ???
0x148308d05000 - 0x148308d17fff  libet6_thin_api_xlm.so  ???
0x14830c854000 - 0x14830c8cdfff  libqtutil_xlm.so  ???
0x14830c8ce000 - 0x14830c8d1fff  libqtutil_xlm.so  ???
0x14830c8d2000 - 0x14830c8d6fff  libqtThread_xlm.so  ???
0x14830c8d7000 - 0x14830c98dfff  libhwConfig_xlm.so  ???
0x14830c98e000 - 0x14830cab1fff  libdbgutil_xlm.so  ???  (WARNING: No symbols, libdbgutil_xlm.so, 910EC9384732FEE1E904BBF8BF91C0C20)
0x14830cbb2000 - 0x14830cc10fff  libmembin_xlm.so  ???
0x14830cc11000 - 0x14830cc14fff  libmembin_xlm.so  ???
0x14830cc16000 - 0x14830cc37fff  libllmemory_xlm.so  ???
0x14830cc38000 - 0x14830cc3afff  libllmemory_xlm.so  ???
0x14830cc3b000 - 0x14830cd53fff  libsideFile_xlm.so  ???  (WARNING: No symbols, libsideFile_xlm.so, D53B95EEBAB3857B3199746247749B370)
0x14830cd55000 - 0x14830cd93fff  libinfinifile_xlm.so  ???
0x14830cd94000 - 0x14830cec9fff  libuart.so  ???
0x14830ceca000 - 0x14830cecffff  libuart.so  ???
0x14830e7a9000 - 0x14830e965fff  libStrapNC.so  ???
0x14830e96f000 - 0x14830ea21fff  libdcapi.so  ???
0x14830ea22000 - 0x14830ea2efff  libdcapi.so  ???
0x14830ea30000 - 0x14830ea3afff  libnss_files-2.28.so  ???
0x14830ea3b000 - 0x14830ec3cfff  libnss_files-2.28.so  ???
0x14830ecc4000 - 0x14830ed5cfff  libxmjudy.so.1.0.3  ???
0x14830ed5d000 - 0x14830edc1fff  libcbreakpad.so  ???  (WARNING: No symbols, libcbreakpad.so, 1A0F7F62185D2C02CF86A6E6B7CC82920)
0x14830edc2000 - 0x14830edc6fff  libcbreakpad.so  ???
0x14830edce000 - 0x14830ef89fff  libc-2.28.so  ???  (WARNING: No symbols, libc-2.28.so, 517B1DA93AB2E8646B82A91511C446C10)
0x14830ef8a000 - 0x14830f18efff  libc-2.28.so  ???
0x14830f193000 - 0x14830f313fff  libm-2.28.so  ???
0x14830f314000 - 0x14830f514fff  libm-2.28.so  ???
0x14830f515000 - 0x14830f517fff  libdl-2.28.so  ???
0x14830f518000 - 0x14830f718fff  libdl-2.28.so  ???
0x14830f719000 - 0x14830f733fff  libpthread-2.28.so  ???  (WARNING: No symbols, libpthread-2.28.so, CF866DCF5B969E12C9DFDCD756741E430)
0x14830f734000 - 0x14830f934fff  libpthread-2.28.so  ???
0x14830f939000 - 0x14830f964fff  ld-2.28.so  ???  (WARNING: No symbols, ld-2.28.so, 200CD33375D17A353497081E95F0FA480)
0x14830f965000 - 0x14830f966fff  uverbs0  ???
0x14830f96d000 - 0x14830f986fff  libgcc_s.so.1  ???
0x14830f989000 - 0x14830fb5ffff  libstdc++.so.6.0.28  ???  (WARNING: No symbols, libstdc++.so.6.0.28, 45962B5304507FBFFC729955451382EF0)
0x14830fb65000 - 0x14830fb67fff  ld-2.28.so  ???  (WARNING: No symbols, ld-2.28.so, 000000000000000000000000000000000)
0x7ffedadf8000 - 0x7ffedadf9fff  linux-gate.so  ???

******BACKTRACE*****
<unknown> (libcbreakpad.so) [0x14830ed911a3]
<unknown> (libcbreakpad.so) [0x14830ed91630]
vserror (xmsim) [0x1b9181a]
serror (xmsim) [0x1b91d55]
sv_sigusrdump_info (xmsim) [0xcbe9df]
sv_seghandler_aux (xmsim) [0xcc11a7]
sv_seghandler (xmsim) [0xcc170d]
__restore_rt (libpthread.so.0) [0x14830f72bb20]
__strlen_avx2 (libc.so.6) [0x14830ef2b5f5]
_IO_vfprintf (libc.so.6) [0x14830ee200af]
vsprintf (libc.so.6) [0x14830ee41325]
sprintf (libc.so.6) [0x14830ee27008]
ib_service_data (libdpi.so) [0x1482c69cc29c]
******BACKTRACE END*****