Operating system: Linux
                  0.0.0 Linux 4.18.0-305.el8.x86_64 #1 SMP Thu Apr 29 08:54:30 EDT 2021 x86_64
CPU: amd64
     family 6 model 63 stepping 4
     1 CPU

GPU: UNKNOWN

Crash reason:  DUMP_REQUESTED
Crash address: 0x14700a634406
Process uptime: not available

Thread 0 (crashed)
 0  libcbreakpad.so + 0x36406
    rax = 0x0000000000000007   rdx = 0x0000000000000000
    rcx = 0x000014700a632cb2   rbx = 0x0000146ffffa11a0
    rsi = 0x0000000000000001   rdi = 0x0000146ffffa0b28
    rbp = 0x0000146ffffa10e0   rsp = 0x0000146ffffa0a90
     r8 = 0x0000000000000000    r9 = 0x0000000000000000
    r10 = 0x0000146ffffa0ca8   r11 = 0x0000000000000000
    r12 = 0x000000000e42bd50   r13 = 0x00000000032d7f60
    r14 = 0x0000146ffffa1120   r15 = 0x000014700a6e0ef0
    rip = 0x000014700a634406
    Found by: given as instruction pointer in context
 1  libcbreakpad.so + 0x34672
    rbp = 0x0000146ffffa1230   rsp = 0x0000146ffffa10f0
    rip = 0x000014700a632672
    Found by: previous frame's frame pointer
 2  libc-2.28.so + 0x59008
    rbp = 0x0000146ffffa1230   rsp = 0x0000146ffffa1140
    rip = 0x000014700a6c8008
    Found by: stack scanning
 3  xmsim + 0x2467eef
    rbp = 0x0000146ffffa1230   rsp = 0x0000146ffffa1168
    rip = 0x0000000002867eef
    Found by: stack scanning
 4  xmsim + 0x292526e
    rbp = 0x0000146ffffa1230   rsp = 0x0000146ffffa1180
    rip = 0x0000000002d2526e
    Found by: stack scanning
 5  libc-2.28.so + 0x180580
    rbp = 0x0000146ffffa1230   rsp = 0x0000146ffffa1190
    rip = 0x000014700a7ef580
    Found by: stack scanning
 6  libotb.so + 0x22fff
    rbp = 0x0000146ffffa1230   rsp = 0x0000146ffffa1198
    rip = 0x0000146fffffffff
    Found by: stack scanning
 7  xmsim + 0x179181a
    rsp = 0x0000146ffffa1240   rip = 0x0000000001b9181a
    Found by: stack scanning
 8  xmsim + 0xbf0000
    rsp = 0x0000146ffffa1250   rip = 0x0000000000ff0000
    Found by: stack scanning
 9  xmsim + 0x57f60
    rsp = 0x0000146ffffa1260   rip = 0x00000000032d7f60
    Found by: stack scanning
10  xmsim + 0x57f60
    rsp = 0x0000146ffffa1268   rip = 0x00000000032d7f60
    Found by: stack scanning
11  ld-2.28.so + 0xa11c
    rsp = 0x0000146ffffa1340   rip = 0x000014700b1e411c
    Found by: stack scanning
12  libc-2.28.so + 0xed694
    rsp = 0x0000146ffffa1380   rip = 0x000014700a75c694
    Found by: stack scanning
13  xmsim + 0x23fa312
    rsp = 0x0000146ffffa1468   rip = 0x00000000027fa312
    Found by: stack scanning
14  xmsim + 0x1791d55
    rsp = 0x0000146ffffa1480   rip = 0x0000000001b91d55
    Found by: stack scanning
15  xmsim + 0x23fa312
    rsp = 0x0000146ffffa14b0   rip = 0x00000000027fa312
    Found by: stack scanning
16  libpthread-2.28.so + 0x124b6
    rsp = 0x0000146ffffa14e0   rip = 0x000014700afcc4b6
    Found by: stack scanning
17  ld-2.28.so + 0x21d0
    rsp = 0x0000146ffffa1500   rip = 0x000014700b4081d0
    Found by: stack scanning
18  xmsim + 0xf51d26
    rsp = 0x0000146ffffa1510   rip = 0x0000000001351d26
    Found by: stack scanning
19  xmsim + 0x23fa312
    rsp = 0x0000146ffffa1540   rip = 0x00000000027fa312
    Found by: stack scanning
20  xmsim + 0x8be9df
    rsp = 0x0000146ffffa1560   rip = 0x0000000000cbe9df
    Found by: stack scanning

Thread 1
 0  libpthread-2.28.so + 0xe64a
    rax = 0xfffffffffffffdfc   rdx = 0x0000000000000000
    rcx = 0x000014700afc864a   rbx = 0x00001470085f5670
    rsi = 0x0000000000000189   rdi = 0x00001470085f5698
    rbp = 0x0000000000000000   rsp = 0x0000146f987a9580
     r8 = 0x0000000000000000    r9 = 0x00000000ffffffff
    r10 = 0x0000146f987a96f0   r11 = 0x0000000000000246
    r12 = 0x00001470085f5648   r13 = 0x00001470085f5698
    r14 = 0x0000146f987a96f0   r15 = 0x0000000000000000
    rip = 0x000014700afc864a
    Found by: given as instruction pointer in context
 1  libpthread-2.28.so + 0xe070
    rsp = 0x0000146f987a95e8   rip = 0x000014700afc8070
    Found by: stack scanning
 2  xmsim + 0x250060
    rsp = 0x0000146f987a9660   rip = 0x0000000000650060
    Found by: stack scanning
 3  libsideFile_xlm.so + 0xdda97
    rsp = 0x0000146f987a9670   rip = 0x00001470085b9a97
    Found by: stack scanning
 4  libdbgutil_xlm.so + 0xc6e40
    rsp = 0x0000146f987a96b8   rip = 0x00001470082f5e40
    Found by: stack scanning
 5  libstdc++.so.6.0.28 + 0xcfb10
    rsp = 0x0000146f987a9760   rip = 0x000014700b2f9b10
    Found by: stack scanning
 6  libpthread-2.28.so + 0x814a
    rsp = 0x0000146f987a9780   rip = 0x000014700afc214a
    Found by: stack scanning
 7  libc-2.28.so + 0xfcdc3
    rsp = 0x0000146f987a9840   rip = 0x000014700a76bdc3
    Found by: stack scanning

Thread 2
 0  libpthread-2.28.so + 0xe64a
    rax = 0xfffffffffffffdfc   rdx = 0x0000000000000000
    rcx = 0x000014700afc864a   rbx = 0x00001470085f5670
    rsi = 0x0000000000000189   rdi = 0x00001470085f5698
    rbp = 0x0000000000000000   rsp = 0x0000146f905a8580
     r8 = 0x0000000000000000    r9 = 0x00000000ffffffff
    r10 = 0x0000146f905a86f0   r11 = 0x0000000000000246
    r12 = 0x00001470085f5648   r13 = 0x00001470085f5698
    r14 = 0x0000146f905a86f0   r15 = 0x0000000000000000
    rip = 0x000014700afc864a
    Found by: given as instruction pointer in context
 1  libpthread-2.28.so + 0xe070
    rsp = 0x0000146f905a85e8   rip = 0x000014700afc8070
    Found by: stack scanning
 2  xmsim + 0x250060
    rsp = 0x0000146f905a8660   rip = 0x0000000000650060
    Found by: stack scanning
 3  libsideFile_xlm.so + 0xdda97
    rsp = 0x0000146f905a8670   rip = 0x00001470085b9a97
    Found by: stack scanning
 4  libdbgutil_xlm.so + 0xc6e40
    rsp = 0x0000146f905a86b8   rip = 0x00001470082f5e40
    Found by: stack scanning
 5  libstdc++.so.6.0.28 + 0xcfb10
    rsp = 0x0000146f905a8760   rip = 0x000014700b2f9b10
    Found by: stack scanning
 6  libpthread-2.28.so + 0x814a
    rsp = 0x0000146f905a8780   rip = 0x000014700afc214a
    Found by: stack scanning
 7  libc-2.28.so + 0xfcdc3
    rsp = 0x0000146f905a8840   rip = 0x000014700a76bdc3
    Found by: stack scanning

Thread 3
 0  libpthread-2.28.so + 0xe64a
    rax = 0xfffffffffffffdfc   rdx = 0x0000000000000000
    rcx = 0x000014700afc864a   rbx = 0x00001470085f5670
    rsi = 0x0000000000000189   rdi = 0x00001470085f5698
    rbp = 0x0000000000000000   rsp = 0x0000146f985a8580
     r8 = 0x0000000000000000    r9 = 0x00000000ffffffff
    r10 = 0x0000146f985a86f0   r11 = 0x0000000000000246
    r12 = 0x00001470085f5648   r13 = 0x00001470085f5698
    r14 = 0x0000146f985a86f0   r15 = 0x0000000000000000
    rip = 0x000014700afc864a
    Found by: given as instruction pointer in context
 1  libpthread-2.28.so + 0xe070
    rsp = 0x0000146f985a85e8   rip = 0x000014700afc8070
    Found by: stack scanning
 2  xmsim + 0x250060
    rsp = 0x0000146f985a8660   rip = 0x0000000000650060
    Found by: stack scanning
 3  libsideFile_xlm.so + 0xdda97
    rsp = 0x0000146f985a8670   rip = 0x00001470085b9a97
    Found by: stack scanning
 4  libdbgutil_xlm.so + 0xc6e40
    rsp = 0x0000146f985a86b8   rip = 0x00001470082f5e40
    Found by: stack scanning
 5  libstdc++.so.6.0.28 + 0xcfb10
    rsp = 0x0000146f985a8760   rip = 0x000014700b2f9b10
    Found by: stack scanning
 6  libpthread-2.28.so + 0x814a
    rsp = 0x0000146f985a8780   rip = 0x000014700afc214a
    Found by: stack scanning
 7  libc-2.28.so + 0xfcdc3
    rsp = 0x0000146f985a8840   rip = 0x000014700a76bdc3
    Found by: stack scanning

Thread 4
 0  libpthread-2.28.so + 0xe64a
    rax = 0xfffffffffffffdfc   rdx = 0x0000000000000000
    rcx = 0x000014700afc864a   rbx = 0x00001470085f5670
    rsi = 0x0000000000000189   rdi = 0x00001470085f5698
    rbp = 0x0000000000000000   rsp = 0x0000146f983a7580
     r8 = 0x0000000000000000    r9 = 0x00000000ffffffff
    r10 = 0x0000146f983a76f0   r11 = 0x0000000000000246
    r12 = 0x00001470085f5648   r13 = 0x00001470085f5698
    r14 = 0x0000146f983a76f0   r15 = 0x0000000000000000
    rip = 0x000014700afc864a
    Found by: given as instruction pointer in context
 1  libpthread-2.28.so + 0xe070
    rsp = 0x0000146f983a75e8   rip = 0x000014700afc8070
    Found by: stack scanning
 2  xmsim + 0x250060
    rsp = 0x0000146f983a7660   rip = 0x0000000000650060
    Found by: stack scanning
 3  libsideFile_xlm.so + 0xdda97
    rsp = 0x0000146f983a7670   rip = 0x00001470085b9a97
    Found by: stack scanning
 4  libdbgutil_xlm.so + 0xc6e40
    rsp = 0x0000146f983a76b8   rip = 0x00001470082f5e40
    Found by: stack scanning
 5  xmsim + 0x6d938
    rsp = 0x0000146f983a7700   rip = 0x000000000046d938
    Found by: stack scanning
 6  libstdc++.so.6.0.28 + 0xcfb10
    rsp = 0x0000146f983a7760   rip = 0x000014700b2f9b10
    Found by: stack scanning
 7  libpthread-2.28.so + 0x814a
    rsp = 0x0000146f983a7780   rip = 0x000014700afc214a
    Found by: stack scanning
 8  libc-2.28.so + 0xfcdc3
    rsp = 0x0000146f983a7840   rip = 0x000014700a76bdc3
    Found by: stack scanning

Thread 5
 0  libpthread-2.28.so + 0xe64a
    rax = 0xfffffffffffffdfc   rdx = 0x0000000000000000
    rcx = 0x000014700afc864a   rbx = 0x00001470085f5670
    rsi = 0x0000000000000189   rdi = 0x00001470085f5698
    rbp = 0x0000000000000000   rsp = 0x0000146f93ffd580
     r8 = 0x0000000000000000    r9 = 0x00000000ffffffff
    r10 = 0x0000146f93ffd6f0   r11 = 0x0000000000000246
    r12 = 0x00001470085f5648   r13 = 0x00001470085f5698
    r14 = 0x0000146f93ffd6f0   r15 = 0x0000000000000000
    rip = 0x000014700afc864a
    Found by: given as instruction pointer in context
 1  libpthread-2.28.so + 0xe070
    rsp = 0x0000146f93ffd5e8   rip = 0x000014700afc8070
    Found by: stack scanning
 2  xmsim + 0x250060
    rsp = 0x0000146f93ffd660   rip = 0x0000000000650060
    Found by: stack scanning
 3  libsideFile_xlm.so + 0xdda97
    rsp = 0x0000146f93ffd670   rip = 0x00001470085b9a97
    Found by: stack scanning
 4  libdbgutil_xlm.so + 0xc6e40
    rsp = 0x0000146f93ffd6b8   rip = 0x00001470082f5e40
    Found by: stack scanning
 5  xmsim + 0x888b6
    rsp = 0x0000146f93ffd700   rip = 0x00000000004888b6
    Found by: stack scanning
 6  libstdc++.so.6.0.28 + 0xcfb10
    rsp = 0x0000146f93ffd760   rip = 0x000014700b2f9b10
    Found by: stack scanning
 7  libpthread-2.28.so + 0x814a
    rsp = 0x0000146f93ffd780   rip = 0x000014700afc214a
    Found by: stack scanning
 8  libc-2.28.so + 0xfcdc3
    rsp = 0x0000146f93ffd840   rip = 0x000014700a76bdc3
    Found by: stack scanning

Thread 6
 0  libpthread-2.28.so + 0xe64a
    rax = 0xfffffffffffffdfc   rdx = 0x0000000000000000
    rcx = 0x000014700afc864a   rbx = 0x00001470085f5670
    rsi = 0x0000000000000189   rdi = 0x00001470085f5698
    rbp = 0x0000000000000000   rsp = 0x0000146f93dfc580
     r8 = 0x0000000000000000    r9 = 0x00000000ffffffff
    r10 = 0x0000146f93dfc6f0   r11 = 0x0000000000000246
    r12 = 0x00001470085f5648   r13 = 0x00001470085f5698
    r14 = 0x0000146f93dfc6f0   r15 = 0x0000000000000000
    rip = 0x000014700afc864a
    Found by: given as instruction pointer in context
 1  libpthread-2.28.so + 0xe070
    rsp = 0x0000146f93dfc5e8   rip = 0x000014700afc8070
    Found by: stack scanning
 2  xmsim + 0x250060
    rsp = 0x0000146f93dfc660   rip = 0x0000000000650060
    Found by: stack scanning
 3  libsideFile_xlm.so + 0xdda97
    rsp = 0x0000146f93dfc670   rip = 0x00001470085b9a97
    Found by: stack scanning
 4  libdbgutil_xlm.so + 0xc6e40
    rsp = 0x0000146f93dfc6b8   rip = 0x00001470082f5e40
    Found by: stack scanning
 5  xmsim + 0xb68c5
    rsp = 0x0000146f93dfc700   rip = 0x00000000004b68c5
    Found by: stack scanning
 6  libstdc++.so.6.0.28 + 0xcfb10
    rsp = 0x0000146f93dfc760   rip = 0x000014700b2f9b10
    Found by: stack scanning
 7  libpthread-2.28.so + 0x814a
    rsp = 0x0000146f93dfc780   rip = 0x000014700afc214a
    Found by: stack scanning
 8  libc-2.28.so + 0xfcdc3
    rsp = 0x0000146f93dfc840   rip = 0x000014700a76bdc3
    Found by: stack scanning

Thread 7
 0  libpthread-2.28.so + 0xe64a
    rax = 0xfffffffffffffdfc   rdx = 0x0000000000000000
    rcx = 0x000014700afc864a   rbx = 0x00001470085f5670
    rsi = 0x0000000000000189   rdi = 0x00001470085f5698
    rbp = 0x0000000000000000   rsp = 0x0000146f93bfb580
     r8 = 0x0000000000000000    r9 = 0x00000000ffffffff
    r10 = 0x0000146f93bfb6f0   r11 = 0x0000000000000246
    r12 = 0x00001470085f5648   r13 = 0x00001470085f5698
    r14 = 0x0000146f93bfb6f0   r15 = 0x0000000000000000
    rip = 0x000014700afc864a
    Found by: given as instruction pointer in context
 1  libpthread-2.28.so + 0xe070
    rsp = 0x0000146f93bfb5e8   rip = 0x000014700afc8070
    Found by: stack scanning
 2  xmsim + 0x250060
    rsp = 0x0000146f93bfb660   rip = 0x0000000000650060
    Found by: stack scanning
 3  libsideFile_xlm.so + 0xdda97
    rsp = 0x0000146f93bfb670   rip = 0x00001470085b9a97
    Found by: stack scanning
 4  libdbgutil_xlm.so + 0xc6e40
    rsp = 0x0000146f93bfb6b8   rip = 0x00001470082f5e40
    Found by: stack scanning
 5  libstdc++.so.6.0.28 + 0xcfb10
    rsp = 0x0000146f93bfb760   rip = 0x000014700b2f9b10
    Found by: stack scanning
 6  libpthread-2.28.so + 0x814a
    rsp = 0x0000146f93bfb780   rip = 0x000014700afc214a
    Found by: stack scanning
 7  libc-2.28.so + 0xfcdc3
    rsp = 0x0000146f93bfb840   rip = 0x000014700a76bdc3
    Found by: stack scanning

Thread 8
 0  libpthread-2.28.so + 0xe64a
    rax = 0xfffffffffffffdfc   rdx = 0x0000000000000000
    rcx = 0x000014700afc864a   rbx = 0x00001470085f5670
    rsi = 0x0000000000000189   rdi = 0x00001470085f5698
    rbp = 0x0000000000000000   rsp = 0x0000146f939fa580
     r8 = 0x0000000000000000    r9 = 0x00000000ffffffff
    r10 = 0x0000146f939fa6f0   r11 = 0x0000000000000246
    r12 = 0x00001470085f5648   r13 = 0x00001470085f5698
    r14 = 0x0000146f939fa6f0   r15 = 0x0000000000000000
    rip = 0x000014700afc864a
    Found by: given as instruction pointer in context
 1  libpthread-2.28.so + 0xa979
    rsp = 0x0000146f939fa5e0   rip = 0x000014700afc4979
    Found by: stack scanning
 2  libpthread-2.28.so + 0xe070
    rsp = 0x0000146f939fa5e8   rip = 0x000014700afc8070
    Found by: stack scanning
 3  xmsim + 0x250060
    rsp = 0x0000146f939fa660   rip = 0x0000000000650060
    Found by: stack scanning
 4  libsideFile_xlm.so + 0xdda97
    rsp = 0x0000146f939fa670   rip = 0x00001470085b9a97
    Found by: stack scanning
 5  libstdc++.so.6.0.28 + 0xcfb10
    rsp = 0x0000146f939fa760   rip = 0x000014700b2f9b10
    Found by: stack scanning
 6  libpthread-2.28.so + 0x814a
    rsp = 0x0000146f939fa780   rip = 0x000014700afc214a
    Found by: stack scanning
 7  libc-2.28.so + 0xfcdc3
    rsp = 0x0000146f939fa840   rip = 0x000014700a76bdc3
    Found by: stack scanning

Thread 9
 0  libpthread-2.28.so + 0xe64a
    rax = 0xfffffffffffffdfc   rdx = 0x0000000000000000
    rcx = 0x000014700afc864a   rbx = 0x00001470085f5670
    rsi = 0x0000000000000189   rdi = 0x00001470085f5698
    rbp = 0x0000000000000000   rsp = 0x0000146f937f9580
     r8 = 0x0000000000000000    r9 = 0x00000000ffffffff
    r10 = 0x0000146f937f96f0   r11 = 0x0000000000000246
    r12 = 0x00001470085f5648   r13 = 0x00001470085f5698
    r14 = 0x0000146f937f96f0   r15 = 0x0000000000000000
    rip = 0x000014700afc864a
    Found by: given as instruction pointer in context
 1  libsideFile_xlm.so + 0x116c60
    rsp = 0x0000146f937f95d8   rip = 0x00001470085f2c60
    Found by: stack scanning
 2  libpthread-2.28.so + 0xe070
    rsp = 0x0000146f937f95e8   rip = 0x000014700afc8070
    Found by: stack scanning
 3  xmsim + 0x250060
    rsp = 0x0000146f937f9660   rip = 0x0000000000650060
    Found by: stack scanning
 4  libsideFile_xlm.so + 0xdda97
    rsp = 0x0000146f937f9670   rip = 0x00001470085b9a97
    Found by: stack scanning
 5  libstdc++.so.6.0.28 + 0xcfb10
    rsp = 0x0000146f937f9760   rip = 0x000014700b2f9b10
    Found by: stack scanning
 6  libpthread-2.28.so + 0x814a
    rsp = 0x0000146f937f9780   rip = 0x000014700afc214a
    Found by: stack scanning
 7  libc-2.28.so + 0xfcdc3
    rsp = 0x0000146f937f9840   rip = 0x000014700a76bdc3
    Found by: stack scanning

Thread 10
 0  libpthread-2.28.so + 0xe64a
    rax = 0xfffffffffffffdfc   rdx = 0x0000000000000000
    rcx = 0x000014700afc864a   rbx = 0x00001470085f5670
    rsi = 0x0000000000000189   rdi = 0x00001470085f5698
    rbp = 0x0000000000000000   rsp = 0x0000146f935f8580
     r8 = 0x0000000000000000    r9 = 0x00000000ffffffff
    r10 = 0x0000146f935f86f0   r11 = 0x0000000000000246
    r12 = 0x00001470085f5648   r13 = 0x00001470085f5698
    r14 = 0x0000146f935f86f0   r15 = 0x0000000000000000
    rip = 0x000014700afc864a
    Found by: given as instruction pointer in context
 1  libsideFile_xlm.so + 0x116c60
    rsp = 0x0000146f935f85d8   rip = 0x00001470085f2c60
    Found by: stack scanning
 2  libpthread-2.28.so + 0xe070
    rsp = 0x0000146f935f85e8   rip = 0x000014700afc8070
    Found by: stack scanning
 3  xmsim + 0x250060
    rsp = 0x0000146f935f8660   rip = 0x0000000000650060
    Found by: stack scanning
 4  libsideFile_xlm.so + 0xdda97
    rsp = 0x0000146f935f8670   rip = 0x00001470085b9a97
    Found by: stack scanning
 5  libstdc++.so.6.0.28 + 0xcfb10
    rsp = 0x0000146f935f8760   rip = 0x000014700b2f9b10
    Found by: stack scanning
 6  libpthread-2.28.so + 0x814a
    rsp = 0x0000146f935f8780   rip = 0x000014700afc214a
    Found by: stack scanning
 7  libc-2.28.so + 0xfcdc3
    rsp = 0x0000146f935f8840   rip = 0x000014700a76bdc3
    Found by: stack scanning

Thread 11
 0  libpthread-2.28.so + 0xe64a
    rax = 0xfffffffffffffdfc   rdx = 0x0000000000000000
    rcx = 0x000014700afc864a   rbx = 0x000000000e46d7c8
    rsi = 0x0000000000000189   rdi = 0x000000000e46d7f0
    rbp = 0x0000000000000000   rsp = 0x0000146f933f75a0
     r8 = 0x0000000000000000    r9 = 0x00000000ffffffff
    r10 = 0x0000146f933f76d0   r11 = 0x0000000000000246
    r12 = 0x000000000e46d7a0   r13 = 0x000000000e46d7f0
    r14 = 0x0000146f933f76d0   r15 = 0x0000000000000000
    rip = 0x000014700afc864a
    Found by: given as instruction pointer in context
 1  libpthread-2.28.so + 0xe070
    rsp = 0x0000146f933f7608   rip = 0x000014700afc8070
    Found by: stack scanning
 2  xmsim + 0x250060
    rsp = 0x0000146f933f7688   rip = 0x0000000000650060
    Found by: stack scanning
 3  libchannel_xlm.so + 0x325e3
    rsp = 0x0000146f933f7690   rip = 0x0000147002ad55e3
    Found by: stack scanning
 4  libstdc++.so.6.0.28 + 0xcfb10
    rsp = 0x0000146f933f7760   rip = 0x000014700b2f9b10
    Found by: stack scanning
 5  libpthread-2.28.so + 0x814a
    rsp = 0x0000146f933f7780   rip = 0x000014700afc214a
    Found by: stack scanning
 6  libc-2.28.so + 0xfcdc3
    rsp = 0x0000146f933f7840   rip = 0x000014700a76bdc3
    Found by: stack scanning

Thread 12
 0  libc-2.28.so + 0xf1a41
    rax = 0xfffffffffffffdfc   rdx = 0x0000000000002710
    rcx = 0x000014700a760a41   rbx = 0x0000146f64000b60
    rsi = 0x0000000000000002   rdi = 0x0000146f64000b60
    rbp = 0x0000000000000002   rsp = 0x0000146f931f65d0
     r8 = 0x0000000000000000    r9 = 0x0000000000000001
    r10 = 0x000000000e3a3718   r11 = 0x0000000000000293
    r12 = 0x0000000000002710   r13 = 0x000000000e39f960
    r14 = 0x0000000000000002   r15 = 0x000000000e39f970
    rip = 0x000014700a760a41
    Found by: given as instruction pointer in context
 1  libchannel_xlm.so + 0x3f941
    rsp = 0x0000146f931f6600   rip = 0x0000147002ae2941
    Found by: stack scanning
 2  libchannel_xlm.so + 0x4071b
    rsp = 0x0000146f931f66d0   rip = 0x0000147002ae371b
    Found by: stack scanning
 3  libstdc++.so.6.0.28 + 0xc80a8
    rsp = 0x0000146f931f66e0   rip = 0x000014700b2f20a8
    Found by: stack scanning
 4  xmsim + 0x250060
    rsp = 0x0000146f931f66f8   rip = 0x0000000000650060
    Found by: stack scanning
 5  libchannel_xlm.so + 0x3f430
    rsp = 0x0000146f931f6700   rip = 0x0000147002ae2430
    Found by: stack scanning
 6  libstdc++.so.6.0.28 + 0xcfb10
    rsp = 0x0000146f931f6760   rip = 0x000014700b2f9b10
    Found by: stack scanning
 7  libpthread-2.28.so + 0x814a
    rsp = 0x0000146f931f6780   rip = 0x000014700afc214a
    Found by: stack scanning
 8  libc-2.28.so + 0xfcdc3
    rsp = 0x0000146f931f6840   rip = 0x000014700a76bdc3
    Found by: stack scanning

Thread 13
 0  libpthread-2.28.so + 0xe64a
    rax = 0xfffffffffffffdfc   rdx = 0x0000000000000000
    rcx = 0x000014700afc864a   rbx = 0x000000000e48a328
    rsi = 0x0000000000000189   rdi = 0x000000000e48a350
    rbp = 0x0000000000000000   rsp = 0x0000146f92ff55a0
     r8 = 0x0000000000000000    r9 = 0x00000000ffffffff
    r10 = 0x0000146f92ff56d0   r11 = 0x0000000000000246
    r12 = 0x000000000e48a300   r13 = 0x000000000e48a350
    r14 = 0x0000146f92ff56d0   r15 = 0x0000000000000000
    rip = 0x000014700afc864a
    Found by: given as instruction pointer in context
 1  libpthread-2.28.so + 0xe070
    rsp = 0x0000146f92ff5608   rip = 0x000014700afc8070
    Found by: stack scanning
 2  xmsim + 0x250060
    rsp = 0x0000146f92ff5688   rip = 0x0000000000650060
    Found by: stack scanning
 3  libchannel_xlm.so + 0x325e3
    rsp = 0x0000146f92ff5690   rip = 0x0000147002ad55e3
    Found by: stack scanning
 4  libstdc++.so.6.0.28 + 0xcfb10
    rsp = 0x0000146f92ff5760   rip = 0x000014700b2f9b10
    Found by: stack scanning
 5  libpthread-2.28.so + 0x814a
    rsp = 0x0000146f92ff5780   rip = 0x000014700afc214a
    Found by: stack scanning
 6  libc-2.28.so + 0xfcdc3
    rsp = 0x0000146f92ff5840   rip = 0x000014700a76bdc3
    Found by: stack scanning

Thread 14
 0  libc-2.28.so + 0xf1a41
    rax = 0xfffffffffffffdfc   rdx = 0x0000000000002710
    rcx = 0x000014700a760a41   rbx = 0x0000146f68000c00
    rsi = 0x0000000000000003   rdi = 0x0000146f68000c00
    rbp = 0x0000000000000003   rsp = 0x0000146f92df4610
     r8 = 0x0000000000000000    r9 = 0x0000146f92df4540
    r10 = 0x0000146f92df4508   r11 = 0x0000000000000293
    r12 = 0x0000000000002710   r13 = 0x00000000047e6650
    r14 = 0x0000000000000003   r15 = 0x00000000047e6660
    rip = 0x000014700a760a41
    Found by: given as instruction pointer in context
 1  libchannel_xlm.so + 0x3f941
    rsp = 0x0000146f92df4640   rip = 0x0000147002ae2941
    Found by: stack scanning
 2  libchannel_xlm.so + 0x4071b
    rsp = 0x0000146f92df4710   rip = 0x0000147002ae371b
    Found by: stack scanning
 3  libchannel_xlm.so + 0x3ef64
    rsp = 0x0000146f92df4740   rip = 0x0000147002ae1f64
    Found by: stack scanning
 4  libstdc++.so.6.0.28 + 0xcfb10
    rsp = 0x0000146f92df4760   rip = 0x000014700b2f9b10
    Found by: stack scanning
 5  libpthread-2.28.so + 0x814a
    rsp = 0x0000146f92df4780   rip = 0x000014700afc214a
    Found by: stack scanning
 6  libc-2.28.so + 0xfcdc3
    rsp = 0x0000146f92df4840   rip = 0x000014700a76bdc3
    Found by: stack scanning

Thread 15
 0  libc-2.28.so + 0xf752d
    rax = 0xfffffffffffffe00   rdx = 0x0000000000000002
    rcx = 0x000014700a76652d   rbx = 0x0000000000000000
    rsi = 0x0000000000000080   rdi = 0x0000146f90e8a290
    rbp = 0x0000000000000000   rsp = 0x0000146f90e8a238
     r8 = 0x0000000000000000    r9 = 0x0000000000000000
    r10 = 0x0000000000000000   r11 = 0x0000000000000202
    r12 = 0x0000000000000000   r13 = 0x000000000e59f988
    r14 = 0x0000146f90e8a280   r15 = 0x0000146f90e8a290
    rip = 0x000014700a76652d
    Found by: given as instruction pointer in context
 1  libtbb_xlm.so + 0x20e05
    rsp = 0x0000146f90e8a240   rip = 0x0000147002e8de05
    Found by: stack scanning
 2  libtbb_xlm.so + 0x20d6a
    rsp = 0x0000146f90e8a250   rip = 0x0000147002e8dd6a
    Found by: stack scanning
 3  xmsim + 0xc00001
    rsp = 0x0000146f90e8a2a0   rip = 0x0000000001000001
    Found by: stack scanning
 4  libtbb_xlm.so + 0x453e4
    rsp = 0x0000146f90e8a2d8   rip = 0x0000147002eb23e4
    Found by: stack scanning
 5  libtbbshm.so + 0x14a41
    rsp = 0x0000146f90e8a2f0   rip = 0x0000146f9159ca41
    Found by: stack scanning
 6  libtbb_xlm.so + 0x453c8
    rsp = 0x0000146f90e8a2f8   rip = 0x0000147002eb23c8
    Found by: stack scanning
 7  libtbb_xlm.so + 0x2c365
    rsp = 0x0000146f90e8a300   rip = 0x0000147002e99365
    Found by: stack scanning
 8  libtbb_xlm.so + 0x453c8
    rsp = 0x0000146f90e8a318   rip = 0x0000147002eb23c8
    Found by: stack scanning
 9  libtbb_xlm.so + 0x453e4
    rsp = 0x0000146f90e8a320   rip = 0x0000147002eb23e4
    Found by: stack scanning
10  libtbb_xlm.so + 0x2a9a9
    rsp = 0x0000146f90e8a330   rip = 0x0000147002e979a9
    Found by: stack scanning
11  libtbb_xlm.so + 0x453c8
    rsp = 0x0000146f90e8a360   rip = 0x0000147002eb23c8
    Found by: stack scanning
12  libtbb_xlm.so + 0x453e4
    rsp = 0x0000146f90e8a368   rip = 0x0000147002eb23e4
    Found by: stack scanning
13  libtbb_xlm.so + 0x3cc8d
    rsp = 0x0000146f90e8a380   rip = 0x0000147002ea9c8d
    Found by: stack scanning
14  libtbb_xlm.so + 0x3cf16
    rsp = 0x0000146f90e8a3e0   rip = 0x0000147002ea9f16
    Found by: stack scanning
15  libtbb_xlm.so + 0x2a41c
    rsp = 0x0000146f90e8a400   rip = 0x0000147002e9741c
    Found by: stack scanning
16  libtbb_xlm.so + 0x3aac0
    rsp = 0x0000146f90e8a460   rip = 0x0000147002ea7ac0
    Found by: stack scanning
17  libtbbshm.so + 0x2960
    rsp = 0x0000146f90e8a470   rip = 0x0000146f915a6960
    Found by: stack scanning
18  libtbb_xlm.so + 0x2b7ae
    rsp = 0x0000146f90e8a490   rip = 0x0000147002e987ae
    Found by: stack scanning
19  libtbbshm.so + 0x2960
    rsp = 0x0000146f90e8a4b8   rip = 0x0000146f915a6960
    Found by: stack scanning
20  libtbb_xlm.so + 0x2b8cc
    rsp = 0x0000146f90e8a4d0   rip = 0x0000147002e988cc
    Found by: stack scanning
21  libtbbshm.so + 0x2960
    rsp = 0x0000146f90e8a5d0   rip = 0x0000146f915a6960
    Found by: stack scanning
22  libtbbshm.so + 0x13fc1
    rsp = 0x0000146f90e8a5f0   rip = 0x0000146f9159bfc1
    Found by: stack scanning
23  libtbb_xlm.so + 0x1ba8
    rsp = 0x0000146f90e8a628   rip = 0x0000147002ebeba8
    Found by: stack scanning
24  libtbbshm.so + 0x1618
    rsp = 0x0000146f90e8a668   rip = 0x0000146f915a5618
    Found by: stack scanning
25  libtbbshm.so + 0x1850
    rsp = 0x0000146f90e8a6a8   rip = 0x0000146f915a5850
    Found by: stack scanning
26  libtbbshm.so + 0x16a8
    rsp = 0x0000146f90e8a6e8   rip = 0x0000146f915a56a8
    Found by: stack scanning
27  libtbbshm.so + 0x14116
    rsp = 0x0000146f90e8a770   rip = 0x0000146f9159c116
    Found by: stack scanning
28  libpthread-2.28.so + 0x814a
    rsp = 0x0000146f90e8a780   rip = 0x000014700afc214a
    Found by: stack scanning
29  libc-2.28.so + 0xfcdc3
    rsp = 0x0000146f90e8a840   rip = 0x000014700a76bdc3
    Found by: stack scanning

Loaded modules:
0x00400000 - 0x0327efff  xmsim  ???  (main)  (WARNING: No symbols, xmsim, 55FE00425F09A8245D42EFD5BFCCAE040)
0x03280000 - 0x0348ffff  xmsim  ???  (WARNING: No symbols, xmsim, 000000000000000000000000000000000)
0x146f910dd000 - 0x146f9110afff  libtbbmalloc.so.2  ???
0x146f9110b000 - 0x146f9130dfff  libtbbmalloc.so.2  ???
0x146f91331000 - 0x146f91381fff  libtbb.so.2  ???
0x146f91382000 - 0x146f91585fff  libtbb.so.2  ???
0x146f91588000 - 0x146f915a3fff  libtbbshm.so  ???  (WARNING: No symbols, libtbbshm.so, 6B357FCE01E53CDE9BDB3F59D559C8CD0)
0x146f915a4000 - 0x146f915a6fff  libtbbshm.so  ???  (WARNING: No symbols, libtbbshm.so, 000000000000000000000000000000000)
0x146f9809a000 - 0x146f980a9fff  trace.dsn  ???
0x146f980aa000 - 0x146f9811cfff  libdwapi.so  ???
0x146f9811d000 - 0x146f98121fff  libdwapi.so  ???
0x146f98123000 - 0x146f98124fff  uverbs1  ???
0x146f9b86e000 - 0x146f9b8cafff  libmlx5.so.1.19.35.0  ???
0x146f9b8cb000 - 0x146f9baccfff  libmlx5.so.1.19.35.0  ???
0x146f9bb70000 - 0x146f9bb81fff  libckpt.so  ???
0x146fc1f65000 - 0x146fc1f6dfff  libxdt.so  ???
0x146fc2274000 - 0x146fc2278fff  libdpi.so  ???
0x146fc2279000 - 0x146fc227dfff  _sv_export.so  ???
0x146fc227e000 - 0x146fc2291fff  libncrun.so  ???
0x146fc2292000 - 0x146fc2294fff  libncrun.so  ???
0x146fc2295000 - 0x146fc29a7fff  libxcrt.so  ???
0x146fff6f5000 - 0x146fff718fff  libml_uvm.so  ???
0x146ffffa5000 - 0x146ffffdcfff  libgomp.so.1.0.0  ???
0x146ffffdd000 - 0x14700002afff  libotb.so  ???  (WARNING: No symbols, libotb.so, C935D131B3134A497144D7A62362A3440)
0x14700002c000 - 0x147000030fff  libixcg.so  ???
0x1470008b6000 - 0x147000938fff  libpcre2-8.so.0.7.1  ???
0x147000939000 - 0x147000b39fff  libpcre2-8.so.0.7.1  ???
0x147000b3a000 - 0x147000b60fff  libselinux.so.1  ???
0x147000b61000 - 0x147000d61fff  libselinux.so.1  ???
0x147000d64000 - 0x147000d77fff  libresolv-2.28.so  ???
0x147000d78000 - 0x147000f78fff  libresolv-2.28.so  ???
0x147000f7b000 - 0x14700122dfff  libcrypto.so.1.1.1g  ???
0x14700122e000 - 0x14700145cfff  libcrypto.so.1.1.1g  ???
0x147001461000 - 0x147001463fff  libkeyutils.so.1.6  ???
0x147001464000 - 0x147001663fff  libkeyutils.so.1.6  ???
0x147001665000 - 0x147001673fff  libkrb5support.so.0.1  ???
0x147001674000 - 0x147001875fff  libkrb5support.so.0.1  ???
0x147001876000 - 0x147001961fff  libzstd_xlm.so  ???
0x147001962000 - 0x147001a6ffff  libsqlite3.so.0.8.6  ???
0x147001a70000 - 0x147001c75fff  libsqlite3.so.0.8.6  ???
0x147001c76000 - 0x147001c78fff  libcom_err.so.2.1  ???
0x147001c79000 - 0x147001e79fff  libcom_err.so.2.1  ???
0x147001e7a000 - 0x147001e8efff  libk5crypto.so.3.1  ???
0x147001e8f000 - 0x147002090fff  libk5crypto.so.3.1  ???
0x147002091000 - 0x147002169fff  libkrb5.so.3.3  ???
0x14700216a000 - 0x147002379fff  libkrb5.so.3.3  ???
0x14700237a000 - 0x1470023cbfff  libgssapi_krb5.so.2.2  ???
0x1470023cc000 - 0x1470025cefff  libgssapi_krb5.so.2.2  ???
0x1470025cf000 - 0x1470025effff  libnl-3.so.200.26.0  ???
0x1470025f0000 - 0x1470027f1fff  libnl-3.so.200.26.0  ???
0x1470027f2000 - 0x14700286cfff  libnl-route-3.so.200.26.0  ???
0x14700286d000 - 0x147002a75fff  libnl-route-3.so.200.26.0  ???
0x147002a78000 - 0x147002aa2fff  libcfgmgr_client_xlm.so  ???
0x147002aa3000 - 0x147002b1ffff  libchannel_xlm.so  ???  (WARNING: No symbols, libchannel_xlm.so, E2DCFE347551AABBFB880B9240B188EA0)
0x147002b20000 - 0x147002b23fff  libchannel_xlm.so  ???
0x147002b24000 - 0x147002b2afff  librt-2.28.so  ???
0x147002b2b000 - 0x147002d2bfff  librt-2.28.so  ???
0x147002d2c000 - 0x147002d64fff  libjsoncpp_xlm.so  ???
0x147002d65000 - 0x147002db6fff  libjsoncpp_xlm.so  ???
0x147002db7000 - 0x147002dcbfff  libcomputeFarm_xlm.so  ???
0x147002dcc000 - 0x147002df3fff  libcomputeFarm_xlm.so  ???
0x147002df4000 - 0x147002e24fff  liblz4_xlm.so  ???
0x147002e25000 - 0x147002e2ffff  libzcompress_xlm.so  ???
0x147002e30000 - 0x147002e6cfff  libnativeutils_xlm.so  ???
0x147002e6d000 - 0x147002ebcfff  libtbb_xlm.so  ???  (WARNING: No symbols, libtbb_xlm.so, 4A85AF239FD63F036E89A6F2655323800)
0x147002ebd000 - 0x147002ec2fff  libtbb_xlm.so  ???  (WARNING: No symbols, libtbb_xlm.so, 000000000000000000000000000000000)
0x147002ec5000 - 0x147002ef5fff  libtirpc.so.3.0.0  ???
0x147002ef6000 - 0x1470030f7fff  libtirpc.so.3.0.0  ???
0x1470030f8000 - 0x147003115fff  libibverbs.so.1.14.35.0  ???
0x147003116000 - 0x147003317fff  libibverbs.so.1.14.35.0  ???
0x147003318000 - 0x14700332dfff  libz.so.1.2.11  ???
0x14700332e000 - 0x14700352dfff  libz.so.1.2.11  ???
0x14700352f000 - 0x14700354ffff  libobjqp_xlm.so  ???
0x147003550000 - 0x14700355afff  libnuma.so.1.0.0  ???
0x14700355b000 - 0x14700375bfff  libnuma.so.1.0.0  ???
0x14700375c000 - 0x147003767fff  libsd_xlm.so  ???
0x147003769000 - 0x147003786fff  libibsupport_real_xlm.so  ???
0x14700441f000 - 0x1470045a5fff  libet6_thin_api_xlm.so  ???
0x1470045a6000 - 0x1470045b8fff  libet6_thin_api_xlm.so  ???
0x1470080f5000 - 0x14700816efff  libqtutil_xlm.so  ???
0x14700816f000 - 0x147008172fff  libqtutil_xlm.so  ???
0x147008173000 - 0x147008177fff  libqtThread_xlm.so  ???
0x147008178000 - 0x14700822efff  libhwConfig_xlm.so  ???
0x14700822f000 - 0x147008352fff  libdbgutil_xlm.so  ???  (WARNING: No symbols, libdbgutil_xlm.so, 910EC9384732FEE1E904BBF8BF91C0C20)
0x147008453000 - 0x1470084b1fff  libmembin_xlm.so  ???
0x1470084b2000 - 0x1470084b5fff  libmembin_xlm.so  ???
0x1470084b7000 - 0x1470084d8fff  libllmemory_xlm.so  ???
0x1470084d9000 - 0x1470084dbfff  libllmemory_xlm.so  ???
0x1470084dc000 - 0x1470085f4fff  libsideFile_xlm.so  ???  (WARNING: No symbols, libsideFile_xlm.so, D53B95EEBAB3857B3199746247749B370)
0x1470085f6000 - 0x147008634fff  libinfinifile_xlm.so  ???
0x147008635000 - 0x14700876afff  libuart.so  ???
0x14700876b000 - 0x147008770fff  libuart.so  ???
0x14700a04a000 - 0x14700a206fff  libStrapNC.so  ???
0x14700a210000 - 0x14700a2c2fff  libdcapi.so  ???
0x14700a2c3000 - 0x14700a2cffff  libdcapi.so  ???
0x14700a2d1000 - 0x14700a2dbfff  libnss_files-2.28.so  ???
0x14700a2dc000 - 0x14700a4ddfff  libnss_files-2.28.so  ???
0x14700a565000 - 0x14700a5fdfff  libxmjudy.so.1.0.3  ???
0x14700a5fe000 - 0x14700a662fff  libcbreakpad.so  ???  (WARNING: No symbols, libcbreakpad.so, 1A0F7F62185D2C02CF86A6E6B7CC82920)
0x14700a663000 - 0x14700a667fff  libcbreakpad.so  ???
0x14700a66f000 - 0x14700a82afff  libc-2.28.so  ???  (WARNING: No symbols, libc-2.28.so, 517B1DA93AB2E8646B82A91511C446C10)
0x14700a82b000 - 0x14700aa2ffff  libc-2.28.so  ???
0x14700aa34000 - 0x14700abb4fff  libm-2.28.so  ???
0x14700abb5000 - 0x14700adb5fff  libm-2.28.so  ???
0x14700adb6000 - 0x14700adb8fff  libdl-2.28.so  ???
0x14700adb9000 - 0x14700afb9fff  libdl-2.28.so  ???
0x14700afba000 - 0x14700afd4fff  libpthread-2.28.so  ???  (WARNING: No symbols, libpthread-2.28.so, CF866DCF5B969E12C9DFDCD756741E430)
0x14700afd5000 - 0x14700b1d5fff  libpthread-2.28.so  ???
0x14700b1da000 - 0x14700b205fff  ld-2.28.so  ???  (WARNING: No symbols, ld-2.28.so, 200CD33375D17A353497081E95F0FA480)
0x14700b206000 - 0x14700b207fff  uverbs0  ???
0x14700b20e000 - 0x14700b227fff  libgcc_s.so.1  ???
0x14700b22a000 - 0x14700b400fff  libstdc++.so.6.0.28  ???  (WARNING: No symbols, libstdc++.so.6.0.28, 45962B5304507FBFFC729955451382EF0)
0x14700b406000 - 0x14700b408fff  ld-2.28.so  ???  (WARNING: No symbols, ld-2.28.so, 000000000000000000000000000000000)
0x7ffdc4701000 - 0x7ffdc4702fff  linux-gate.so  ???

******BACKTRACE*****
<unknown> (libcbreakpad.so) [0x14700a6321a3]
<unknown> (libcbreakpad.so) [0x14700a632630]
vserror (xmsim) [0x1b9181a]
serror (xmsim) [0x1b91d55]
sv_sigusrdump_info (xmsim) [0xcbe9df]
sv_seghandler_aux (xmsim) [0xcc11a7]
sv_seghandler (xmsim) [0xcc170d]
__restore_rt (libpthread.so.0) [0x14700afccb20]
_IO_getline_info (libc.so.6) [0x14700a6e0ef0]
fgets (libc.so.6) [0x14700a6dfedf]
get_config_data (libdpi.so) [0x146fc227521c]
******BACKTRACE END*****