Operating system: Linux
                  0.0.0 Linux 4.18.0-305.el8.x86_64 #1 SMP Thu Apr 29 08:54:30 EDT 2021 x86_64
CPU: amd64
     family 6 model 63 stepping 4
     1 CPU

GPU: UNKNOWN

Crash reason:  DUMP_REQUESTED
Crash address: 0x153e4725d406
Process uptime: not available

Thread 0 (crashed)
 0  libcbreakpad.so + 0x36406
    rax = 0x0000000000000007   rdx = 0x0000000000000000
    rcx = 0x0000153e4725bcb2   rbx = 0x0000153e3cbca1a0
    rsi = 0x0000000000000001   rdi = 0x0000153e3cbc9b28
    rbp = 0x0000153e3cbca0e0   rsp = 0x0000153e3cbc9a90
     r8 = 0x0000000000000000    r9 = 0x0000000000000000
    r10 = 0x0000153e3cbc9ca8   r11 = 0x0000000000000000
    r12 = 0x000000000fb92ca0   r13 = 0x00000000032d7f60
    r14 = 0x0000153e3cbca120   r15 = 0x0000153e47308e4f
    rip = 0x0000153e4725d406
    Found by: given as instruction pointer in context
 1  libcbreakpad.so + 0x34672
    rbp = 0x0000153e3cbca230   rsp = 0x0000153e3cbca0f0
    rip = 0x0000153e4725b672
    Found by: previous frame's frame pointer
 2  libc-2.28.so + 0x59008
    rbp = 0x0000153e3cbca230   rsp = 0x0000153e3cbca140
    rip = 0x0000153e472f1008
    Found by: stack scanning
 3  xmsim + 0x2467eef
    rbp = 0x0000153e3cbca230   rsp = 0x0000153e3cbca168
    rip = 0x0000000002867eef
    Found by: stack scanning
 4  xmsim + 0x292526e
    rbp = 0x0000153e3cbca230   rsp = 0x0000153e3cbca180
    rip = 0x0000000002d2526e
    Found by: stack scanning
 5  libc-2.28.so + 0x180580
    rbp = 0x0000153e3cbca230   rsp = 0x0000153e3cbca190
    rip = 0x0000153e47418580
    Found by: stack scanning
 6  xmsim + 0x179181a
    rsp = 0x0000153e3cbca240   rip = 0x0000000001b9181a
    Found by: stack scanning
 7  xmsim + 0xbf0000
    rsp = 0x0000153e3cbca250   rip = 0x0000000000ff0000
    Found by: stack scanning
 8  xmsim + 0x57f60
    rsp = 0x0000153e3cbca260   rip = 0x00000000032d7f60
    Found by: stack scanning
 9  xmsim + 0x57f60
    rsp = 0x0000153e3cbca268   rip = 0x00000000032d7f60
    Found by: stack scanning
10  ld-2.28.so + 0xa11c
    rsp = 0x0000153e3cbca340   rip = 0x0000153e47e0d11c
    Found by: stack scanning
11  ld-2.28.so + 0xa50e
    rsp = 0x0000153e3cbca370   rip = 0x0000153e47e0d50e
    Found by: stack scanning
12  libc-2.28.so + 0x11e28
    rsp = 0x0000153e3cbca380   rip = 0x0000153e472a9e28
    Found by: stack scanning
13  xmsim + 0x23fa312
    rsp = 0x0000153e3cbca468   rip = 0x00000000027fa312
    Found by: stack scanning
14  xmsim + 0x1791d55
    rsp = 0x0000153e3cbca480   rip = 0x0000000001b91d55
    Found by: stack scanning
15  xmsim + 0x23fa312
    rsp = 0x0000153e3cbca4b0   rip = 0x00000000027fa312
    Found by: stack scanning
16  libpthread-2.28.so + 0x124b6
    rsp = 0x0000153e3cbca4e0   rip = 0x0000153e47bf54b6
    Found by: stack scanning
17  ld-2.28.so + 0x21d0
    rsp = 0x0000153e3cbca500   rip = 0x0000153e480311d0
    Found by: stack scanning
18  xmsim + 0xf51d26
    rsp = 0x0000153e3cbca510   rip = 0x0000000001351d26
    Found by: stack scanning
19  xmsim + 0x23fa312
    rsp = 0x0000153e3cbca540   rip = 0x00000000027fa312
    Found by: stack scanning
20  xmsim + 0x8be9df
    rsp = 0x0000153e3cbca560   rip = 0x0000000000cbe9df
    Found by: stack scanning
21  xmsim + 0x1771bb9
    rsp = 0x0000153e3cbca690   rip = 0x0000000001b71bb9
    Found by: stack scanning
22  xmsim + 0x176e74d
    rsp = 0x0000153e3cbca6a0   rip = 0x0000000001b6e74d
    Found by: stack scanning
23  xmsim + 0x2467ed3
    rsp = 0x0000153e3cbca708   rip = 0x0000000002867ed3
    Found by: stack scanning
24  libc-2.28.so + 0x70e4f
    rsp = 0x0000153e3cbca720   rip = 0x0000153e47308e4f
    Found by: stack scanning
25  libc-2.28.so + 0x73325
    rsp = 0x0000153e3cbca730   rip = 0x0000153e4730b325
    Found by: stack scanning
26  xmsim + 0x1710000
    rsp = 0x0000153e3cbca7b8   rip = 0x0000000001b10000
    Found by: stack scanning
27  0x153dfee94000
    rsp = 0x0000153e3cbca7c8   rip = 0x0000153dfee94000
    Found by: stack scanning
28  libc-2.28.so + 0x13742b
    rsp = 0x0000153e3cbca7f0   rip = 0x0000153e473cf42b
    Found by: stack scanning
29  libc-2.28.so + 0x200480
    rsp = 0x0000153e3cbca810   rip = 0x0000153e47654480
    Found by: stack scanning
30  libc-2.28.so + 0xed694
    rsp = 0x0000153e3cbca850   rip = 0x0000153e47385694
    Found by: stack scanning
31  libc-2.28.so + 0x7c1fd
    rsp = 0x0000153e3cbca880   rip = 0x0000153e473141fd
    Found by: stack scanning
32  libc-2.28.so + 0x70e4f
    rsp = 0x0000153e3cbca8c8   rip = 0x0000153e47308e4f
    Found by: stack scanning
33  libc-2.28.so + 0x7e453
    rsp = 0x0000153e3cbca8d0   rip = 0x0000153e47316453
    Found by: stack scanning
34  libc-2.28.so + 0x70e4f
    rsp = 0x0000153e3cbca918   rip = 0x0000153e47308e4f
    Found by: stack scanning
35  xmsim + 0xf51abc
    rsp = 0x0000153e3cbca940   rip = 0x0000000001351abc
    Found by: stack scanning
36  libc-2.28.so + 0x70e4f
    rsp = 0x0000153e3cbca948   rip = 0x0000153e47308e4f
    Found by: stack scanning
37  xmsim + 0x2467ed7
    rsp = 0x0000153e3cbca950   rip = 0x0000000002867ed7
    Found by: stack scanning
38  xmsim + 0x2467ee1
    rsp = 0x0000153e3cbca958   rip = 0x0000000002867ee1
    Found by: stack scanning
39  xmsim + 0xf51b4b
    rsp = 0x0000153e3cbca990   rip = 0x0000000001351b4b
    Found by: stack scanning
40  xmsim + 0x8c11a7
    rsp = 0x0000153e3cbca9b0   rip = 0x0000000000cc11a7
    Found by: stack scanning
41  xmsim + 0x8c170d
    rsp = 0x0000153e3cbcaa90   rip = 0x0000000000cc170d
    Found by: stack scanning
42  libpthread-2.28.so + 0x12b20
    rsp = 0x0000153e3cbcaac0   rip = 0x0000153e47bf5b20
    Found by: stack scanning
43  libc-2.28.so + 0x70e4f
    rsp = 0x0000153e3cbcab70   rip = 0x0000153e47308e4f
    Found by: stack scanning

Thread 1
 0  libpthread-2.28.so + 0xe64a
    rax = 0xfffffffffffffdfc   rdx = 0x0000000000000000
    rcx = 0x0000153e47bf164a   rbx = 0x0000153e4521e670
    rsi = 0x0000000000000189   rdi = 0x0000153e4521e69c
    rbp = 0x0000000000000000   rsp = 0x0000153dd53c9580
     r8 = 0x0000000000000000    r9 = 0x00000000ffffffff
    r10 = 0x0000153dd53c96f0   r11 = 0x0000000000000246
    r12 = 0x0000153e4521e648   r13 = 0x0000153e4521e69c
    r14 = 0x0000153dd53c96f0   r15 = 0x0000000000000000
    rip = 0x0000153e47bf164a
    Found by: given as instruction pointer in context
 1  libpthread-2.28.so + 0xe070
    rsp = 0x0000153dd53c95e8   rip = 0x0000153e47bf1070
    Found by: stack scanning
 2  xmsim + 0x250060
    rsp = 0x0000153dd53c9660   rip = 0x0000000000650060
    Found by: stack scanning
 3  libsideFile_xlm.so + 0xdda97
    rsp = 0x0000153dd53c9670   rip = 0x0000153e451e2a97
    Found by: stack scanning
 4  libdbgutil_xlm.so + 0xc6e40
    rsp = 0x0000153dd53c96b8   rip = 0x0000153e44f1ee40
    Found by: stack scanning
 5  libstdc++.so.6.0.28 + 0xcfb10
    rsp = 0x0000153dd53c9760   rip = 0x0000153e47f22b10
    Found by: stack scanning
 6  libpthread-2.28.so + 0x814a
    rsp = 0x0000153dd53c9780   rip = 0x0000153e47beb14a
    Found by: stack scanning
 7  libc-2.28.so + 0xfcdc3
    rsp = 0x0000153dd53c9840   rip = 0x0000153e47394dc3
    Found by: stack scanning

Thread 2
 0  libpthread-2.28.so + 0xe64a
    rax = 0xfffffffffffffdfc   rdx = 0x0000000000000000
    rcx = 0x0000153e47bf164a   rbx = 0x0000153e4521e670
    rsi = 0x0000000000000189   rdi = 0x0000153e4521e69c
    rbp = 0x0000000000000000   rsp = 0x0000153dd51c8580
     r8 = 0x0000000000000000    r9 = 0x00000000ffffffff
    r10 = 0x0000153dd51c86f0   r11 = 0x0000000000000246
    r12 = 0x0000153e4521e648   r13 = 0x0000153e4521e69c
    r14 = 0x0000153dd51c86f0   r15 = 0x0000000000000000
    rip = 0x0000153e47bf164a
    Found by: given as instruction pointer in context
 1  libpthread-2.28.so + 0xe070
    rsp = 0x0000153dd51c85e8   rip = 0x0000153e47bf1070
    Found by: stack scanning
 2  xmsim + 0x250060
    rsp = 0x0000153dd51c8660   rip = 0x0000000000650060
    Found by: stack scanning
 3  libsideFile_xlm.so + 0xdda97
    rsp = 0x0000153dd51c8670   rip = 0x0000153e451e2a97
    Found by: stack scanning
 4  libdbgutil_xlm.so + 0xc6e40
    rsp = 0x0000153dd51c86b8   rip = 0x0000153e44f1ee40
    Found by: stack scanning
 5  libstdc++.so.6.0.28 + 0xcfb10
    rsp = 0x0000153dd51c8760   rip = 0x0000153e47f22b10
    Found by: stack scanning
 6  libpthread-2.28.so + 0x814a
    rsp = 0x0000153dd51c8780   rip = 0x0000153e47beb14a
    Found by: stack scanning
 7  libc-2.28.so + 0xfcdc3
    rsp = 0x0000153dd51c8840   rip = 0x0000153e47394dc3
    Found by: stack scanning

Thread 3
 0  libpthread-2.28.so + 0xe64a
    rax = 0xfffffffffffffdfc   rdx = 0x0000000000000000
    rcx = 0x0000153e47bf164a   rbx = 0x0000153e4521e670
    rsi = 0x0000000000000189   rdi = 0x0000153e4521e69c
    rbp = 0x0000000000000000   rsp = 0x0000153dd4fc7580
     r8 = 0x0000000000000000    r9 = 0x00000000ffffffff
    r10 = 0x0000153dd4fc76f0   r11 = 0x0000000000000246
    r12 = 0x0000153e4521e648   r13 = 0x0000153e4521e69c
    r14 = 0x0000153dd4fc76f0   r15 = 0x0000000000000000
    rip = 0x0000153e47bf164a
    Found by: given as instruction pointer in context
 1  libpthread-2.28.so + 0xe070
    rsp = 0x0000153dd4fc75e8   rip = 0x0000153e47bf1070
    Found by: stack scanning
 2  xmsim + 0x250060
    rsp = 0x0000153dd4fc7660   rip = 0x0000000000650060
    Found by: stack scanning
 3  libsideFile_xlm.so + 0xdda97
    rsp = 0x0000153dd4fc7670   rip = 0x0000153e451e2a97
    Found by: stack scanning
 4  libdbgutil_xlm.so + 0xc6e40
    rsp = 0x0000153dd4fc76b8   rip = 0x0000153e44f1ee40
    Found by: stack scanning
 5  libstdc++.so.6.0.28 + 0xcfb10
    rsp = 0x0000153dd4fc7760   rip = 0x0000153e47f22b10
    Found by: stack scanning
 6  libpthread-2.28.so + 0x814a
    rsp = 0x0000153dd4fc7780   rip = 0x0000153e47beb14a
    Found by: stack scanning
 7  libc-2.28.so + 0xfcdc3
    rsp = 0x0000153dd4fc7840   rip = 0x0000153e47394dc3
    Found by: stack scanning

Thread 4
 0  libpthread-2.28.so + 0xe64a
    rax = 0xfffffffffffffdfc   rdx = 0x0000000000000000
    rcx = 0x0000153e47bf164a   rbx = 0x0000153e4521e670
    rsi = 0x0000000000000189   rdi = 0x0000153e4521e69c
    rbp = 0x0000000000000000   rsp = 0x0000153dd4dc6580
     r8 = 0x0000000000000000    r9 = 0x00000000ffffffff
    r10 = 0x0000153dd4dc66f0   r11 = 0x0000000000000246
    r12 = 0x0000153e4521e648   r13 = 0x0000153e4521e69c
    r14 = 0x0000153dd4dc66f0   r15 = 0x0000000000000000
    rip = 0x0000153e47bf164a
    Found by: given as instruction pointer in context
 1  libpthread-2.28.so + 0xe070
    rsp = 0x0000153dd4dc65e8   rip = 0x0000153e47bf1070
    Found by: stack scanning
 2  xmsim + 0x250060
    rsp = 0x0000153dd4dc6660   rip = 0x0000000000650060
    Found by: stack scanning
 3  libsideFile_xlm.so + 0xdda97
    rsp = 0x0000153dd4dc6670   rip = 0x0000153e451e2a97
    Found by: stack scanning
 4  libdbgutil_xlm.so + 0xc6e40
    rsp = 0x0000153dd4dc66b8   rip = 0x0000153e44f1ee40
    Found by: stack scanning
 5  libstdc++.so.6.0.28 + 0xcfb10
    rsp = 0x0000153dd4dc6760   rip = 0x0000153e47f22b10
    Found by: stack scanning
 6  libpthread-2.28.so + 0x814a
    rsp = 0x0000153dd4dc6780   rip = 0x0000153e47beb14a
    Found by: stack scanning
 7  libc-2.28.so + 0xfcdc3
    rsp = 0x0000153dd4dc6840   rip = 0x0000153e47394dc3
    Found by: stack scanning

Thread 5
 0  libpthread-2.28.so + 0xe64a
    rax = 0xfffffffffffffdfc   rdx = 0x0000000000000000
    rcx = 0x0000153e47bf164a   rbx = 0x0000153e4521e670
    rsi = 0x0000000000000189   rdi = 0x0000153e4521e69c
    rbp = 0x0000000000000000   rsp = 0x0000153dd4bc5580
     r8 = 0x0000000000000000    r9 = 0x00000000ffffffff
    r10 = 0x0000153dd4bc56f0   r11 = 0x0000000000000246
    r12 = 0x0000153e4521e648   r13 = 0x0000153e4521e69c
    r14 = 0x0000153dd4bc56f0   r15 = 0x0000000000000000
    rip = 0x0000153e47bf164a
    Found by: given as instruction pointer in context
 1  libpthread-2.28.so + 0xe070
    rsp = 0x0000153dd4bc55e8   rip = 0x0000153e47bf1070
    Found by: stack scanning
 2  xmsim + 0x250060
    rsp = 0x0000153dd4bc5660   rip = 0x0000000000650060
    Found by: stack scanning
 3  libsideFile_xlm.so + 0xdda97
    rsp = 0x0000153dd4bc5670   rip = 0x0000153e451e2a97
    Found by: stack scanning
 4  libdbgutil_xlm.so + 0xc6e40
    rsp = 0x0000153dd4bc56b8   rip = 0x0000153e44f1ee40
    Found by: stack scanning
 5  libstdc++.so.6.0.28 + 0xcfb10
    rsp = 0x0000153dd4bc5760   rip = 0x0000153e47f22b10
    Found by: stack scanning
 6  libpthread-2.28.so + 0x814a
    rsp = 0x0000153dd4bc5780   rip = 0x0000153e47beb14a
    Found by: stack scanning
 7  libc-2.28.so + 0xfcdc3
    rsp = 0x0000153dd4bc5840   rip = 0x0000153e47394dc3
    Found by: stack scanning

Thread 6
 0  libpthread-2.28.so + 0xe64a
    rax = 0xfffffffffffffdfc   rdx = 0x0000000000000000
    rcx = 0x0000153e47bf164a   rbx = 0x0000153e4521e670
    rsi = 0x0000000000000189   rdi = 0x0000153e4521e69c
    rbp = 0x0000000000000000   rsp = 0x0000153dd49c4580
     r8 = 0x0000000000000000    r9 = 0x00000000ffffffff
    r10 = 0x0000153dd49c46f0   r11 = 0x0000000000000246
    r12 = 0x0000153e4521e648   r13 = 0x0000153e4521e69c
    r14 = 0x0000153dd49c46f0   r15 = 0x0000000000000000
    rip = 0x0000153e47bf164a
    Found by: given as instruction pointer in context
 1  libpthread-2.28.so + 0xe070
    rsp = 0x0000153dd49c45e8   rip = 0x0000153e47bf1070
    Found by: stack scanning
 2  xmsim + 0x250060
    rsp = 0x0000153dd49c4660   rip = 0x0000000000650060
    Found by: stack scanning
 3  libsideFile_xlm.so + 0xdda97
    rsp = 0x0000153dd49c4670   rip = 0x0000153e451e2a97
    Found by: stack scanning
 4  libdbgutil_xlm.so + 0xc6e40
    rsp = 0x0000153dd49c46b8   rip = 0x0000153e44f1ee40
    Found by: stack scanning
 5  libstdc++.so.6.0.28 + 0xcfb10
    rsp = 0x0000153dd49c4760   rip = 0x0000153e47f22b10
    Found by: stack scanning
 6  libpthread-2.28.so + 0x814a
    rsp = 0x0000153dd49c4780   rip = 0x0000153e47beb14a
    Found by: stack scanning
 7  libc-2.28.so + 0xfcdc3
    rsp = 0x0000153dd49c4840   rip = 0x0000153e47394dc3
    Found by: stack scanning

Thread 7
 0  libpthread-2.28.so + 0xe64a
    rax = 0xfffffffffffffdfc   rdx = 0x0000000000000000
    rcx = 0x0000153e47bf164a   rbx = 0x0000153e4521e670
    rsi = 0x0000000000000189   rdi = 0x0000153e4521e69c
    rbp = 0x0000000000000000   rsp = 0x0000153dd47c3580
     r8 = 0x0000000000000000    r9 = 0x00000000ffffffff
    r10 = 0x0000153dd47c36f0   r11 = 0x0000000000000246
    r12 = 0x0000153e4521e648   r13 = 0x0000153e4521e69c
    r14 = 0x0000153dd47c36f0   r15 = 0x0000000000000000
    rip = 0x0000153e47bf164a
    Found by: given as instruction pointer in context
 1  libpthread-2.28.so + 0xa979
    rsp = 0x0000153dd47c35e0   rip = 0x0000153e47bed979
    Found by: stack scanning
 2  libpthread-2.28.so + 0xe070
    rsp = 0x0000153dd47c35e8   rip = 0x0000153e47bf1070
    Found by: stack scanning
 3  xmsim + 0x250060
    rsp = 0x0000153dd47c3660   rip = 0x0000000000650060
    Found by: stack scanning
 4  libsideFile_xlm.so + 0xdda97
    rsp = 0x0000153dd47c3670   rip = 0x0000153e451e2a97
    Found by: stack scanning
 5  libstdc++.so.6.0.28 + 0xcfb10
    rsp = 0x0000153dd47c3760   rip = 0x0000153e47f22b10
    Found by: stack scanning
 6  libpthread-2.28.so + 0x814a
    rsp = 0x0000153dd47c3780   rip = 0x0000153e47beb14a
    Found by: stack scanning
 7  libc-2.28.so + 0xfcdc3
    rsp = 0x0000153dd47c3840   rip = 0x0000153e47394dc3
    Found by: stack scanning

Thread 8
 0  libpthread-2.28.so + 0xe64a
    rax = 0xfffffffffffffdfc   rdx = 0x0000000000000000
    rcx = 0x0000153e47bf164a   rbx = 0x0000153e4521e670
    rsi = 0x0000000000000189   rdi = 0x0000153e4521e69c
    rbp = 0x0000000000000000   rsp = 0x0000153dd45c2580
     r8 = 0x0000000000000000    r9 = 0x00000000ffffffff
    r10 = 0x0000153dd45c26f0   r11 = 0x0000000000000246
    r12 = 0x0000153e4521e648   r13 = 0x0000153e4521e69c
    r14 = 0x0000153dd45c26f0   r15 = 0x0000000000000000
    rip = 0x0000153e47bf164a
    Found by: given as instruction pointer in context
 1  libpthread-2.28.so + 0xe070
    rsp = 0x0000153dd45c25e8   rip = 0x0000153e47bf1070
    Found by: stack scanning
 2  xmsim + 0x250060
    rsp = 0x0000153dd45c2660   rip = 0x0000000000650060
    Found by: stack scanning
 3  libsideFile_xlm.so + 0xdda97
    rsp = 0x0000153dd45c2670   rip = 0x0000153e451e2a97
    Found by: stack scanning
 4  libdbgutil_xlm.so + 0xc6e40
    rsp = 0x0000153dd45c26b8   rip = 0x0000153e44f1ee40
    Found by: stack scanning
 5  libstdc++.so.6.0.28 + 0xcfb10
    rsp = 0x0000153dd45c2760   rip = 0x0000153e47f22b10
    Found by: stack scanning
 6  libpthread-2.28.so + 0x814a
    rsp = 0x0000153dd45c2780   rip = 0x0000153e47beb14a
    Found by: stack scanning
 7  libc-2.28.so + 0xfcdc3
    rsp = 0x0000153dd45c2840   rip = 0x0000153e47394dc3
    Found by: stack scanning

Thread 9
 0  libpthread-2.28.so + 0xe64a
    rax = 0xfffffffffffffdfc   rdx = 0x0000000000000000
    rcx = 0x0000153e47bf164a   rbx = 0x0000153e4521e670
    rsi = 0x0000000000000189   rdi = 0x0000153e4521e69c
    rbp = 0x0000000000000000   rsp = 0x0000153dd43c1580
     r8 = 0x0000000000000000    r9 = 0x00000000ffffffff
    r10 = 0x0000153dd43c16f0   r11 = 0x0000000000000246
    r12 = 0x0000153e4521e648   r13 = 0x0000153e4521e69c
    r14 = 0x0000153dd43c16f0   r15 = 0x0000000000000000
    rip = 0x0000153e47bf164a
    Found by: given as instruction pointer in context
 1  libsideFile_xlm.so + 0x116c60
    rsp = 0x0000153dd43c15d8   rip = 0x0000153e4521bc60
    Found by: stack scanning
 2  libpthread-2.28.so + 0xe070
    rsp = 0x0000153dd43c15e8   rip = 0x0000153e47bf1070
    Found by: stack scanning
 3  xmsim + 0x250060
    rsp = 0x0000153dd43c1660   rip = 0x0000000000650060
    Found by: stack scanning
 4  libsideFile_xlm.so + 0xdda97
    rsp = 0x0000153dd43c1670   rip = 0x0000153e451e2a97
    Found by: stack scanning
 5  libstdc++.so.6.0.28 + 0xcfb10
    rsp = 0x0000153dd43c1760   rip = 0x0000153e47f22b10
    Found by: stack scanning
 6  libpthread-2.28.so + 0x814a
    rsp = 0x0000153dd43c1780   rip = 0x0000153e47beb14a
    Found by: stack scanning
 7  libc-2.28.so + 0xfcdc3
    rsp = 0x0000153dd43c1840   rip = 0x0000153e47394dc3
    Found by: stack scanning

Thread 10
 0  libpthread-2.28.so + 0xe64a
    rax = 0xfffffffffffffdfc   rdx = 0x0000000000000000
    rcx = 0x0000153e47bf164a   rbx = 0x000000000fbd46c8
    rsi = 0x0000000000000189   rdi = 0x000000000fbd46f0
    rbp = 0x0000000000000000   rsp = 0x0000153dafffd5a0
     r8 = 0x0000000000000000    r9 = 0x00000000ffffffff
    r10 = 0x0000153dafffd6d0   r11 = 0x0000000000000246
    r12 = 0x000000000fbd46a0   r13 = 0x000000000fbd46f0
    r14 = 0x0000153dafffd6d0   r15 = 0x0000000000000000
    rip = 0x0000153e47bf164a
    Found by: given as instruction pointer in context
 1  libpthread-2.28.so + 0xe070
    rsp = 0x0000153dafffd608   rip = 0x0000153e47bf1070
    Found by: stack scanning
 2  xmsim + 0x250060
    rsp = 0x0000153dafffd688   rip = 0x0000000000650060
    Found by: stack scanning
 3  libchannel_xlm.so + 0x325e3
    rsp = 0x0000153dafffd690   rip = 0x0000153e3f6fe5e3
    Found by: stack scanning
 4  libstdc++.so.6.0.28 + 0xcfb10
    rsp = 0x0000153dafffd760   rip = 0x0000153e47f22b10
    Found by: stack scanning
 5  libpthread-2.28.so + 0x814a
    rsp = 0x0000153dafffd780   rip = 0x0000153e47beb14a
    Found by: stack scanning
 6  libc-2.28.so + 0xfcdc3
    rsp = 0x0000153dafffd840   rip = 0x0000153e47394dc3
    Found by: stack scanning

Thread 11
 0  libc-2.28.so + 0xf1a41
    rax = 0xfffffffffffffdfc   rdx = 0x0000000000002710
    rcx = 0x0000153e47389a41   rbx = 0x0000153da8000b60
    rsi = 0x0000000000000002   rdi = 0x0000153da8000b60
    rbp = 0x0000000000000002   rsp = 0x0000153dafdfc5d0
     r8 = 0x0000000000000000    r9 = 0x0000000000000001
    r10 = 0x000000000fb0a8f8   r11 = 0x0000000000000293
    r12 = 0x0000000000002710   r13 = 0x0000000005f48570
    r14 = 0x0000000000000002   r15 = 0x0000000005f48580
    rip = 0x0000153e47389a41
    Found by: given as instruction pointer in context
 1  libchannel_xlm.so + 0x3f941
    rsp = 0x0000153dafdfc600   rip = 0x0000153e3f70b941
    Found by: stack scanning
 2  libchannel_xlm.so + 0x4071b
    rsp = 0x0000153dafdfc6d0   rip = 0x0000153e3f70c71b
    Found by: stack scanning
 3  libstdc++.so.6.0.28 + 0xc80a8
    rsp = 0x0000153dafdfc6e0   rip = 0x0000153e47f1b0a8
    Found by: stack scanning
 4  xmsim + 0x250060
    rsp = 0x0000153dafdfc6f8   rip = 0x0000000000650060
    Found by: stack scanning
 5  libchannel_xlm.so + 0x3f430
    rsp = 0x0000153dafdfc700   rip = 0x0000153e3f70b430
    Found by: stack scanning
 6  libstdc++.so.6.0.28 + 0xcfb10
    rsp = 0x0000153dafdfc760   rip = 0x0000153e47f22b10
    Found by: stack scanning
 7  libpthread-2.28.so + 0x814a
    rsp = 0x0000153dafdfc780   rip = 0x0000153e47beb14a
    Found by: stack scanning
 8  libc-2.28.so + 0xfcdc3
    rsp = 0x0000153dafdfc840   rip = 0x0000153e47394dc3
    Found by: stack scanning

Thread 12
 0  libpthread-2.28.so + 0xe64a
    rax = 0xfffffffffffffdfc   rdx = 0x0000000000000000
    rcx = 0x0000153e47bf164a   rbx = 0x000000000fbf1118
    rsi = 0x0000000000000189   rdi = 0x000000000fbf1140
    rbp = 0x0000000000000000   rsp = 0x0000153dafbfb5a0
     r8 = 0x0000000000000000    r9 = 0x00000000ffffffff
    r10 = 0x0000153dafbfb6d0   r11 = 0x0000000000000246
    r12 = 0x000000000fbf10f0   r13 = 0x000000000fbf1140
    r14 = 0x0000153dafbfb6d0   r15 = 0x0000000000000000
    rip = 0x0000153e47bf164a
    Found by: given as instruction pointer in context
 1  libpthread-2.28.so + 0xe070
    rsp = 0x0000153dafbfb608   rip = 0x0000153e47bf1070
    Found by: stack scanning
 2  xmsim + 0x250060
    rsp = 0x0000153dafbfb688   rip = 0x0000000000650060
    Found by: stack scanning
 3  libchannel_xlm.so + 0x325e3
    rsp = 0x0000153dafbfb690   rip = 0x0000153e3f6fe5e3
    Found by: stack scanning
 4  libstdc++.so.6.0.28 + 0xcfb10
    rsp = 0x0000153dafbfb760   rip = 0x0000153e47f22b10
    Found by: stack scanning
 5  libpthread-2.28.so + 0x814a
    rsp = 0x0000153dafbfb780   rip = 0x0000153e47beb14a
    Found by: stack scanning
 6  libc-2.28.so + 0xfcdc3
    rsp = 0x0000153dafbfb840   rip = 0x0000153e47394dc3
    Found by: stack scanning

Thread 13
 0  libc-2.28.so + 0xf1a41
    rax = 0xfffffffffffffdfc   rdx = 0x0000000000002710
    rcx = 0x0000153e47389a41   rbx = 0x0000153da0000c00
    rsi = 0x0000000000000003   rdi = 0x0000153da0000c00
    rbp = 0x0000000000000003   rsp = 0x0000153daf9fa610
     r8 = 0x0000000000000000    r9 = 0x0000153daf9fa540
    r10 = 0x0000153daf9fa508   r11 = 0x0000000000000293
    r12 = 0x0000000000002710   r13 = 0x000000000fbd4c40
    r14 = 0x0000000000000003   r15 = 0x000000000fbd4c50
    rip = 0x0000153e47389a41
    Found by: given as instruction pointer in context
 1  libchannel_xlm.so + 0x3f941
    rsp = 0x0000153daf9fa640   rip = 0x0000153e3f70b941
    Found by: stack scanning
 2  libchannel_xlm.so + 0x4071b
    rsp = 0x0000153daf9fa710   rip = 0x0000153e3f70c71b
    Found by: stack scanning
 3  libchannel_xlm.so + 0x3ef64
    rsp = 0x0000153daf9fa740   rip = 0x0000153e3f70af64
    Found by: stack scanning
 4  libstdc++.so.6.0.28 + 0xcfb10
    rsp = 0x0000153daf9fa760   rip = 0x0000153e47f22b10
    Found by: stack scanning
 5  libpthread-2.28.so + 0x814a
    rsp = 0x0000153daf9fa780   rip = 0x0000153e47beb14a
    Found by: stack scanning
 6  libc-2.28.so + 0xfcdc3
    rsp = 0x0000153daf9fa840   rip = 0x0000153e47394dc3
    Found by: stack scanning

Loaded modules:
0x00400000 - 0x0327efff  xmsim  ???  (main)  (WARNING: No symbols, xmsim, 55FE00425F09A8245D42EFD5BFCCAE040)
0x03280000 - 0x0348ffff  xmsim  ???  (WARNING: No symbols, xmsim, 000000000000000000000000000000000)
0x153dadd03000 - 0x153dadd30fff  libtbbmalloc.so.2  ???
0x153dadd31000 - 0x153dadf33fff  libtbbmalloc.so.2  ???
0x153dadf57000 - 0x153dadfa7fff  libtbb.so.2  ???
0x153dadfa8000 - 0x153dae1abfff  libtbb.so.2  ???
0x153dd4012000 - 0x153dd402dfff  libtbbshm.so  ???
0x153dd402e000 - 0x153dd4030fff  libtbbshm.so  ???
0x153dd40b3000 - 0x153dd40c2fff  trace.dsn  ???
0x153dd40c3000 - 0x153dd4135fff  libdwapi.so  ???
0x153dd4136000 - 0x153dd413afff  libdwapi.so  ???
0x153dd413d000 - 0x153dd413efff  uverbs1  ???
0x153dd848e000 - 0x153dd84eafff  libmlx5.so.1.19.35.0  ???
0x153dd84eb000 - 0x153dd86ecfff  libmlx5.so.1.19.35.0  ???
0x153dd8790000 - 0x153dd87a1fff  libckpt.so  ???
0x153dfeb85000 - 0x153dfeb8dfff  libxdt.so  ???
0x153dfee94000 - 0x153dfee98fff  libdpi.so  ???
0x153dfee99000 - 0x153dfee9dfff  _sv_export.so  ???
0x153dfee9e000 - 0x153dfeeb1fff  libncrun.so  ???
0x153dfeeb2000 - 0x153dfeeb4fff  libncrun.so  ???
0x153dfeeb5000 - 0x153dff5c7fff  libxcrt.so  ???
0x153e3c31e000 - 0x153e3c341fff  libml_uvm.so  ???
0x153e3cbce000 - 0x153e3cc05fff  libgomp.so.1.0.0  ???
0x153e3cc06000 - 0x153e3cc53fff  libotb.so  ???
0x153e3cc55000 - 0x153e3cc59fff  libixcg.so  ???
0x153e3d4df000 - 0x153e3d561fff  libpcre2-8.so.0.7.1  ???
0x153e3d562000 - 0x153e3d762fff  libpcre2-8.so.0.7.1  ???
0x153e3d763000 - 0x153e3d789fff  libselinux.so.1  ???
0x153e3d78a000 - 0x153e3d98afff  libselinux.so.1  ???
0x153e3d98d000 - 0x153e3d9a0fff  libresolv-2.28.so  ???
0x153e3d9a1000 - 0x153e3dba1fff  libresolv-2.28.so  ???
0x153e3dba4000 - 0x153e3de56fff  libcrypto.so.1.1.1g  ???
0x153e3de57000 - 0x153e3e085fff  libcrypto.so.1.1.1g  ???
0x153e3e08a000 - 0x153e3e08cfff  libkeyutils.so.1.6  ???
0x153e3e08d000 - 0x153e3e28cfff  libkeyutils.so.1.6  ???
0x153e3e28e000 - 0x153e3e29cfff  libkrb5support.so.0.1  ???
0x153e3e29d000 - 0x153e3e49efff  libkrb5support.so.0.1  ???
0x153e3e49f000 - 0x153e3e58afff  libzstd_xlm.so  ???
0x153e3e58b000 - 0x153e3e698fff  libsqlite3.so.0.8.6  ???
0x153e3e699000 - 0x153e3e89efff  libsqlite3.so.0.8.6  ???
0x153e3e89f000 - 0x153e3e8a1fff  libcom_err.so.2.1  ???
0x153e3e8a2000 - 0x153e3eaa2fff  libcom_err.so.2.1  ???
0x153e3eaa3000 - 0x153e3eab7fff  libk5crypto.so.3.1  ???
0x153e3eab8000 - 0x153e3ecb9fff  libk5crypto.so.3.1  ???
0x153e3ecba000 - 0x153e3ed92fff  libkrb5.so.3.3  ???
0x153e3ed93000 - 0x153e3efa2fff  libkrb5.so.3.3  ???
0x153e3efa3000 - 0x153e3eff4fff  libgssapi_krb5.so.2.2  ???
0x153e3eff5000 - 0x153e3f1f7fff  libgssapi_krb5.so.2.2  ???
0x153e3f1f8000 - 0x153e3f218fff  libnl-3.so.200.26.0  ???
0x153e3f219000 - 0x153e3f41afff  libnl-3.so.200.26.0  ???
0x153e3f41b000 - 0x153e3f495fff  libnl-route-3.so.200.26.0  ???
0x153e3f496000 - 0x153e3f69efff  libnl-route-3.so.200.26.0  ???
0x153e3f6a1000 - 0x153e3f6cbfff  libcfgmgr_client_xlm.so  ???
0x153e3f6cc000 - 0x153e3f748fff  libchannel_xlm.so  ???  (WARNING: No symbols, libchannel_xlm.so, E2DCFE347551AABBFB880B9240B188EA0)
0x153e3f749000 - 0x153e3f74cfff  libchannel_xlm.so  ???
0x153e3f74d000 - 0x153e3f753fff  librt-2.28.so  ???
0x153e3f754000 - 0x153e3f954fff  librt-2.28.so  ???
0x153e3f955000 - 0x153e3f98dfff  libjsoncpp_xlm.so  ???
0x153e3f98e000 - 0x153e3f9dffff  libjsoncpp_xlm.so  ???
0x153e3f9e0000 - 0x153e3f9f4fff  libcomputeFarm_xlm.so  ???
0x153e3f9f5000 - 0x153e3fa1cfff  libcomputeFarm_xlm.so  ???
0x153e3fa1d000 - 0x153e3fa4dfff  liblz4_xlm.so  ???
0x153e3fa4e000 - 0x153e3fa58fff  libzcompress_xlm.so  ???
0x153e3fa59000 - 0x153e3fa95fff  libnativeutils_xlm.so  ???
0x153e3fa96000 - 0x153e3fae5fff  libtbb_xlm.so  ???
0x153e3fae6000 - 0x153e3faebfff  libtbb_xlm.so  ???
0x153e3faee000 - 0x153e3fb1efff  libtirpc.so.3.0.0  ???
0x153e3fb1f000 - 0x153e3fd20fff  libtirpc.so.3.0.0  ???
0x153e3fd21000 - 0x153e3fd3efff  libibverbs.so.1.14.35.0  ???
0x153e3fd3f000 - 0x153e3ff40fff  libibverbs.so.1.14.35.0  ???
0x153e3ff41000 - 0x153e3ff56fff  libz.so.1.2.11  ???
0x153e3ff57000 - 0x153e40156fff  libz.so.1.2.11  ???
0x153e40158000 - 0x153e40178fff  libobjqp_xlm.so  ???
0x153e40179000 - 0x153e40183fff  libnuma.so.1.0.0  ???
0x153e40184000 - 0x153e40384fff  libnuma.so.1.0.0  ???
0x153e40385000 - 0x153e40390fff  libsd_xlm.so  ???
0x153e40392000 - 0x153e403affff  libibsupport_real_xlm.so  ???
0x153e41048000 - 0x153e411cefff  libet6_thin_api_xlm.so  ???
0x153e411cf000 - 0x153e411e1fff  libet6_thin_api_xlm.so  ???
0x153e44d1e000 - 0x153e44d97fff  libqtutil_xlm.so  ???
0x153e44d98000 - 0x153e44d9bfff  libqtutil_xlm.so  ???
0x153e44d9c000 - 0x153e44da0fff  libqtThread_xlm.so  ???
0x153e44da1000 - 0x153e44e57fff  libhwConfig_xlm.so  ???
0x153e44e58000 - 0x153e44f7bfff  libdbgutil_xlm.so  ???  (WARNING: No symbols, libdbgutil_xlm.so, 910EC9384732FEE1E904BBF8BF91C0C20)
0x153e4507c000 - 0x153e450dafff  libmembin_xlm.so  ???
0x153e450db000 - 0x153e450defff  libmembin_xlm.so  ???
0x153e450e0000 - 0x153e45101fff  libllmemory_xlm.so  ???
0x153e45102000 - 0x153e45104fff  libllmemory_xlm.so  ???
0x153e45105000 - 0x153e4521dfff  libsideFile_xlm.so  ???  (WARNING: No symbols, libsideFile_xlm.so, D53B95EEBAB3857B3199746247749B370)
0x153e4521f000 - 0x153e4525dfff  libinfinifile_xlm.so  ???
0x153e4525e000 - 0x153e45393fff  libuart.so  ???
0x153e45394000 - 0x153e45399fff  libuart.so  ???
0x153e46c73000 - 0x153e46e2ffff  libStrapNC.so  ???
0x153e46e39000 - 0x153e46eebfff  libdcapi.so  ???
0x153e46eec000 - 0x153e46ef8fff  libdcapi.so  ???
0x153e46efa000 - 0x153e46f04fff  libnss_files-2.28.so  ???
0x153e46f05000 - 0x153e47106fff  libnss_files-2.28.so  ???
0x153e4718e000 - 0x153e47226fff  libxmjudy.so.1.0.3  ???
0x153e47227000 - 0x153e4728bfff  libcbreakpad.so  ???  (WARNING: No symbols, libcbreakpad.so, 1A0F7F62185D2C02CF86A6E6B7CC82920)
0x153e4728c000 - 0x153e47290fff  libcbreakpad.so  ???
0x153e47298000 - 0x153e47453fff  libc-2.28.so  ???  (WARNING: No symbols, libc-2.28.so, 517B1DA93AB2E8646B82A91511C446C10)
0x153e47454000 - 0x153e47658fff  libc-2.28.so  ???  (WARNING: No symbols, libc-2.28.so, 000000000000000000000000000000000)
0x153e4765d000 - 0x153e477ddfff  libm-2.28.so  ???
0x153e477de000 - 0x153e479defff  libm-2.28.so  ???
0x153e479df000 - 0x153e479e1fff  libdl-2.28.so  ???
0x153e479e2000 - 0x153e47be2fff  libdl-2.28.so  ???
0x153e47be3000 - 0x153e47bfdfff  libpthread-2.28.so  ???  (WARNING: No symbols, libpthread-2.28.so, CF866DCF5B969E12C9DFDCD756741E430)
0x153e47bfe000 - 0x153e47dfefff  libpthread-2.28.so  ???
0x153e47e03000 - 0x153e47e2efff  ld-2.28.so  ???  (WARNING: No symbols, ld-2.28.so, 200CD33375D17A353497081E95F0FA480)
0x153e47e2f000 - 0x153e47e30fff  uverbs0  ???
0x153e47e37000 - 0x153e47e50fff  libgcc_s.so.1  ???
0x153e47e53000 - 0x153e48029fff  libstdc++.so.6.0.28  ???  (WARNING: No symbols, libstdc++.so.6.0.28, 45962B5304507FBFFC729955451382EF0)
0x153e4802f000 - 0x153e48031fff  ld-2.28.so  ???  (WARNING: No symbols, ld-2.28.so, 000000000000000000000000000000000)
0x7ffdcd697000 - 0x7ffdcd698fff  linux-gate.so  ???

******BACKTRACE*****
<unknown> (libcbreakpad.so) [0x153e4725b1a3]
<unknown> (libcbreakpad.so) [0x153e4725b630]
vserror (xmsim) [0x1b9181a]
serror (xmsim) [0x1b91d55]
sv_sigusrdump_info (xmsim) [0xcbe9df]
sv_seghandler_aux (xmsim) [0xcc11a7]
sv_seghandler (xmsim) [0xcc170d]
__restore_rt (libpthread.so.0) [0x153e47bf5b20]
fgets (libc.so.6) [0x153e47308e4f]
ib_service_data (libdpi.so) [0x153dfee953f5]
******BACKTRACE END*****