Operating system: Linux
                  0.0.0 Linux 4.18.0-305.el8.x86_64 #1 SMP Thu Apr 29 08:54:30 EDT 2021 x86_64
CPU: amd64
     family 6 model 63 stepping 4
     1 CPU

GPU: UNKNOWN

Crash reason:  DUMP_REQUESTED
Crash address: 0x14679f858406
Process uptime: not available

Thread 0 (crashed)
 0  libcbreakpad.so + 0x36406
    rax = 0x0000000000000007   rdx = 0x0000000000000000
    rcx = 0x000014679f856cb2   rbx = 0x00001467951c51a0
    rsi = 0x0000000000000001   rdi = 0x00001467951c4b28
    rbp = 0x00001467951c50e0   rsp = 0x00001467951c4a90
     r8 = 0x0000000000000000    r9 = 0x0000000000000000
    r10 = 0x00001467951c4ca8   r11 = 0x0000000000000000
    r12 = 0x000000000fb93cd0   r13 = 0x00000000032d7f60
    r14 = 0x00001467951c5120   r15 = 0x000014679f9f05f5
    rip = 0x000014679f858406
    Found by: given as instruction pointer in context
 1  libcbreakpad.so + 0x34672
    rbp = 0x00001467951c5230   rsp = 0x00001467951c50f0
    rip = 0x000014679f856672
    Found by: previous frame's frame pointer
 2  libc-2.28.so + 0x59008
    rbp = 0x00001467951c5230   rsp = 0x00001467951c5140
    rip = 0x000014679f8ec008
    Found by: stack scanning
 3  xmsim + 0x2467eef
    rbp = 0x00001467951c5230   rsp = 0x00001467951c5168
    rip = 0x0000000002867eef
    Found by: stack scanning
 4  xmsim + 0x292526e
    rbp = 0x00001467951c5230   rsp = 0x00001467951c5180
    rip = 0x0000000002d2526e
    Found by: stack scanning
 5  libc-2.28.so + 0x180580
    rbp = 0x00001467951c5230   rsp = 0x00001467951c5190
    rip = 0x000014679fa13580
    Found by: stack scanning
 6  xmsim + 0x179181a
    rsp = 0x00001467951c5240   rip = 0x0000000001b9181a
    Found by: stack scanning
 7  xmsim + 0xbf0000
    rsp = 0x00001467951c5250   rip = 0x0000000000ff0000
    Found by: stack scanning
 8  xmsim + 0x57f60
    rsp = 0x00001467951c5260   rip = 0x00000000032d7f60
    Found by: stack scanning
 9  xmsim + 0x57f60
    rsp = 0x00001467951c5268   rip = 0x00000000032d7f60
    Found by: stack scanning
10  ld-2.28.so + 0xa11c
    rsp = 0x00001467951c5340   rip = 0x00001467a040811c
    Found by: stack scanning
11  libc-2.28.so + 0xed694
    rsp = 0x00001467951c5380   rip = 0x000014679f980694
    Found by: stack scanning
12  xmsim + 0x23fa312
    rsp = 0x00001467951c5468   rip = 0x00000000027fa312
    Found by: stack scanning
13  xmsim + 0x1791d55
    rsp = 0x00001467951c5480   rip = 0x0000000001b91d55
    Found by: stack scanning
14  xmsim + 0x23fa312
    rsp = 0x00001467951c54b0   rip = 0x00000000027fa312
    Found by: stack scanning
15  libpthread-2.28.so + 0x124b6
    rsp = 0x00001467951c54e0   rip = 0x00001467a01f04b6
    Found by: stack scanning
16  ld-2.28.so + 0x21d0
    rsp = 0x00001467951c5500   rip = 0x00001467a062c1d0
    Found by: stack scanning
17  xmsim + 0xf51d26
    rsp = 0x00001467951c5510   rip = 0x0000000001351d26
    Found by: stack scanning
18  xmsim + 0x23fa312
    rsp = 0x00001467951c5540   rip = 0x00000000027fa312
    Found by: stack scanning
19  xmsim + 0x8be9df
    rsp = 0x00001467951c5560   rip = 0x0000000000cbe9df
    Found by: stack scanning

Thread 1
 0  libpthread-2.28.so + 0xe64a
    rax = 0xfffffffffffffdfc   rdx = 0x0000000000000000
    rcx = 0x00001467a01ec64a   rbx = 0x000014679d819670
    rsi = 0x0000000000000189   rdi = 0x000014679d819698
    rbp = 0x0000000000000000   rsp = 0x000014672d9c5580
     r8 = 0x0000000000000000    r9 = 0x00000000ffffffff
    r10 = 0x000014672d9c56f0   r11 = 0x0000000000000246
    r12 = 0x000014679d819648   r13 = 0x000014679d819698
    r14 = 0x000014672d9c56f0   r15 = 0x0000000000000000
    rip = 0x00001467a01ec64a
    Found by: given as instruction pointer in context
 1  libpthread-2.28.so + 0xe070
    rsp = 0x000014672d9c55e8   rip = 0x00001467a01ec070
    Found by: stack scanning
 2  xmsim + 0x250060
    rsp = 0x000014672d9c5660   rip = 0x0000000000650060
    Found by: stack scanning
 3  libsideFile_xlm.so + 0xdda97
    rsp = 0x000014672d9c5670   rip = 0x000014679d7dda97
    Found by: stack scanning
 4  libdbgutil_xlm.so + 0xc6e40
    rsp = 0x000014672d9c56b8   rip = 0x000014679d519e40
    Found by: stack scanning
 5  libstdc++.so.6.0.28 + 0xcfb10
    rsp = 0x000014672d9c5760   rip = 0x00001467a051db10
    Found by: stack scanning
 6  libpthread-2.28.so + 0x814a
    rsp = 0x000014672d9c5780   rip = 0x00001467a01e614a
    Found by: stack scanning
 7  libc-2.28.so + 0xfcdc3
    rsp = 0x000014672d9c5840   rip = 0x000014679f98fdc3
    Found by: stack scanning

Thread 2
 0  libpthread-2.28.so + 0xe64a
    rax = 0xfffffffffffffdfc   rdx = 0x0000000000000000
    rcx = 0x00001467a01ec64a   rbx = 0x000014679d819670
    rsi = 0x0000000000000189   rdi = 0x000014679d819698
    rbp = 0x0000000000000000   rsp = 0x000014672d7c4580
     r8 = 0x0000000000000000    r9 = 0x00000000ffffffff
    r10 = 0x000014672d7c46f0   r11 = 0x0000000000000246
    r12 = 0x000014679d819648   r13 = 0x000014679d819698
    r14 = 0x000014672d7c46f0   r15 = 0x0000000000000000
    rip = 0x00001467a01ec64a
    Found by: given as instruction pointer in context
 1  libpthread-2.28.so + 0xe070
    rsp = 0x000014672d7c45e8   rip = 0x00001467a01ec070
    Found by: stack scanning
 2  xmsim + 0x250060
    rsp = 0x000014672d7c4660   rip = 0x0000000000650060
    Found by: stack scanning
 3  libsideFile_xlm.so + 0xdda97
    rsp = 0x000014672d7c4670   rip = 0x000014679d7dda97
    Found by: stack scanning
 4  libdbgutil_xlm.so + 0xc6e40
    rsp = 0x000014672d7c46b8   rip = 0x000014679d519e40
    Found by: stack scanning
 5  libstdc++.so.6.0.28 + 0xcfb10
    rsp = 0x000014672d7c4760   rip = 0x00001467a051db10
    Found by: stack scanning
 6  libpthread-2.28.so + 0x814a
    rsp = 0x000014672d7c4780   rip = 0x00001467a01e614a
    Found by: stack scanning
 7  libc-2.28.so + 0xfcdc3
    rsp = 0x000014672d7c4840   rip = 0x000014679f98fdc3
    Found by: stack scanning

Thread 3
 0  libpthread-2.28.so + 0xe64a
    rax = 0xfffffffffffffdfc   rdx = 0x0000000000000000
    rcx = 0x00001467a01ec64a   rbx = 0x000014679d819670
    rsi = 0x0000000000000189   rdi = 0x000014679d819698
    rbp = 0x0000000000000000   rsp = 0x000014672d5c3580
     r8 = 0x0000000000000000    r9 = 0x00000000ffffffff
    r10 = 0x000014672d5c36f0   r11 = 0x0000000000000246
    r12 = 0x000014679d819648   r13 = 0x000014679d819698
    r14 = 0x000014672d5c36f0   r15 = 0x0000000000000000
    rip = 0x00001467a01ec64a
    Found by: given as instruction pointer in context
 1  libpthread-2.28.so + 0xe070
    rsp = 0x000014672d5c35e8   rip = 0x00001467a01ec070
    Found by: stack scanning
 2  xmsim + 0x250060
    rsp = 0x000014672d5c3660   rip = 0x0000000000650060
    Found by: stack scanning
 3  libsideFile_xlm.so + 0xdda97
    rsp = 0x000014672d5c3670   rip = 0x000014679d7dda97
    Found by: stack scanning
 4  libdbgutil_xlm.so + 0xc6e40
    rsp = 0x000014672d5c36b8   rip = 0x000014679d519e40
    Found by: stack scanning
 5  libstdc++.so.6.0.28 + 0xcfb10
    rsp = 0x000014672d5c3760   rip = 0x00001467a051db10
    Found by: stack scanning
 6  libpthread-2.28.so + 0x814a
    rsp = 0x000014672d5c3780   rip = 0x00001467a01e614a
    Found by: stack scanning
 7  libc-2.28.so + 0xfcdc3
    rsp = 0x000014672d5c3840   rip = 0x000014679f98fdc3
    Found by: stack scanning

Thread 4
 0  libpthread-2.28.so + 0xe64a
    rax = 0xfffffffffffffdfc   rdx = 0x0000000000000000
    rcx = 0x00001467a01ec64a   rbx = 0x000014679d819670
    rsi = 0x0000000000000189   rdi = 0x000014679d819698
    rbp = 0x0000000000000000   rsp = 0x000014672d3c2580
     r8 = 0x0000000000000000    r9 = 0x00000000ffffffff
    r10 = 0x000014672d3c26f0   r11 = 0x0000000000000246
    r12 = 0x000014679d819648   r13 = 0x000014679d819698
    r14 = 0x000014672d3c26f0   r15 = 0x0000000000000000
    rip = 0x00001467a01ec64a
    Found by: given as instruction pointer in context
 1  libpthread-2.28.so + 0xa979
    rsp = 0x000014672d3c25e0   rip = 0x00001467a01e8979
    Found by: stack scanning
 2  libpthread-2.28.so + 0xe070
    rsp = 0x000014672d3c25e8   rip = 0x00001467a01ec070
    Found by: stack scanning
 3  xmsim + 0x250060
    rsp = 0x000014672d3c2660   rip = 0x0000000000650060
    Found by: stack scanning
 4  libsideFile_xlm.so + 0xdda97
    rsp = 0x000014672d3c2670   rip = 0x000014679d7dda97
    Found by: stack scanning
 5  libdbgutil_xlm.so + 0xc6e40
    rsp = 0x000014672d3c26b8   rip = 0x000014679d519e40
    Found by: stack scanning
 6  libstdc++.so.6.0.28 + 0xcfb10
    rsp = 0x000014672d3c2760   rip = 0x00001467a051db10
    Found by: stack scanning
 7  libpthread-2.28.so + 0x814a
    rsp = 0x000014672d3c2780   rip = 0x00001467a01e614a
    Found by: stack scanning
 8  libc-2.28.so + 0xfcdc3
    rsp = 0x000014672d3c2840   rip = 0x000014679f98fdc3
    Found by: stack scanning

Thread 5
 0  libpthread-2.28.so + 0xe64a
    rax = 0xfffffffffffffdfc   rdx = 0x0000000000000000
    rcx = 0x00001467a01ec64a   rbx = 0x000014679d819670
    rsi = 0x0000000000000189   rdi = 0x000014679d819698
    rbp = 0x0000000000000000   rsp = 0x000014672d1c1580
     r8 = 0x0000000000000000    r9 = 0x00000000ffffffff
    r10 = 0x000014672d1c16f0   r11 = 0x0000000000000246
    r12 = 0x000014679d819648   r13 = 0x000014679d819698
    r14 = 0x000014672d1c16f0   r15 = 0x0000000000000000
    rip = 0x00001467a01ec64a
    Found by: given as instruction pointer in context
 1  libpthread-2.28.so + 0xe070
    rsp = 0x000014672d1c15e8   rip = 0x00001467a01ec070
    Found by: stack scanning
 2  xmsim + 0x250060
    rsp = 0x000014672d1c1660   rip = 0x0000000000650060
    Found by: stack scanning
 3  libsideFile_xlm.so + 0xdda97
    rsp = 0x000014672d1c1670   rip = 0x000014679d7dda97
    Found by: stack scanning
 4  libdbgutil_xlm.so + 0xc6e40
    rsp = 0x000014672d1c16b8   rip = 0x000014679d519e40
    Found by: stack scanning
 5  libstdc++.so.6.0.28 + 0xcfb10
    rsp = 0x000014672d1c1760   rip = 0x00001467a051db10
    Found by: stack scanning
 6  libpthread-2.28.so + 0x814a
    rsp = 0x000014672d1c1780   rip = 0x00001467a01e614a
    Found by: stack scanning
 7  libc-2.28.so + 0xfcdc3
    rsp = 0x000014672d1c1840   rip = 0x000014679f98fdc3
    Found by: stack scanning

Thread 6
 0  libpthread-2.28.so + 0xe64a
    rax = 0xfffffffffffffdfc   rdx = 0x0000000000000000
    rcx = 0x00001467a01ec64a   rbx = 0x000014679d819670
    rsi = 0x0000000000000189   rdi = 0x000014679d819698
    rbp = 0x0000000000000000   rsp = 0x000014672cfc0580
     r8 = 0x0000000000000000    r9 = 0x00000000ffffffff
    r10 = 0x000014672cfc06f0   r11 = 0x0000000000000246
    r12 = 0x000014679d819648   r13 = 0x000014679d819698
    r14 = 0x000014672cfc06f0   r15 = 0x0000000000000000
    rip = 0x00001467a01ec64a
    Found by: given as instruction pointer in context
 1  libpthread-2.28.so + 0xe070
    rsp = 0x000014672cfc05e8   rip = 0x00001467a01ec070
    Found by: stack scanning
 2  xmsim + 0x250060
    rsp = 0x000014672cfc0660   rip = 0x0000000000650060
    Found by: stack scanning
 3  libsideFile_xlm.so + 0xdda97
    rsp = 0x000014672cfc0670   rip = 0x000014679d7dda97
    Found by: stack scanning
 4  libdbgutil_xlm.so + 0xc6e40
    rsp = 0x000014672cfc06b8   rip = 0x000014679d519e40
    Found by: stack scanning
 5  libstdc++.so.6.0.28 + 0xcfb10
    rsp = 0x000014672cfc0760   rip = 0x00001467a051db10
    Found by: stack scanning
 6  libpthread-2.28.so + 0x814a
    rsp = 0x000014672cfc0780   rip = 0x00001467a01e614a
    Found by: stack scanning
 7  libc-2.28.so + 0xfcdc3
    rsp = 0x000014672cfc0840   rip = 0x000014679f98fdc3
    Found by: stack scanning

Thread 7
 0  libpthread-2.28.so + 0xe64a
    rax = 0xfffffffffffffdfc   rdx = 0x0000000000000000
    rcx = 0x00001467a01ec64a   rbx = 0x000014679d819670
    rsi = 0x0000000000000189   rdi = 0x000014679d819698
    rbp = 0x0000000000000000   rsp = 0x000014672cdbf580
     r8 = 0x0000000000000000    r9 = 0x00000000ffffffff
    r10 = 0x000014672cdbf6f0   r11 = 0x0000000000000246
    r12 = 0x000014679d819648   r13 = 0x000014679d819698
    r14 = 0x000014672cdbf6f0   r15 = 0x0000000000000000
    rip = 0x00001467a01ec64a
    Found by: given as instruction pointer in context
 1  libpthread-2.28.so + 0xe070
    rsp = 0x000014672cdbf5e8   rip = 0x00001467a01ec070
    Found by: stack scanning
 2  xmsim + 0x250060
    rsp = 0x000014672cdbf660   rip = 0x0000000000650060
    Found by: stack scanning
 3  libsideFile_xlm.so + 0xdda97
    rsp = 0x000014672cdbf670   rip = 0x000014679d7dda97
    Found by: stack scanning
 4  libdbgutil_xlm.so + 0xc6e40
    rsp = 0x000014672cdbf6b8   rip = 0x000014679d519e40
    Found by: stack scanning
 5  libstdc++.so.6.0.28 + 0xcfb10
    rsp = 0x000014672cdbf760   rip = 0x00001467a051db10
    Found by: stack scanning
 6  libpthread-2.28.so + 0x814a
    rsp = 0x000014672cdbf780   rip = 0x00001467a01e614a
    Found by: stack scanning
 7  libc-2.28.so + 0xfcdc3
    rsp = 0x000014672cdbf840   rip = 0x000014679f98fdc3
    Found by: stack scanning

Thread 8
 0  libpthread-2.28.so + 0xe64a
    rax = 0xfffffffffffffdfc   rdx = 0x0000000000000000
    rcx = 0x00001467a01ec64a   rbx = 0x000014679d819670
    rsi = 0x0000000000000189   rdi = 0x000014679d819698
    rbp = 0x0000000000000000   rsp = 0x000014672cbbe580
     r8 = 0x0000000000000000    r9 = 0x00000000ffffffff
    r10 = 0x000014672cbbe6f0   r11 = 0x0000000000000246
    r12 = 0x000014679d819648   r13 = 0x000014679d819698
    r14 = 0x000014672cbbe6f0   r15 = 0x0000000000000000
    rip = 0x00001467a01ec64a
    Found by: given as instruction pointer in context
 1  libpthread-2.28.so + 0xe070
    rsp = 0x000014672cbbe5e8   rip = 0x00001467a01ec070
    Found by: stack scanning
 2  xmsim + 0x250060
    rsp = 0x000014672cbbe660   rip = 0x0000000000650060
    Found by: stack scanning
 3  libsideFile_xlm.so + 0xdda97
    rsp = 0x000014672cbbe670   rip = 0x000014679d7dda97
    Found by: stack scanning
 4  libstdc++.so.6.0.28 + 0xcfb10
    rsp = 0x000014672cbbe760   rip = 0x00001467a051db10
    Found by: stack scanning
 5  libpthread-2.28.so + 0x814a
    rsp = 0x000014672cbbe780   rip = 0x00001467a01e614a
    Found by: stack scanning
 6  libc-2.28.so + 0xfcdc3
    rsp = 0x000014672cbbe840   rip = 0x000014679f98fdc3
    Found by: stack scanning

Thread 9
 0  libpthread-2.28.so + 0xe64a
    rax = 0xfffffffffffffdfc   rdx = 0x0000000000000000
    rcx = 0x00001467a01ec64a   rbx = 0x000014679d819670
    rsi = 0x0000000000000189   rdi = 0x000014679d819698
    rbp = 0x0000000000000000   rsp = 0x000014672c9bd580
     r8 = 0x0000000000000000    r9 = 0x00000000ffffffff
    r10 = 0x000014672c9bd6f0   r11 = 0x0000000000000246
    r12 = 0x000014679d819648   r13 = 0x000014679d819698
    r14 = 0x000014672c9bd6f0   r15 = 0x0000000000000000
    rip = 0x00001467a01ec64a
    Found by: given as instruction pointer in context
 1  libsideFile_xlm.so + 0x116c60
    rsp = 0x000014672c9bd5d8   rip = 0x000014679d816c60
    Found by: stack scanning
 2  libpthread-2.28.so + 0xe070
    rsp = 0x000014672c9bd5e8   rip = 0x00001467a01ec070
    Found by: stack scanning
 3  xmsim + 0x250060
    rsp = 0x000014672c9bd660   rip = 0x0000000000650060
    Found by: stack scanning
 4  libsideFile_xlm.so + 0xdda97
    rsp = 0x000014672c9bd670   rip = 0x000014679d7dda97
    Found by: stack scanning
 5  libstdc++.so.6.0.28 + 0xcfb10
    rsp = 0x000014672c9bd760   rip = 0x00001467a051db10
    Found by: stack scanning
 6  libpthread-2.28.so + 0x814a
    rsp = 0x000014672c9bd780   rip = 0x00001467a01e614a
    Found by: stack scanning
 7  libc-2.28.so + 0xfcdc3
    rsp = 0x000014672c9bd840   rip = 0x000014679f98fdc3
    Found by: stack scanning

Thread 10
 0  libpthread-2.28.so + 0xe64a
    rax = 0xfffffffffffffdfc   rdx = 0x0000000000000000
    rcx = 0x00001467a01ec64a   rbx = 0x000000000fbd56d8
    rsi = 0x0000000000000189   rdi = 0x000000000fbd5700
    rbp = 0x0000000000000000   rsp = 0x000014672c7bc5a0
     r8 = 0x0000000000000000    r9 = 0x00000000ffffffff
    r10 = 0x000014672c7bc6d0   r11 = 0x0000000000000246
    r12 = 0x000000000fbd56b0   r13 = 0x000000000fbd5700
    r14 = 0x000014672c7bc6d0   r15 = 0x0000000000000000
    rip = 0x00001467a01ec64a
    Found by: given as instruction pointer in context
 1  libpthread-2.28.so + 0xe070
    rsp = 0x000014672c7bc608   rip = 0x00001467a01ec070
    Found by: stack scanning
 2  xmsim + 0x250060
    rsp = 0x000014672c7bc688   rip = 0x0000000000650060
    Found by: stack scanning
 3  libchannel_xlm.so + 0x325e3
    rsp = 0x000014672c7bc690   rip = 0x0000146797cf95e3
    Found by: stack scanning
 4  libstdc++.so.6.0.28 + 0xcfb10
    rsp = 0x000014672c7bc760   rip = 0x00001467a051db10
    Found by: stack scanning
 5  libpthread-2.28.so + 0x814a
    rsp = 0x000014672c7bc780   rip = 0x00001467a01e614a
    Found by: stack scanning
 6  libc-2.28.so + 0xfcdc3
    rsp = 0x000014672c7bc840   rip = 0x000014679f98fdc3
    Found by: stack scanning

Thread 11
 0  libc-2.28.so + 0xf1a41
    rax = 0xfffffffffffffdfc   rdx = 0x0000000000002710
    rcx = 0x000014679f984a41   rbx = 0x0000146700000b60
    rsi = 0x0000000000000002   rdi = 0x0000146700000b60
    rbp = 0x0000000000000002   rsp = 0x000014672c5bb5d0
     r8 = 0x0000000000000000    r9 = 0x0000000000000001
    r10 = 0x000000000fb0b8e8   r11 = 0x0000000000000293
    r12 = 0x0000000000002710   r13 = 0x000000000fb21000
    r14 = 0x0000000000000002   r15 = 0x000000000fb21010
    rip = 0x000014679f984a41
    Found by: given as instruction pointer in context
 1  libchannel_xlm.so + 0x3f941
    rsp = 0x000014672c5bb600   rip = 0x0000146797d06941
    Found by: stack scanning
 2  libchannel_xlm.so + 0x4071b
    rsp = 0x000014672c5bb6d0   rip = 0x0000146797d0771b
    Found by: stack scanning
 3  libstdc++.so.6.0.28 + 0xc80a8
    rsp = 0x000014672c5bb6e0   rip = 0x00001467a05160a8
    Found by: stack scanning
 4  xmsim + 0x250060
    rsp = 0x000014672c5bb6f8   rip = 0x0000000000650060
    Found by: stack scanning
 5  libchannel_xlm.so + 0x3f430
    rsp = 0x000014672c5bb700   rip = 0x0000146797d06430
    Found by: stack scanning
 6  libstdc++.so.6.0.28 + 0xcfb10
    rsp = 0x000014672c5bb760   rip = 0x00001467a051db10
    Found by: stack scanning
 7  libpthread-2.28.so + 0x814a
    rsp = 0x000014672c5bb780   rip = 0x00001467a01e614a
    Found by: stack scanning
 8  libc-2.28.so + 0xfcdc3
    rsp = 0x000014672c5bb840   rip = 0x000014679f98fdc3
    Found by: stack scanning

Thread 12
 0  libpthread-2.28.so + 0xe64a
    rax = 0xfffffffffffffdfc   rdx = 0x0000000000000000
    rcx = 0x00001467a01ec64a   rbx = 0x000000000fbf1f88
    rsi = 0x0000000000000189   rdi = 0x000000000fbf1fb0
    rbp = 0x0000000000000000   rsp = 0x000014672c3ba5a0
     r8 = 0x0000000000000000    r9 = 0x00000000ffffffff
    r10 = 0x000014672c3ba6d0   r11 = 0x0000000000000246
    r12 = 0x000000000fbf1f60   r13 = 0x000000000fbf1fb0
    r14 = 0x000014672c3ba6d0   r15 = 0x0000000000000000
    rip = 0x00001467a01ec64a
    Found by: given as instruction pointer in context
 1  libpthread-2.28.so + 0xe070
    rsp = 0x000014672c3ba608   rip = 0x00001467a01ec070
    Found by: stack scanning
 2  xmsim + 0x250060
    rsp = 0x000014672c3ba688   rip = 0x0000000000650060
    Found by: stack scanning
 3  libchannel_xlm.so + 0x325e3
    rsp = 0x000014672c3ba690   rip = 0x0000146797cf95e3
    Found by: stack scanning
 4  libstdc++.so.6.0.28 + 0xcfb10
    rsp = 0x000014672c3ba760   rip = 0x00001467a051db10
    Found by: stack scanning
 5  libpthread-2.28.so + 0x814a
    rsp = 0x000014672c3ba780   rip = 0x00001467a01e614a
    Found by: stack scanning
 6  libc-2.28.so + 0xfcdc3
    rsp = 0x000014672c3ba840   rip = 0x000014679f98fdc3
    Found by: stack scanning

Thread 13
 0  libc-2.28.so + 0xf1a41
    rax = 0xfffffffffffffdfc   rdx = 0x0000000000002710
    rcx = 0x000014679f984a41   rbx = 0x00001466fc000c00
    rsi = 0x0000000000000003   rdi = 0x00001466fc000c00
    rbp = 0x0000000000000003   rsp = 0x0000146707ffd610
     r8 = 0x0000000000000000    r9 = 0x0000146707ffd540
    r10 = 0x0000146707ffd508   r11 = 0x0000000000000293
    r12 = 0x0000000000002710   r13 = 0x000000000f642ea0
    r14 = 0x0000000000000003   r15 = 0x000000000f642eb0
    rip = 0x000014679f984a41
    Found by: given as instruction pointer in context
 1  libchannel_xlm.so + 0x3f941
    rsp = 0x0000146707ffd640   rip = 0x0000146797d06941
    Found by: stack scanning
 2  libchannel_xlm.so + 0x4071b
    rsp = 0x0000146707ffd710   rip = 0x0000146797d0771b
    Found by: stack scanning
 3  libchannel_xlm.so + 0x3ef64
    rsp = 0x0000146707ffd740   rip = 0x0000146797d05f64
    Found by: stack scanning
 4  libstdc++.so.6.0.28 + 0xcfb10
    rsp = 0x0000146707ffd760   rip = 0x00001467a051db10
    Found by: stack scanning
 5  libpthread-2.28.so + 0x814a
    rsp = 0x0000146707ffd780   rip = 0x00001467a01e614a
    Found by: stack scanning
 6  libc-2.28.so + 0xfcdc3
    rsp = 0x0000146707ffd840   rip = 0x000014679f98fdc3
    Found by: stack scanning

Loaded modules:
0x00400000 - 0x0327efff  xmsim  ???  (main)  (WARNING: No symbols, xmsim, 55FE00425F09A8245D42EFD5BFCCAE040)
0x03280000 - 0x0348ffff  xmsim  ???  (WARNING: No symbols, xmsim, 000000000000000000000000000000000)
0x146706306000 - 0x146706333fff  libtbbmalloc.so.2  ???
0x146706334000 - 0x146706536fff  libtbbmalloc.so.2  ???
0x14670655a000 - 0x1467065aafff  libtbb.so.2  ???
0x1467065ab000 - 0x1467067aefff  libtbb.so.2  ???
0x14672c00c000 - 0x14672c027fff  libtbbshm.so  ???
0x14672c028000 - 0x14672c02afff  libtbbshm.so  ???
0x14672c0ad000 - 0x14672c0bcfff  trace.dsn  ???
0x14672c0bd000 - 0x14672c12ffff  libdwapi.so  ???
0x14672c130000 - 0x14672c134fff  libdwapi.so  ???
0x14672c136000 - 0x14672c137fff  uverbs1  ???
0x146730a8a000 - 0x146730ae6fff  libmlx5.so.1.19.35.0  ???
0x146730ae7000 - 0x146730ce8fff  libmlx5.so.1.19.35.0  ???
0x146730d8c000 - 0x146730d9dfff  libckpt.so  ???
0x146757181000 - 0x146757189fff  libxdt.so  ???
0x146757490000 - 0x146757494fff  libdpi.so  ???
0x146757495000 - 0x146757499fff  _sv_export.so  ???
0x14675749a000 - 0x1467574adfff  libncrun.so  ???
0x1467574ae000 - 0x1467574b0fff  libncrun.so  ???
0x1467574b1000 - 0x146757bc3fff  libxcrt.so  ???
0x146794919000 - 0x14679493cfff  libml_uvm.so  ???
0x1467951c9000 - 0x146795200fff  libgomp.so.1.0.0  ???
0x146795201000 - 0x14679524efff  libotb.so  ???
0x146795250000 - 0x146795254fff  libixcg.so  ???
0x146795ada000 - 0x146795b5cfff  libpcre2-8.so.0.7.1  ???
0x146795b5d000 - 0x146795d5dfff  libpcre2-8.so.0.7.1  ???
0x146795d5e000 - 0x146795d84fff  libselinux.so.1  ???
0x146795d85000 - 0x146795f85fff  libselinux.so.1  ???
0x146795f88000 - 0x146795f9bfff  libresolv-2.28.so  ???
0x146795f9c000 - 0x14679619cfff  libresolv-2.28.so  ???
0x14679619f000 - 0x146796451fff  libcrypto.so.1.1.1g  ???
0x146796452000 - 0x146796680fff  libcrypto.so.1.1.1g  ???
0x146796685000 - 0x146796687fff  libkeyutils.so.1.6  ???
0x146796688000 - 0x146796887fff  libkeyutils.so.1.6  ???
0x146796889000 - 0x146796897fff  libkrb5support.so.0.1  ???
0x146796898000 - 0x146796a99fff  libkrb5support.so.0.1  ???
0x146796a9a000 - 0x146796b85fff  libzstd_xlm.so  ???
0x146796b86000 - 0x146796c93fff  libsqlite3.so.0.8.6  ???
0x146796c94000 - 0x146796e99fff  libsqlite3.so.0.8.6  ???
0x146796e9a000 - 0x146796e9cfff  libcom_err.so.2.1  ???
0x146796e9d000 - 0x14679709dfff  libcom_err.so.2.1  ???
0x14679709e000 - 0x1467970b2fff  libk5crypto.so.3.1  ???
0x1467970b3000 - 0x1467972b4fff  libk5crypto.so.3.1  ???
0x1467972b5000 - 0x14679738dfff  libkrb5.so.3.3  ???
0x14679738e000 - 0x14679759dfff  libkrb5.so.3.3  ???
0x14679759e000 - 0x1467975effff  libgssapi_krb5.so.2.2  ???
0x1467975f0000 - 0x1467977f2fff  libgssapi_krb5.so.2.2  ???
0x1467977f3000 - 0x146797813fff  libnl-3.so.200.26.0  ???
0x146797814000 - 0x146797a15fff  libnl-3.so.200.26.0  ???
0x146797a16000 - 0x146797a90fff  libnl-route-3.so.200.26.0  ???
0x146797a91000 - 0x146797c99fff  libnl-route-3.so.200.26.0  ???
0x146797c9c000 - 0x146797cc6fff  libcfgmgr_client_xlm.so  ???
0x146797cc7000 - 0x146797d43fff  libchannel_xlm.so  ???  (WARNING: No symbols, libchannel_xlm.so, E2DCFE347551AABBFB880B9240B188EA0)
0x146797d44000 - 0x146797d47fff  libchannel_xlm.so  ???
0x146797d48000 - 0x146797d4efff  librt-2.28.so  ???
0x146797d4f000 - 0x146797f4ffff  librt-2.28.so  ???
0x146797f50000 - 0x146797f88fff  libjsoncpp_xlm.so  ???
0x146797f89000 - 0x146797fdafff  libjsoncpp_xlm.so  ???
0x146797fdb000 - 0x146797feffff  libcomputeFarm_xlm.so  ???
0x146797ff0000 - 0x146798017fff  libcomputeFarm_xlm.so  ???
0x146798018000 - 0x146798048fff  liblz4_xlm.so  ???
0x146798049000 - 0x146798053fff  libzcompress_xlm.so  ???
0x146798054000 - 0x146798090fff  libnativeutils_xlm.so  ???
0x146798091000 - 0x1467980e0fff  libtbb_xlm.so  ???
0x1467980e1000 - 0x1467980e6fff  libtbb_xlm.so  ???
0x1467980e9000 - 0x146798119fff  libtirpc.so.3.0.0  ???
0x14679811a000 - 0x14679831bfff  libtirpc.so.3.0.0  ???
0x14679831c000 - 0x146798339fff  libibverbs.so.1.14.35.0  ???
0x14679833a000 - 0x14679853bfff  libibverbs.so.1.14.35.0  ???
0x14679853c000 - 0x146798551fff  libz.so.1.2.11  ???
0x146798552000 - 0x146798751fff  libz.so.1.2.11  ???
0x146798753000 - 0x146798773fff  libobjqp_xlm.so  ???
0x146798774000 - 0x14679877efff  libnuma.so.1.0.0  ???
0x14679877f000 - 0x14679897ffff  libnuma.so.1.0.0  ???
0x146798980000 - 0x14679898bfff  libsd_xlm.so  ???
0x14679898d000 - 0x1467989aafff  libibsupport_real_xlm.so  ???
0x146799643000 - 0x1467997c9fff  libet6_thin_api_xlm.so  ???
0x1467997ca000 - 0x1467997dcfff  libet6_thin_api_xlm.so  ???
0x14679d319000 - 0x14679d392fff  libqtutil_xlm.so  ???
0x14679d393000 - 0x14679d396fff  libqtutil_xlm.so  ???
0x14679d397000 - 0x14679d39bfff  libqtThread_xlm.so  ???
0x14679d39c000 - 0x14679d452fff  libhwConfig_xlm.so  ???
0x14679d453000 - 0x14679d576fff  libdbgutil_xlm.so  ???  (WARNING: No symbols, libdbgutil_xlm.so, 910EC9384732FEE1E904BBF8BF91C0C20)
0x14679d677000 - 0x14679d6d5fff  libmembin_xlm.so  ???
0x14679d6d6000 - 0x14679d6d9fff  libmembin_xlm.so  ???
0x14679d6db000 - 0x14679d6fcfff  libllmemory_xlm.so  ???
0x14679d6fd000 - 0x14679d6fffff  libllmemory_xlm.so  ???
0x14679d700000 - 0x14679d818fff  libsideFile_xlm.so  ???  (WARNING: No symbols, libsideFile_xlm.so, D53B95EEBAB3857B3199746247749B370)
0x14679d81a000 - 0x14679d858fff  libinfinifile_xlm.so  ???
0x14679d859000 - 0x14679d98efff  libuart.so  ???
0x14679d98f000 - 0x14679d994fff  libuart.so  ???
0x14679f26e000 - 0x14679f42afff  libStrapNC.so  ???
0x14679f434000 - 0x14679f4e6fff  libdcapi.so  ???
0x14679f4e7000 - 0x14679f4f3fff  libdcapi.so  ???
0x14679f4f5000 - 0x14679f4fffff  libnss_files-2.28.so  ???
0x14679f500000 - 0x14679f701fff  libnss_files-2.28.so  ???
0x14679f789000 - 0x14679f821fff  libxmjudy.so.1.0.3  ???
0x14679f822000 - 0x14679f886fff  libcbreakpad.so  ???  (WARNING: No symbols, libcbreakpad.so, 1A0F7F62185D2C02CF86A6E6B7CC82920)
0x14679f887000 - 0x14679f88bfff  libcbreakpad.so  ???
0x14679f893000 - 0x14679fa4efff  libc-2.28.so  ???  (WARNING: No symbols, libc-2.28.so, 517B1DA93AB2E8646B82A91511C446C10)
0x14679fa4f000 - 0x14679fc53fff  libc-2.28.so  ???
0x14679fc58000 - 0x14679fdd8fff  libm-2.28.so  ???
0x14679fdd9000 - 0x14679ffd9fff  libm-2.28.so  ???
0x14679ffda000 - 0x14679ffdcfff  libdl-2.28.so  ???
0x14679ffdd000 - 0x1467a01ddfff  libdl-2.28.so  ???
0x1467a01de000 - 0x1467a01f8fff  libpthread-2.28.so  ???  (WARNING: No symbols, libpthread-2.28.so, CF866DCF5B969E12C9DFDCD756741E430)
0x1467a01f9000 - 0x1467a03f9fff  libpthread-2.28.so  ???
0x1467a03fe000 - 0x1467a0429fff  ld-2.28.so  ???  (WARNING: No symbols, ld-2.28.so, 200CD33375D17A353497081E95F0FA480)
0x1467a042a000 - 0x1467a042bfff  uverbs0  ???
0x1467a0432000 - 0x1467a044bfff  libgcc_s.so.1  ???
0x1467a044e000 - 0x1467a0624fff  libstdc++.so.6.0.28  ???  (WARNING: No symbols, libstdc++.so.6.0.28, 45962B5304507FBFFC729955451382EF0)
0x1467a062a000 - 0x1467a062cfff  ld-2.28.so  ???  (WARNING: No symbols, ld-2.28.so, 000000000000000000000000000000000)
0x7ffc4bf8f000 - 0x7ffc4bf90fff  linux-gate.so  ???

******BACKTRACE*****
<unknown> (libcbreakpad.so) [0x14679f8561a3]
<unknown> (libcbreakpad.so) [0x14679f856630]
vserror (xmsim) [0x1b9181a]
serror (xmsim) [0x1b91d55]
sv_sigusrdump_info (xmsim) [0xcbe9df]
sv_seghandler_aux (xmsim) [0xcc11a7]
sv_seghandler (xmsim) [0xcc170d]
__restore_rt (libpthread.so.0) [0x1467a01f0b20]
__strlen_avx2 (libc.so.6) [0x14679f9f05f5]
_IO_vfprintf (libc.so.6) [0x14679f8e50af]
vsprintf (libc.so.6) [0x14679f906325]
sprintf (libc.so.6) [0x14679f8ec008]
ib_service_data (libdpi.so) [0x14675749129c]
******BACKTRACE END*****