V O V o_spare_config SIZE=32
V O V o_cceip0_out_ia_wdata_part0 SIZE=32
V O V o_cceip0_out_ia_wdata_part1 SIZE=32
V O V o_cceip0_out_ia_wdata_part2 SIZE=32
V O V o_cceip0_out_ia_config SIZE=13
V O V o_cceip0_out_im_config SIZE=12
V O V o_cceip0_out_im_read_done SIZE=2
V O V o_cceip1_out_ia_wdata_part0 SIZE=32
V O V o_cceip1_out_ia_wdata_part1 SIZE=32
V O V o_cceip1_out_ia_wdata_part2 SIZE=32
V O V o_cceip1_out_ia_config SIZE=13
V O V o_cceip1_out_im_config SIZE=12
V O V o_cceip1_out_im_read_done SIZE=2
V O V o_cceip2_out_ia_wdata_part0 SIZE=32
V O V o_cceip2_out_ia_wdata_part1 SIZE=32
V O V o_cceip2_out_ia_wdata_part2 SIZE=32
V O V o_cceip2_out_ia_config SIZE=13
V O V o_cceip2_out_im_config SIZE=12
V O V o_cceip2_out_im_read_done SIZE=2
V O V o_cceip3_out_ia_wdata_part0 SIZE=32
V O V o_cceip3_out_ia_wdata_part1 SIZE=32
V O V o_cceip3_out_ia_wdata_part2 SIZE=32
V O V o_cceip3_out_ia_config SIZE=13
V O V o_cceip3_out_im_config SIZE=12
V O V o_cceip3_out_im_read_done SIZE=2
V O V o_cddip0_out_ia_wdata_part0 SIZE=32
V O V o_cddip0_out_ia_wdata_part1 SIZE=32
V O V o_cddip0_out_ia_wdata_part2 SIZE=32
V O V o_cddip0_out_ia_config SIZE=13
V O V o_cddip0_out_im_config SIZE=12
V O V o_cddip0_out_im_read_done SIZE=2
V O V o_cddip1_out_ia_wdata_part0 SIZE=32
V O V o_cddip1_out_ia_wdata_part1 SIZE=32
V O V o_cddip1_out_ia_wdata_part2 SIZE=32
V O V o_cddip1_out_ia_config SIZE=13
V O V o_cddip1_out_im_config SIZE=12
V O V o_cddip1_out_im_read_done SIZE=2
V O V o_cddip2_out_ia_wdata_part0 SIZE=32
V O V o_cddip2_out_ia_wdata_part1 SIZE=32
V O V o_cddip2_out_ia_wdata_part2 SIZE=32
V O V o_cddip2_out_ia_config SIZE=13
V O V o_cddip2_out_im_config SIZE=12
V O V o_cddip2_out_im_read_done SIZE=2
V O V o_cddip3_out_ia_wdata_part0 SIZE=32
V O V o_cddip3_out_ia_wdata_part1 SIZE=32
V O V o_cddip3_out_ia_wdata_part2 SIZE=32
V O V o_cddip3_out_ia_config SIZE=13
V O V o_cddip3_out_im_config SIZE=12
V O V o_cddip3_out_im_read_done SIZE=2
V O V o_ckv_ia_wdata_part0 SIZE=32
V O V o_ckv_ia_wdata_part1 SIZE=32
V O V o_ckv_ia_config SIZE=19
V O V o_kim_ia_wdata_part0 SIZE=21
V O V o_kim_ia_wdata_part1 SIZE=17
V O V o_kim_ia_config SIZE=18
V O V o_label0_config SIZE=16
V O V o_label0_data7 SIZE=32
V O V o_label0_data6 SIZE=32
V O V o_label0_data5 SIZE=32
V O V o_label0_data4 SIZE=32
V O V o_label0_data3 SIZE=32
V O V o_label0_data2 SIZE=32
V O V o_label0_data1 SIZE=32
V O V o_label0_data0 SIZE=32
V O V o_label1_config SIZE=16
V O V o_label1_data7 SIZE=32
V O V o_label1_data6 SIZE=32
V O V o_label1_data5 SIZE=32
V O V o_label1_data4 SIZE=32
V O V o_label1_data3 SIZE=32
V O V o_label1_data2 SIZE=32
V O V o_label1_data1 SIZE=32
V O V o_label1_data0 SIZE=32
V O V o_label2_config SIZE=16
V O V o_label2_data7 SIZE=32
V O V o_label2_data6 SIZE=32
V O V o_label2_data5 SIZE=32
V O V o_label2_data4 SIZE=32
V O V o_label2_data3 SIZE=32
V O V o_label2_data2 SIZE=32
V O V o_label2_data1 SIZE=32
V O V o_label2_data0 SIZE=32
V O V o_label3_config SIZE=16
V O V o_label3_data7 SIZE=32
V O V o_label3_data6 SIZE=32
V O V o_label3_data5 SIZE=32
V O V o_label3_data4 SIZE=32
V O V o_label3_data3 SIZE=32
V O V o_label3_data2 SIZE=32
V O V o_label3_data1 SIZE=32
V O V o_label3_data0 SIZE=32
V O V o_label4_config SIZE=16
V O V o_label4_data7 SIZE=32
V O V o_label4_data6 SIZE=32
V O V o_label4_data5 SIZE=32
V O V o_label4_data4 SIZE=32
V O V o_label4_data3 SIZE=32
V O V o_label4_data2 SIZE=32
V O V o_label4_data1 SIZE=32
V O V o_label4_data0 SIZE=32
V O V o_label5_config SIZE=16
V O V o_label5_data7 SIZE=32
V O V o_label5_data6 SIZE=32
V O V o_label5_data5 SIZE=32
V O V o_label5_data4 SIZE=32
V O V o_label5_data3 SIZE=32
V O V o_label5_data2 SIZE=32
V O V o_label5_data1 SIZE=32
V O V o_label5_data0 SIZE=32
V O V o_label6_config SIZE=16
V O V o_label6_data7 SIZE=32
V O V o_label6_data6 SIZE=32
V O V o_label6_data5 SIZE=32
V O V o_label6_data4 SIZE=32
V O V o_label6_data3 SIZE=32
V O V o_label6_data2 SIZE=32
V O V o_label6_data1 SIZE=32
V O V o_label6_data0 SIZE=32
V O V o_label7_config SIZE=16
V O V o_label7_data7 SIZE=32
V O V o_label7_data6 SIZE=32
V O V o_label7_data5 SIZE=32
V O V o_label7_data4 SIZE=32
V O V o_label7_data3 SIZE=32
V O V o_label7_data2 SIZE=32
V O V o_label7_data1 SIZE=32
V O V o_label7_data0 SIZE=32
V O V o_kdf_drbg_ctrl SIZE=2
V O V o_kdf_drbg_seed_0_state_key_31_0 SIZE=32
V O V o_kdf_drbg_seed_0_state_key_63_32 SIZE=32
V O V o_kdf_drbg_seed_0_state_key_95_64 SIZE=32
V O V o_kdf_drbg_seed_0_state_key_127_96 SIZE=32
V O V o_kdf_drbg_seed_0_state_key_159_128 SIZE=32
V O V o_kdf_drbg_seed_0_state_key_191_160 SIZE=32
V O V o_kdf_drbg_seed_0_state_key_223_192 SIZE=32
V O V o_kdf_drbg_seed_0_state_key_255_224 SIZE=32
V O V o_kdf_drbg_seed_0_state_value_31_0 SIZE=32
V O V o_kdf_drbg_seed_0_state_value_63_32 SIZE=32
V O V o_kdf_drbg_seed_0_state_value_95_64 SIZE=32
V O V o_kdf_drbg_seed_0_state_value_127_96 SIZE=32
V O V o_kdf_drbg_seed_0_reseed_interval_0 SIZE=32
V O V o_kdf_drbg_seed_0_reseed_interval_1 SIZE=16
V O V o_kdf_drbg_seed_1_state_key_31_0 SIZE=32
V O V o_kdf_drbg_seed_1_state_key_63_32 SIZE=32
V O V o_kdf_drbg_seed_1_state_key_95_64 SIZE=32
V O V o_kdf_drbg_seed_1_state_key_127_96 SIZE=32
V O V o_kdf_drbg_seed_1_state_key_159_128 SIZE=32
V O V o_kdf_drbg_seed_1_state_key_191_160 SIZE=32
V O V o_kdf_drbg_seed_1_state_key_223_192 SIZE=32
V O V o_kdf_drbg_seed_1_state_key_255_224 SIZE=32
V O V o_kdf_drbg_seed_1_state_value_31_0 SIZE=32
V O V o_kdf_drbg_seed_1_state_value_63_32 SIZE=32
V O V o_kdf_drbg_seed_1_state_value_95_64 SIZE=32
V O V o_kdf_drbg_seed_1_state_value_127_96 SIZE=32
V O V o_kdf_drbg_seed_1_reseed_interval_0 SIZE=32
V O V o_kdf_drbg_seed_1_reseed_interval_1 SIZE=16
V O V o_interrupt_status SIZE=5
V O V o_interrupt_mask SIZE=5
V O V o_engine_sticky_status SIZE=8
V O V o_bimc_monitor_mask SIZE=7
V O V o_bimc_ecc_uncorrectable_error_cnt SIZE=32
V O V o_bimc_ecc_correctable_error_cnt SIZE=32
V O V o_bimc_parity_error_cnt SIZE=32
V O V o_bimc_global_config SIZE=32
V O V o_bimc_eccpar_debug SIZE=29
V O V o_bimc_cmd2 SIZE=11
V O V o_bimc_cmd1 SIZE=32
V O V o_bimc_cmd0 SIZE=32
V O V o_bimc_rxcmd2 SIZE=10
V O V o_bimc_rxrsp2 SIZE=10
V O V o_bimc_pollrsp2 SIZE=10
V O V o_bimc_dbgcmd2 SIZE=10
V O V o_im_consumed SIZE=16
V O V o_tready_override SIZE=9
V O V o_regs_sa_ctrl SIZE=32
V O V o_sa_snapshot_ia_wdata_part0 SIZE=32
V O V o_sa_snapshot_ia_wdata_part1 SIZE=32
V O V o_sa_snapshot_ia_config SIZE=9
V O V o_sa_count_ia_wdata_part0 SIZE=32
V O V o_sa_count_ia_wdata_part1 SIZE=32
V O V o_sa_count_ia_config SIZE=9
V O V o_cceip_encrypt_kop_fifo_override SIZE=7
V O V o_cceip_validate_kop_fifo_override SIZE=7
V O V o_cddip_decrypt_kop_fifo_override SIZE=7
V O V o_sa_global_ctrl SIZE=32
V O V o_sa_ctrl_ia_wdata_part0 SIZE=32
V O V o_sa_ctrl_ia_config SIZE=9
V O V o_kdf_test_key_size_config SIZE=32
